500,0.21734775641
1000,0.284354967949
1500,0.358774038462
2000,0.398637820513
2500,0.416967147436
3000,0.453225160256
3500,0.471554487179
4000,0.488982371795
4500,0.496193910256
5000,0.502604166667
5500,0.518329326923
6000,0.548177083333
6500,0.553685897436
7000,0.560296474359
7500,0.563701923077
8000,0.564903846154
8500,0.591947115385
9000,0.591746794872
9500,0.62249599359
10000,0.605368589744
10500,0.622996794872
11000,0.607672275641
11500,0.608974358974
12000,0.61468349359
12500,0.602363782051
13000,0.626101762821
13500,0.621694711538
14000,0.595753205128
14500,0.612379807692
15000,0.610176282051
15500,0.613982371795
16000,0.605969551282
16500,0.617988782051
17000,0.609875801282
17500,0.613181089744
18000,0.599459134615
18500,0.642528044872
19000,0.630608974359
19500,0.640224358974
20000,0.642628205128
20500,0.638521634615
21000,0.631209935897
21500,0.649138621795
22000,0.665064102564
22500,0.654747596154
23000,0.676081730769
23500,0.666967147436
24000,0.672475961538
24500,0.689302884615
25000,0.676181891026
25500,0.675981570513
26000,0.680588942308
26500,0.680889423077
27000,0.705128205128
27500,0.700821314103
28000,0.697516025641
28500,0.699118589744
29000,0.679987980769
29500,0.685797275641
30000,0.674979967949
30500,0.669671474359
31000,0.698617788462
31500,0.682792467949
32000,0.687900641026
32500,0.684595352564
33000,0.688000801282
33500,0.680488782051
34000,0.690905448718
34500,0.681891025641
35000,0.68499599359
35500,0.711037660256
36000,0.702924679487
36500,0.680088141026
37000,0.704827724359
37500,0.697916666667
38000,0.694411057692
38500,0.708233173077
39000,0.687099358974
39500,0.710536858974
40000,0.730769230769
40500,0.70062099359
41000,0.683293269231
41500,0.698217147436
42000,0.719751602564
42500,0.706830929487
43000,0.707131410256
43500,0.708333333333
44000,0.705128205128
44500,0.702123397436
45000,0.712039262821
45500,0.723858173077
46000,0.705028044872
46500,0.697115384615
47000,0.701021634615
47500,0.702123397436
48000,0.717748397436
48500,0.709034455128
49000,0.712139423077
49500,0.709234775641
50000,0.702323717949
50500,0.719951923077
51000,0.709735576923
51500,0.710436698718
52000,0.716446314103
52500,0.713241185897
53000,0.717247596154
53500,0.71624599359
54000,0.719451121795
54500,0.718850160256
55000,0.718950320513
55500,0.718950320513
56000,0.704226762821
56500,0.711638621795
57000,0.709334935897
57500,0.699919871795
58000,0.705829326923
58500,0.711137820513
59000,0.716446314103
59500,0.730568910256
60000,0.717948717949
60500,0.716646634615
61000,0.725661057692
61500,0.707632211538
62000,0.716446314103
62500,0.716045673077
63000,0.721854967949
63500,0.710837339744
64000,0.708533653846
64500,0.701121794872
65000,0.7109375
65500,0.721053685897
66000,0.72796474359
66500,0.714643429487
67000,0.710637019231
67500,0.721153846154
68000,0.713341346154
68500,0.727163461538
69000,0.739883814103
69500,0.711037660256
70000,0.729567307692
70500,0.732071314103
71000,0.731971153846
71500,0.736478365385
72000,0.738782051282
72500,0.744591346154
73000,0.728665865385
73500,0.70172275641
74000,0.719150641026
74500,0.718649839744
75000,0.717047275641
75500,0.715044070513
76000,0.730368589744
76500,0.727664262821
77000,0.730969551282
77500,0.719651442308
78000,0.733673878205
78500,0.723357371795
79000,0.720452724359
79500,0.725961538462
80000,0.729467147436
80500,0.732672275641
81000,0.726662660256
81500,0.718349358974
82000,0.723657852564
82500,0.721554487179
83000,0.723257211538
83500,0.72265625
84000,0.716446314103
84500,0.722455929487
85000,0.718249198718
85500,0.72265625
86000,0.7265625
86500,0.729567307692
87000,0.727664262821
87500,0.727864583333
88000,0.725961538462
88500,0.704226762821
89000,0.730168269231
89500,0.740284455128
90000,0.722455929487
90500,0.737980769231
91000,0.731270032051
91500,0.719250801282
92000,0.728766025641
92500,0.737780448718
93000,0.733072916667
93500,0.738080929487
94000,0.735276442308
94500,0.718649839744
95000,0.717648237179
95500,0.730669070513
96000,0.721754807692
96500,0.728064903846
97000,0.740584935897
97500,0.730769230769
98000,0.740484775641
98500,0.739983974359
99000,0.719951923077
99500,0.731770833333
100000,0.720452724359
100500,0.739583333333
101000,0.740484775641
101500,0.736077724359
102000,0.738982371795
102500,0.734475160256
103000,0.739483173077
103500,0.729166666667
104000,0.729567307692
104500,0.743189102564
105000,0.742487980769
105500,0.732371794872
106000,0.723357371795
106500,0.725560897436
107000,0.734375
107500,0.733974358974
108000,0.739182692308
108500,0.728265224359
109000,0.737279647436
109500,0.730368589744
110000,0.744591346154
110500,0.728165064103
111000,0.750701121795
111500,0.737079326923
112000,0.733473557692
112500,0.735376602564
113000,0.741786858974
113500,0.744591346154
114000,0.742087339744
114500,0.740584935897
115000,0.739182692308
115500,0.74469150641
116000,0.745292467949
116500,0.732371794872
117000,0.741786858974
117500,0.742387820513
118000,0.737379807692
118500,0.734775641026
119000,0.738080929487
119500,0.750901442308
120000,0.757612179487
120500,0.746193910256
121000,0.738181089744
121500,0.736278044872
122000,0.746193910256
122500,0.737980769231
123000,0.732872596154
123500,0.754607371795
124000,0.743790064103
124500,0.733774038462
125000,0.725961538462
125500,0.732471955128
126000,0.734675480769
126500,0.744891826923
127000,0.741386217949
127500,0.739583333333
128000,0.743489583333
128500,0.74749599359
129000,0.751602564103
129500,0.728866185897
130000,0.735276442308
130500,0.734975961538
131000,0.731169871795
131500,0.755809294872
132000,0.750901442308
132500,0.74078525641
133000,0.743689903846
133500,0.762620192308
134000,0.736979166667
134500,0.732772435897
135000,0.734975961538
135500,0.722756410256
136000,0.736478365385
136500,0.742487980769
137000,0.755809294872
137500,0.747696314103
138000,0.759815705128
138500,0.74358974359
139000,0.758513621795
139500,0.761217948718
140000,0.746494391026
140500,0.751101762821
141000,0.749599358974
141500,0.749599358974
142000,0.756109775641
142500,0.738181089744
143000,0.749399038462
143500,0.759415064103
144000,0.741987179487
144500,0.754607371795
145000,0.757712339744
145500,0.756310096154
146000,0.756209935897
146500,0.754807692308
147000,0.748898237179
147500,0.76171875
148000,0.762620192308
148500,0.763721955128
149000,0.75250400641
149500,0.750200320513
150000,0.749899839744
150500,0.764322916667
151000,0.754707532051
151500,0.765725160256
152000,0.754006410256
152500,0.754607371795
153000,0.740885416667
153500,0.759615384615
154000,0.755809294872
154500,0.743990384615
155000,0.749298878205
155500,0.744991987179
156000,0.735076121795
156500,0.747796474359
157000,0.740284455128
157500,0.7578125
158000,0.744591346154
158500,0.742487980769
159000,0.749699519231
159500,0.748397435897
160000,0.746193910256
160500,0.748297275641
161000,0.728766025641
161500,0.757512019231
162000,0.751201923077
162500,0.746694711538
163000,0.749499198718
163500,0.742688301282
164000,0.754807692308
164500,0.749198717949
165000,0.746995192308
165500,0.753205128205
166000,0.744591346154
166500,0.754707532051
167000,0.759715544872
167500,0.750200320513
168000,0.756209935897
168500,0.772235576923
169000,0.7421875
169500,0.751302083333
170000,0.745893429487
170500,0.761418269231
171000,0.74859775641
171500,0.757712339744
172000,0.755608974359
172500,0.743990384615
173000,0.743790064103
173500,0.757311698718
174000,0.760917467949
174500,0.746895032051
175000,0.757912660256
175500,0.750300480769
176000,0.740184294872
176500,0.757011217949
177000,0.765124198718
177500,0.751101762821
178000,0.76812900641
178500,0.762319711538
179000,0.766726762821
179500,0.762219551282
180000,0.753405448718
180500,0.745392628205
181000,0.753205128205
181500,0.752303685897
182000,0.763221153846
182500,0.764122596154
183000,0.745092147436
183500,0.765324519231
184000,0.750600961538
184500,0.755608974359
185000,0.747295673077
185500,0.758112980769
186000,0.754907852564
186500,0.748898237179
187000,0.756209935897
187500,0.761518429487
188000,0.739383012821
188500,0.756109775641
189000,0.749298878205
189500,0.758513621795
190000,0.757912660256
190500,0.756810897436
191000,0.765024038462
191500,0.752103365385
192000,0.748497596154
192500,0.745392628205
193000,0.740484775641
193500,0.746895032051
194000,0.745793269231
194500,0.744791666667
195000,0.745392628205
195500,0.740985576923
196000,0.74469150641
196500,0.755608974359
197000,0.754507211538
197500,0.739883814103
198000,0.749298878205
198500,0.750300480769
199000,0.756710737179
199500,0.765925480769
200000,0.77483974359
200500,0.752003205128
201000,0.749499198718
201500,0.753705929487
202000,0.750901442308
202500,0.762720352564
203000,0.751302083333
203500,0.750100160256
204000,0.753405448718
204500,0.756710737179
205000,0.757211538462
205500,0.76171875
206000,0.756009615385
206500,0.750901442308
207000,0.761418269231
207500,0.755608974359
208000,0.758814102564
208500,0.755108173077
209000,0.760917467949
209500,0.765324519231
210000,0.747095352564
210500,0.748798076923
211000,0.767728365385
211500,0.760116185897
212000,0.760817307692
212500,0.759915865385
213000,0.766025641026
213500,0.755809294872
214000,0.764322916667
214500,0.762019230769
215000,0.771233974359
215500,0.763221153846
216000,0.772536057692
216500,0.755508814103
217000,0.763721955128
217500,0.760016025641
218000,0.757912660256
218500,0.762419871795
219000,0.761919070513
219500,0.756109775641
220000,0.754306891026
220500,0.753505608974
221000,0.760717147436
221500,0.754807692308
222000,0.753205128205
222500,0.759815705128
223000,0.756510416667
223500,0.760116185897
224000,0.75250400641
224500,0.750600961538
225000,0.750901442308
225500,0.757411858974
226000,0.754607371795
226500,0.75921474359
227000,0.758112980769
227500,0.752103365385
228000,0.754507211538
228500,0.74609375
229000,0.74749599359
229500,0.75530849359
230000,0.759715544872
230500,0.761017628205
231000,0.762219551282
231500,0.757411858974
232000,0.75641025641
232500,0.7578125
233000,0.769831730769
233500,0.757211538462
234000,0.771834935897
234500,0.754607371795
235000,0.751602564103
235500,0.754106570513
236000,0.766626602564
236500,0.762820512821
237000,0.763922275641
237500,0.757411858974
238000,0.764623397436
238500,0.767628205128
239000,0.753405448718
239500,0.771033653846
240000,0.763321314103
240500,0.748297275641
241000,0.755809294872
241500,0.753004807692
242000,0.757712339744
242500,0.762720352564
243000,0.754407051282
243500,0.764723557692
244000,0.764623397436
244500,0.752403846154
245000,0.760016025641
245500,0.75390625
246000,0.762920673077
246500,0.757011217949
247000,0.765524839744
247500,0.751101762821
248000,0.759114583333
248500,0.76031650641
249000,0.755909455128
249500,0.7578125
250000,0.756510416667
250500,0.764623397436
251000,0.760616987179
251500,0.763922275641
252000,0.754807692308
252500,0.762119391026
253000,0.761418269231
253500,0.759314903846
254000,0.762620192308
254500,0.754306891026
255000,0.759815705128
255500,0.766826923077
256000,0.758112980769
256500,0.7734375
257000,0.780548878205
257500,0.758513621795
258000,0.767728365385
258500,0.759314903846
259000,0.76702724359
259500,0.769731570513
260000,0.754707532051
260500,0.763421474359
261000,0.761318108974
261500,0.761017628205
262000,0.767127403846
262500,0.768329326923
263000,0.759815705128
263500,0.763721955128
264000,0.77203525641
264500,0.765124198718
265000,0.765725160256
265500,0.77203525641
266000,0.762119391026
266500,0.766225961538
267000,0.775240384615
267500,0.771334134615
268000,0.767728365385
268500,0.771834935897
269000,0.762319711538
269500,0.768529647436
270000,0.767628205128
270500,0.751802884615
271000,0.767728365385
271500,0.75921474359
272000,0.757011217949
272500,0.756109775641
273000,0.766025641026
273500,0.757211538462
274000,0.758814102564
274500,0.758112980769
275000,0.765424679487
275500,0.770633012821
276000,0.763321314103
276500,0.763621794872
277000,0.76031650641
277500,0.763721955128
278000,0.770733173077
278500,0.769130608974
279000,0.760416666667
279500,0.770132211538
280000,0.758012820513
280500,0.756510416667
281000,0.762720352564
281500,0.759515224359
282000,0.763221153846
282500,0.775540865385
283000,0.771935096154
283500,0.771033653846
284000,0.764122596154
284500,0.763221153846
285000,0.767427884615
285500,0.77483974359
286000,0.760817307692
286500,0.768429487179
287000,0.766225961538
287500,0.774238782051
288000,0.775040064103
288500,0.753505608974
289000,0.757011217949
289500,0.762119391026
290000,0.768729967949
290500,0.759415064103
291000,0.760116185897
291500,0.767427884615
292000,0.76953125
292500,0.770633012821
293000,0.762620192308
293500,0.774439102564
294000,0.766326121795
294500,0.766726762821
295000,0.765725160256
295500,0.761017628205
296000,0.768729967949
296500,0.766326121795
297000,0.75641025641
297500,0.758313301282
298000,0.773237179487
298500,0.782952724359
299000,0.766225961538
299500,0.763321314103
300000,0.768028846154
300500,0.771434294872
301000,0.769330929487
301500,0.760516826923
302000,0.768429487179
302500,0.76171875
303000,0.762119391026
303500,0.765424679487
304000,0.762620192308
304500,0.763221153846
305000,0.770332532051
305500,0.76953125
306000,0.764723557692
306500,0.775540865385
307000,0.774439102564
307500,0.782351762821
308000,0.777844551282
308500,0.766326121795
309000,0.759615384615
309500,0.766426282051
310000,0.770132211538
310500,0.76953125
311000,0.766826923077
311500,0.765224358974
312000,0.779947916667
312500,0.786458333333
313000,0.765825320513
313500,0.767127403846
314000,0.761017628205
314500,0.766326121795
315000,0.766225961538
315500,0.76702724359
316000,0.773036858974
316500,0.77093349359
317000,0.764523237179
317500,0.766025641026
318000,0.758814102564
318500,0.760616987179
319000,0.761919070513
319500,0.765224358974
320000,0.760016025641
320500,0.767127403846
321000,0.764423076923
321500,0.773938301282
322000,0.772836538462
322500,0.774238782051
323000,0.775440705128
323500,0.77203525641
324000,0.772435897436
324500,0.771935096154
325000,0.766025641026
325500,0.764423076923
326000,0.765224358974
326500,0.761618589744
327000,0.756810897436
327500,0.773036858974
328000,0.785456730769
328500,0.775440705128
329000,0.762419871795
329500,0.771033653846
330000,0.778145032051
330500,0.77594150641
331000,0.768329326923
331500,0.774038461538
332000,0.766927083333
332500,0.75641025641
333000,0.768729967949
333500,0.763321314103
334000,0.770532852564
334500,0.761117788462
335000,0.779046474359
335500,0.772235576923
336000,0.782451923077
336500,0.772636217949
337000,0.764322916667
337500,0.773337339744
338000,0.767427884615
338500,0.769130608974
339000,0.769631410256
339500,0.768429487179
340000,0.771133814103
340500,0.772335737179
341000,0.773537660256
341500,0.768229166667
342000,0.771033653846
342500,0.76702724359
343000,0.771534455128
343500,0.769831730769
344000,0.765424679487
344500,0.769130608974
345000,0.772736378205
345500,0.773938301282
346000,0.780749198718
346500,0.779547275641
347000,0.770532852564
347500,0.773237179487
348000,0.777143429487
348500,0.76812900641
349000,0.766426282051
349500,0.765825320513
350000,0.774439102564
350500,0.768529647436
351000,0.777944711538
351500,0.775340544872
352000,0.784955929487
352500,0.785857371795
353000,0.772936698718
353500,0.773938301282
354000,0.770432692308
354500,0.784755608974
355000,0.777443910256
355500,0.775340544872
356000,0.781350160256
356500,0.770833333333
357000,0.774939903846
357500,0.770032051282
358000,0.765224358974
358500,0.770532852564
359000,0.781550480769
359500,0.771634615385
360000,0.769631410256
360500,0.776342147436
361000,0.776943108974
361500,0.776943108974
362000,0.774939903846
362500,0.770332532051
363000,0.765024038462
363500,0.780248397436
364000,0.765825320513
364500,0.765424679487
365000,0.778645833333
365500,0.766826923077
366000,0.778846153846
366500,0.769230769231
367000,0.771233974359
367500,0.77203525641
368000,0.775841346154
368500,0.774439102564
369000,0.780548878205
369500,0.770633012821
370000,0.761818910256
370500,0.763521634615
371000,0.770132211538
371500,0.773938301282
372000,0.768629807692
372500,0.772736378205
373000,0.766626602564
373500,0.766326121795
374000,0.765424679487
374500,0.774939903846
375000,0.773838141026
375500,0.766927083333
376000,0.782051282051
376500,0.767127403846
377000,0.769831730769
377500,0.775440705128
378000,0.770833333333
378500,0.771634615385
379000,0.770132211538
379500,0.772936698718
380000,0.774739583333
380500,0.77203525641
381000,0.765625
381500,0.763020833333
382000,0.769330929487
382500,0.773137019231
383000,0.779146634615
383500,0.776342147436
384000,0.784455128205
384500,0.768229166667
385000,0.769431089744
385500,0.771233974359
386000,0.764122596154
386500,0.775340544872
387000,0.777744391026
387500,0.777143429487
388000,0.763721955128
388500,0.776542467949
389000,0.77874599359
389500,0.777744391026
390000,0.768830128205
390500,0.772636217949
391000,0.782051282051
391500,0.780749198718
392000,0.775340544872
392500,0.774338942308
393000,0.77203525641
393500,0.770733173077
394000,0.775841346154
394500,0.770532852564
395000,0.774338942308
395500,0.769631410256
396000,0.773838141026
396500,0.771634615385
397000,0.763621794872
397500,0.779947916667
398000,0.76953125
398500,0.775641025641
399000,0.771935096154
399500,0.771935096154
400000,0.772335737179
400500,0.778846153846
401000,0.770432692308
401500,0.775641025641
402000,0.770332532051
402500,0.780548878205
403000,0.774939903846
403500,0.76812900641
404000,0.765725160256
404500,0.771033653846
405000,0.780649038462
405500,0.7734375
406000,0.778345352564
406500,0.770332532051
407000,0.777544070513
407500,0.779046474359
408000,0.77734375
408500,0.779647435897
409000,0.778145032051
409500,0.774939903846
410000,0.773838141026
410500,0.771133814103
411000,0.771734775641
411500,0.782451923077
412000,0.773237179487
412500,0.771634615385
413000,0.774739583333
413500,0.769130608974
414000,0.778946314103
414500,0.769030448718
415000,0.764823717949
415500,0.766326121795
416000,0.773938301282
416500,0.769631410256
417000,0.764523237179
417500,0.773337339744
418000,0.768629807692
418500,0.774238782051
419000,0.769631410256
419500,0.771033653846
420000,0.775040064103
420500,0.766025641026
421000,0.773737980769
421500,0.780548878205
422000,0.778445512821
422500,0.768028846154
423000,0.776041666667
423500,0.778645833333
424000,0.773838141026
424500,0.770432692308
425000,0.772936698718
425500,0.774038461538
426000,0.773737980769
426500,0.772135416667
427000,0.772135416667
427500,0.76702724359
428000,0.77594150641
428500,0.768028846154
429000,0.777944711538
429500,0.774138621795
430000,0.779146634615
430500,0.775140224359
