500,0.355300001808
1000,0.469100001007
1500,0.590299999893
2000,0.624500000238
2500,0.722099999189
3000,0.702100000381
3500,0.769900001287
4000,0.797800001383
4500,0.801900002122
5000,0.823800000787
5500,0.83259999907
6000,0.799700002313
6500,0.846299999475
7000,0.836000001073
7500,0.867399999261
8000,0.860899998426
8500,0.870199998021
9000,0.872299998164
9500,0.885999997854
10000,0.882499996543
10500,0.867499997854
11000,0.891199996948
11500,0.893199996233
12000,0.8898999964
12500,0.911099994302
13000,0.905399994731
13500,0.907899994493
14000,0.879899997354
14500,0.903599994183
15000,0.915299993515
15500,0.878299998999
16000,0.866099999189
16500,0.905899994612
17000,0.90539999485
17500,0.90849999547
18000,0.900499994874
18500,0.913499994636
19000,0.906899995923
19500,0.921299993396
20000,0.928599992871
20500,0.929599991798
21000,0.933999993443
21500,0.929699992776
22000,0.935799992323
22500,0.92909999311
23000,0.932699994445
23500,0.915399995565
24000,0.933299991965
24500,0.935099991441
25000,0.933299992323
25500,0.937699991941
26000,0.941799993038
26500,0.93909999311
27000,0.945499992371
27500,0.93819999218
28000,0.938299991608
28500,0.947599992514
29000,0.946799992323
29500,0.943099992394
30000,0.942799992681
30500,0.949199992657
31000,0.948499993086
31500,0.943799993277
32000,0.937899993181
32500,0.949099992514
33000,0.944999991298
33500,0.948299993634
34000,0.948699992776
34500,0.950299992561
35000,0.949599992752
35500,0.948799992323
36000,0.944799992442
36500,0.94339999187
37000,0.953899992108
37500,0.948699991941
38000,0.953699993253
38500,0.950199993253
39000,0.94949999249
39500,0.952199992895
40000,0.952499992251
40500,0.953699991941
41000,0.9538999933
41500,0.954499993086
42000,0.956199992776
42500,0.954699993372
43000,0.956699993491
43500,0.955599992752
44000,0.949799991965
44500,0.95599999249
45000,0.954099993467
45500,0.955299992561
46000,0.954199992537
46500,0.955199993491
47000,0.9572999928
47500,0.952199993134
48000,0.952399992108
48500,0.952299993157
49000,0.956999992728
49500,0.954899992228
50000,0.95739999342
50500,0.955399992824
51000,0.956899992466
51500,0.957999992013
52000,0.954999993324
52500,0.955099992394
53000,0.958799993634
53500,0.958899992704
54000,0.957299993277
54500,0.955899992824
55000,0.956599993467
55500,0.958699993014
56000,0.954999993086
56500,0.962199993014
57000,0.957999992609
57500,0.95899999392
58000,0.9617999928
58500,0.960499993086
59000,0.958399993658
59500,0.957899993658
60000,0.961299992681
60500,0.962199993372
61000,0.957499993086
61500,0.961699992776
62000,0.958599992275
62500,0.958799993515
63000,0.961299994111
63500,0.960899992824
64000,0.959999992847
64500,0.95699999249
65000,0.959299993515
65500,0.958599992752
66000,0.962599993587
66500,0.963099993467
67000,0.960299992919
67500,0.959599993348
68000,0.9603999933
68500,0.961699993372
69000,0.960899993181
69500,0.961799993515
70000,0.961399992824
70500,0.965399993658
71000,0.960299993753
71500,0.961399993181
72000,0.960399992943
72500,0.962199993134
73000,0.961299993396
73500,0.963999993682
74000,0.961099992871
74500,0.9627999928
75000,0.96099999249
75500,0.959599993229
76000,0.960399992585
76500,0.961899992824
77000,0.959699992895
77500,0.961499993563
78000,0.962999993563
78500,0.961999993801
79000,0.962899993181
79500,0.964899993658
80000,0.96199999392
80500,0.963099993944
81000,0.96329999423
81500,0.961999992967
82000,0.960599993348
82500,0.962099993587
83000,0.962799993634
83500,0.960999992967
84000,0.965199993372
84500,0.959299992561
85000,0.961299993157
85500,0.960999993443
86000,0.961399993062
86500,0.966299993992
87000,0.961999993205
87500,0.960699993134
88000,0.9607999928
88500,0.962299993038
89000,0.964199993014
89500,0.962999993086
90000,0.961699993134
90500,0.961399992585
91000,0.962799993396
91500,0.961899993181
92000,0.963999993205
92500,0.963299993038
93000,0.961799993515
93500,0.961799994111
94000,0.96109999311
94500,0.962899993658
95000,0.962899992585
95500,0.963399992824
96000,0.962299993396
96500,0.960599994183
97000,0.962999993801
97500,0.963399993658
98000,0.963999993563
98500,0.96049999249
99000,0.962399993181
99500,0.962199993491
100000,0.962199993253
100500,0.961699993134
101000,0.959999992967
101500,0.961899994135
102000,0.961699992895
102500,0.961999992847
103000,0.9632999928
103500,0.961699993014
104000,0.964399993062
104500,0.961699993491
105000,0.96419999373
105500,0.96339999342
106000,0.960199992657
106500,0.964199993849
107000,0.961999992847
107500,0.964699993372
108000,0.96339999342
108500,0.9618999933
109000,0.961899993896
109500,0.96519999373
110000,0.963199992776
110500,0.96059999311
111000,0.963099992871
111500,0.962099993825
112000,0.961399993777
112500,0.961499992967
113000,0.964199993134
113500,0.963099993825
114000,0.96109999311
114500,0.963499993086
115000,0.95889999187
115500,0.963499993086
116000,0.963599992871
116500,0.961099993944
117000,0.964499993205
117500,0.962299993277
118000,0.96459999311
118500,0.964299993277
119000,0.961899993181
119500,0.96299999392
120000,0.961499993086
120500,0.964499993801
121000,0.96159999311
121500,0.964199993014
122000,0.962099993467
122500,0.964599993348
123000,0.959799993873
123500,0.962799993038
124000,0.965199993491
124500,0.962499993086
125000,0.963199993849
125500,0.959999993324
126000,0.960999992967
126500,0.96209999311
127000,0.961499993205
127500,0.960999993205
128000,0.963599993229
128500,0.964799993753
129000,0.962699993014
129500,0.962199993849
130000,0.964299993515
130500,0.963699993134
131000,0.96209999299
131500,0.963799993277
132000,0.962099993229
132500,0.962999993801
133000,0.962299992681
133500,0.963699992895
134000,0.962599993825
134500,0.96159999299
135000,0.960099992514
135500,0.963799993038
136000,0.963799993396
136500,0.961999993324
137000,0.961999992967
137500,0.960399993539
138000,0.9648999933
138500,0.961499993563
139000,0.96249999404
139500,0.962099993229
140000,0.964799993396
140500,0.966199993372
141000,0.962999992967
141500,0.96279999423
142000,0.962999993443
142500,0.961499992728
143000,0.9602999928
143500,0.964099993467
144000,0.962299993157
144500,0.963299993038
145000,0.963699994087
145500,0.96209999299
146000,0.9638999933
146500,0.964799993157
147000,0.96209999299
147500,0.959799993634
148000,0.962799993038
148500,0.960699992895
149000,0.962299993873
149500,0.963199993014
150000,0.960199992537
150500,0.964799993992
151000,0.962199993968
151500,0.9622999928
152000,0.96199999392
152500,0.964999992967
153000,0.96319999373
153500,0.96469999361
154000,0.964099993467
154500,0.963499993086
155000,0.96599999392
155500,0.961399992585
156000,0.959799992323
156500,0.962199993491
157000,0.962299993038
157500,0.962099993348
158000,0.963599993467
158500,0.962699992418
159000,0.963499992609
159500,0.964499993682
160000,0.960799993634
160500,0.960199992776
161000,0.961099992752
161500,0.964299993992
162000,0.963699993014
162500,0.960899992704
163000,0.965799993753
163500,0.962799993277
164000,0.962499993443
164500,0.962799993277
165000,0.963799992561
165500,0.962199992895
166000,0.965499993563
166500,0.964899993539
167000,0.961699993134
167500,0.9618999933
168000,0.961899993896
168500,0.961699993372
169000,0.962599993229
169500,0.962699992657
170000,0.961999993324
170500,0.963299993515
171000,0.962799993157
171500,0.963599992394
172000,0.962799993515
172500,0.96389999342
173000,0.963299993634
173500,0.965599993467
174000,0.961699993372
174500,0.960099992871
175000,0.964299993038
175500,0.961699992537
176000,0.964799993873
176500,0.962399993181
177000,0.963599993229
177500,0.964899992824
178000,0.964499993563
178500,0.964099994063
179000,0.963899993777
179500,0.959499992609
180000,0.962499992609
180500,0.962799992323
181000,0.963699993134
181500,0.962799993396
182000,0.961499993086
182500,0.962199993253
183000,0.958799993634
183500,0.96259999299
184000,0.964199993014
184500,0.964599993467
185000,0.960599992037
185500,0.960599993467
186000,0.963599992871
186500,0.963599993944
187000,0.965599993587
187500,0.96249999404
188000,0.963599992633
188500,0.96349999392
189000,0.964199993134
189500,0.964099993348
190000,0.961999993324
190500,0.96519999373
191000,0.963699993491
191500,0.960299992919
192000,0.963899993539
192500,0.960499992967
193000,0.965099994421
193500,0.964499993086
194000,0.963099993587
194500,0.963899992824
195000,0.960299993157
195500,0.962199992776
196000,0.963099993706
196500,0.96169999373
197000,0.961999994278
197500,0.962199993253
198000,0.963099993944
198500,0.9598999933
199000,0.964499993086
199500,0.964099993229
200000,0.963299993634
200500,0.964199993968
201000,0.960799993157
201500,0.962699993253
202000,0.96359999311
202500,0.962199993253
203000,0.963099993229
203500,0.963099993587
204000,0.9643999933
204500,0.964599993467
205000,0.962399992704
205500,0.959299993038
206000,0.960699992418
206500,0.960499992728
207000,0.958899993062
207500,0.963899992704
208000,0.962899992704
208500,0.963999993443
209000,0.961099992871
209500,0.963199993134
210000,0.96459999299
210500,0.963699993134
211000,0.963699993134
211500,0.961699992776
212000,0.962699993372
212500,0.961099993587
213000,0.963399993777
213500,0.964199994087
214000,0.96549999404
214500,0.965099994063
215000,0.9638999933
215500,0.964499992728
216000,0.964599993944
216500,0.963999993086
217000,0.965599993348
217500,0.961899993181
218000,0.964499993563
218500,0.964399993062
219000,0.962299993396
219500,0.965299993873
220000,0.963199992418
220500,0.963699994922
221000,0.963299993515
221500,0.964099993348
222000,0.963299993277
222500,0.963399994373
223000,0.962799993157
223500,0.9592999928
224000,0.963499993205
224500,0.964699993372
225000,0.96109999299
225500,0.963599993348
226000,0.962699993253
226500,0.962499993205
227000,0.961599992752
227500,0.965999993563
228000,0.962399993539
228500,0.961499993086
229000,0.964799993038
229500,0.9602999928
230000,0.959799993277
230500,0.963199992657
231000,0.962299993157
231500,0.962399993658
232000,0.962199993372
232500,0.962299993396
233000,0.961399992704
233500,0.96159999311
234000,0.960499993086
234500,0.965499993801
235000,0.963699993849
235500,0.963199993968
236000,0.966199993372
236500,0.962999992967
237000,0.9628999933
237500,0.963799992919
238000,0.962699993372
238500,0.963799993277
239000,0.962899993181
239500,0.963599993229
240000,0.962799993157
240500,0.963199993134
241000,0.961699993134
241500,0.965199993014
242000,0.964199993372
242500,0.9633999933
243000,0.963799993992
243500,0.962499993205
244000,0.962899992824
244500,0.962599993229
245000,0.963099993229
245500,0.962299993873
246000,0.964599993587
246500,0.963499993801
247000,0.965799993753
247500,0.962499993205
248000,0.96549999392
248500,0.96209999299
249000,0.962799993515
249500,0.959399992704
250000,0.963899992824
250500,0.962999993205
251000,0.963099992871
251500,0.964099994063
252000,0.962099993229
252500,0.963899993181
253000,0.96469999361
253500,0.963599993587
254000,0.964799993515
254500,0.960499993086
255000,0.96599999404
255500,0.96309999299
256000,0.962499993801
256500,0.96349999392
257000,0.96369999373
257500,0.962799993277
258000,0.962599993587
258500,0.963799993277
259000,0.964399994016
259500,0.963899993658
260000,0.963599993825
260500,0.962499993443
261000,0.964299993157
261500,0.963399993539
262000,0.964099993467
262500,0.962499993086
263000,0.96169999373
263500,0.962599993229
264000,0.963799994349
264500,0.963899992943
265000,0.963599993587
265500,0.962999993086
266000,0.960099994421
266500,0.959899993181
267000,0.962499993801
267500,0.963099994063
268000,0.960599994302
268500,0.96389999342
269000,0.96559999299
269500,0.960999993443
270000,0.96369999373
270500,0.960599992752
271000,0.963499993324
271500,0.963299993277
272000,0.962899993539
272500,0.96469999373
273000,0.96169999373
273500,0.966099994183
274000,0.96369999361
274500,0.964299993753
275000,0.96449999392
275500,0.963399992466
276000,0.96209999299
276500,0.962799994111
277000,0.96319999361
277500,0.961899993181
278000,0.964699992537
278500,0.962499993563
279000,0.962399993896
279500,0.964299993753
280000,0.967299993515
280500,0.96169999373
281000,0.962799993873
281500,0.962099993944
282000,0.962899992943
282500,0.964599993587
283000,0.960299993873
283500,0.963899993539
284000,0.961899993658
284500,0.963999993563
285000,0.960199993014
285500,0.962699994087
286000,0.965499993801
286500,0.964599994183
287000,0.961799993753
287500,0.964299993634
288000,0.964199992895
288500,0.95919999373
289000,0.96019999361
289500,0.96199999392
290000,0.962599993587
290500,0.963299993515
291000,0.963099993348
291500,0.963399993062
292000,0.964499993563
292500,0.961599993706
293000,0.960199993968
293500,0.966599993706
294000,0.96279999423
294500,0.963699993491
295000,0.962999993443
295500,0.96319999361
296000,0.961899992585
296500,0.966499993324
297000,0.961099993229
297500,0.963499993563
298000,0.964399993062
298500,0.96159999299
299000,0.962799993277
299500,0.963399993539
300000,0.960699992895
300500,0.963099993587
301000,0.963999993563
301500,0.958999992967
302000,0.964199993134
302500,0.965099993229
303000,0.963899993777
303500,0.957899992466
304000,0.964599993587
304500,0.965299994111
305000,0.960999992847
305500,0.964099993348
306000,0.964199994087
306500,0.964099993348
307000,0.963399992824
307500,0.962399993539
308000,0.962099992394
308500,0.965399993539
309000,0.962199992776
309500,0.963799993396
310000,0.963699993253
310500,0.966099993944
311000,0.96139999342
311500,0.964899993777
312000,0.962899993539
312500,0.963999993682
313000,0.966299993873
313500,0.961899992585
314000,0.963899992943
314500,0.962599993229
315000,0.965799993396
315500,0.962599992633
316000,0.965099993706
316500,0.964299993753
317000,0.964399992943
317500,0.963799992561
318000,0.962999993443
318500,0.959599992752
319000,0.964499993563
319500,0.962899992943
320000,0.961499993563
320500,0.964299993038
321000,0.963999993563
321500,0.961299992561
322000,0.963899992704
322500,0.962199994326
323000,0.965199993134
323500,0.962099993229
324000,0.966099993706
324500,0.963199993491
325000,0.962299993277
325500,0.961799993753
326000,0.961899993062
326500,0.962199993968
327000,0.961399994373
327500,0.96499999404
328000,0.965399993777
328500,0.961999992609
329000,0.963999993801
329500,0.966499993443
330000,0.96289999342
330500,0.962999992967
331000,0.96269999373
331500,0.963999993682
332000,0.9653999933
332500,0.962399993896
333000,0.966299993753
333500,0.960799993038
334000,0.963099993467
334500,0.964199992895
335000,0.965799994111
335500,0.961399993539
336000,0.964799993634
336500,0.962399993777
337000,0.96499999404
337500,0.959399992824
338000,0.963399992347
338500,0.962799993396
339000,0.961999993324
339500,0.962799993515
340000,0.961699993253
340500,0.964499993443
341000,0.963899993062
341500,0.964899994016
342000,0.964799993157
342500,0.96449999404
343000,0.962999993563
343500,0.964199993253
344000,0.963299993157
344500,0.9627999928
345000,0.964199993491
345500,0.9628999933
346000,0.965399993539
346500,0.964099993229
347000,0.962199993014
347500,0.965099993348
348000,0.961199992895
348500,0.963799993992
349000,0.962499992371
349500,0.9602999928
350000,0.961699993372
350500,0.96309999299
351000,0.960599992514
351500,0.964299993157
352000,0.962899994016
352500,0.962499994159
353000,0.960999993324
353500,0.962699993253
354000,0.961499993205
354500,0.963299993277
355000,0.961999993086
355500,0.963499993324
356000,0.962899993539
356500,0.963199993372
357000,0.96409999299
357500,0.960999993324
358000,0.963299993873
358500,0.96659999299
359000,0.961099993467
359500,0.962199992895
360000,0.964599992752
360500,0.962499993443
361000,0.962599993229
361500,0.964499993205
362000,0.962899993062
362500,0.964199993253
363000,0.961399992943
363500,0.964599994183
364000,0.961399993896
364500,0.963899994016
365000,0.964399993539
365500,0.96339999342
366000,0.959699993253
366500,0.962399992466
367000,0.963899992824
367500,0.96099999392
368000,0.963899993658
368500,0.964099993467
369000,0.962399993181
369500,0.963699993491
370000,0.963999994278
370500,0.962799993515
371000,0.963399993181
371500,0.965999994159
372000,0.964199993968
372500,0.963399993658
373000,0.961699993491
373500,0.963299993277
374000,0.96209999311
374500,0.964099993348
375000,0.9643999933
375500,0.961999992728
376000,0.9627999928
376500,0.962599993587
377000,0.965099993825
377500,0.961999993324
378000,0.960399992108
378500,0.961599993467
379000,0.964399993181
379500,0.96339999342
380000,0.964799992561
380500,0.963499992847
381000,0.960499992609
381500,0.965099993587
382000,0.961899993777
382500,0.962699992895
383000,0.962099992871
383500,0.963599994183
384000,0.96159999311
384500,0.964299993753
385000,0.964099993944
385500,0.965299993396
386000,0.963299992561
386500,0.961899992824
387000,0.964799994111
387500,0.963099993706
388000,0.962199993134
388500,0.965899993896
389000,0.963899993539
389500,0.963499993324
390000,0.962099993348
390500,0.962099993348
391000,0.960499993682
391500,0.96169999361
392000,0.960099993587
392500,0.960899994254
393000,0.962799994111
393500,0.963399992585
394000,0.963799993396
394500,0.964099993706
395000,0.961699994087
395500,0.963099993587
396000,0.964099993229
396500,0.963199993253
397000,0.963999993801
397500,0.963599992633
398000,0.961999992967
398500,0.962699993014
399000,0.961999993682
399500,0.961999993443
400000,0.962499993086
400500,0.965299993396
401000,0.961199992895
401500,0.9663999933
402000,0.962499993443
402500,0.963099992752
403000,0.96399999404
403500,0.964099993825
404000,0.961199993491
404500,0.9628999933
405000,0.963099993467
405500,0.962099992752
406000,0.961599992633
406500,0.962599992871
407000,0.963699993491
407500,0.962099993706
408000,0.9643999933
408500,0.96269999361
409000,0.963999993443
409500,0.964999993443
410000,0.962499992967
410500,0.963199993849
411000,0.962899993062
411500,0.965299993038
412000,0.958299992561
412500,0.96439999342
413000,0.960099993587
413500,0.965199993253
414000,0.964299993515
414500,0.9623999933
415000,0.965799993634
415500,0.962499993443
416000,0.96259999299
416500,0.961899992943
417000,0.964099994421
417500,0.962799993515
418000,0.958599992275
418500,0.961299993634
419000,0.962899993539
419500,0.960899992585
420000,0.961499993086
420500,0.963399993777
421000,0.966599993467
421500,0.961799993038
422000,0.963599993467
422500,0.962099992037
423000,0.964199992895
423500,0.963999993443
424000,0.962499993324
424500,0.96319999373
425000,0.962099992871
425500,0.96559999454
426000,0.964599993587
426500,0.964399993777
427000,0.962299992919
427500,0.961399993658
428000,0.963899994016
428500,0.963599993587
429000,0.96219999361
429500,0.963299993038
430000,0.962599993467
430500,0.961599992871
431000,0.961299993634
431500,0.961899992704
432000,0.964499993563
432500,0.961899993062
433000,0.963599993229
433500,0.963799993277
434000,0.963799993038
434500,0.963899993062
435000,0.962099993467
435500,0.962399993062
436000,0.963199993491
436500,0.962399993539
437000,0.961699993253
437500,0.962099993467
438000,0.963699993968
438500,0.964899993896
439000,0.966299993634
439500,0.964399992943
440000,0.962399992824
440500,0.962899994135
441000,0.963299993396
441500,0.962899992824
442000,0.961399992943
442500,0.963199993968
443000,0.963999992847
443500,0.962999993443
444000,0.963499993086
444500,0.96519999373
445000,0.962599993229
445500,0.961999993682
446000,0.962899993181
446500,0.964199993491
447000,0.962999993086
447500,0.962599993587
448000,0.960599993348
448500,0.9633999933
449000,0.962399993658
449500,0.963999993443
450000,0.96469999373
450500,0.961699993372
451000,0.962999993324
451500,0.962799993157
452000,0.965399994373
452500,0.962699993253
453000,0.960199993014
453500,0.963799993515
454000,0.961599993467
454500,0.963599993229
455000,0.963999993443
455500,0.964799993038
456000,0.964199993849
456500,0.964299993396
457000,0.960899993777
457500,0.962299992561
458000,0.962199993491
458500,0.961999993443
459000,0.959899992585
459500,0.963999993563
460000,0.96199999392
460500,0.963799993873
461000,0.961699993849
461500,0.963699993372
462000,0.960499993563
462500,0.965199993134
463000,0.963999993563
463500,0.9637999928
464000,0.961399992943
464500,0.964199993968
465000,0.961199993253
465500,0.962099992633
466000,0.9633999933
466500,0.962299993396
467000,0.961399993062
467500,0.964399994135
468000,0.963299993277
468500,0.963599993348
469000,0.963499993682
469500,0.964599993229
470000,0.964199993968
470500,0.961899992466
471000,0.964699993968
471500,0.962199993491
472000,0.961599993229
472500,0.964499993801
473000,0.961099993467
473500,0.964099993348
474000,0.962099993348
474500,0.963599992633
475000,0.962499993086
475500,0.962299993157
476000,0.964099993348
476500,0.962299992681
477000,0.961999993443
477500,0.960999994159
478000,0.96219999373
478500,0.965599993587
479000,0.961399993658
479500,0.9622999928
480000,0.962499993205
480500,0.96369999361
481000,0.962499992847
481500,0.96109999299
482000,0.959599992871
482500,0.963799993753
483000,0.963999993682
483500,0.961699993134
484000,0.961899993539
484500,0.963199993014
485000,0.962099993467
485500,0.961199992418
486000,0.962499992609
486500,0.9612999928
487000,0.964199993253
487500,0.964899994373
488000,0.962499993443
488500,0.963699993491
489000,0.962199993253
489500,0.961299993634
490000,0.964899992943
490500,0.965599993348
491000,0.962699993014
491500,0.963799993157
492000,0.96339999342
492500,0.962699993014
493000,0.961399993539
493500,0.960199993014
494000,0.964199993014
494500,0.964699993134
495000,0.961899992943
495500,0.96099999392
496000,0.963099993706
496500,0.96129999423
497000,0.962399992704
497500,0.963199992776
498000,0.963799993396
498500,0.961099993348
499000,0.963999993443
499500,0.964099992871
