500,0.283800002314
1000,0.434000000581
1500,0.50050000155
2000,0.574800000846
2500,0.63510000056
3000,0.647300001025
3500,0.697199999869
4000,0.71969999975
4500,0.772300000191
5000,0.787600002348
5500,0.786500001073
6000,0.813500002146
6500,0.77660000062
7000,0.790000003159
7500,0.828400002003
8000,0.858400000691
8500,0.849499999762
9000,0.877499998093
9500,0.871799999714
10000,0.881799996614
10500,0.886099997759
11000,0.886399997115
11500,0.879199997425
12000,0.881499997616
12500,0.88999999702
13000,0.89829999578
13500,0.896599996924
14000,0.901199995756
14500,0.900899994135
15000,0.908899995327
15500,0.911399995446
16000,0.896899995685
16500,0.922599992037
17000,0.922299993753
17500,0.910599993706
18000,0.901699994922
18500,0.911699994445
19000,0.931299993634
19500,0.931899992704
20000,0.928399993539
20500,0.928299994349
21000,0.925999992609
21500,0.9313999933
22000,0.913099994183
22500,0.913499994397
23000,0.922199993253
23500,0.935199992657
24000,0.935899993658
24500,0.940699992776
25000,0.934899992704
25500,0.934999992609
26000,0.937499992013
26500,0.935899992585
27000,0.907499994278
27500,0.935599993348
28000,0.941299993038
28500,0.926499993086
29000,0.939799992561
29500,0.941399992228
30000,0.9343999933
30500,0.940899992704
31000,0.943799993157
31500,0.938999991536
32000,0.932499992371
32500,0.926499993086
33000,0.937499992132
33500,0.940199992299
34000,0.933899992466
34500,0.937399993181
35000,0.942799992919
35500,0.944099991798
36000,0.942999991655
36500,0.943499992609
37000,0.943799992085
37500,0.946699993014
38000,0.947999992609
38500,0.945999992728
39000,0.939599992275
39500,0.938599992514
40000,0.950899992824
40500,0.952099992156
41000,0.95299999249
41500,0.950499992371
42000,0.948399991751
42500,0.949699991822
43000,0.952699993372
43500,0.950299992681
44000,0.950699992657
44500,0.952799992085
45000,0.953799992561
45500,0.95359999299
46000,0.957399993181
46500,0.954299993634
47000,0.955399992824
47500,0.953399992585
48000,0.953799992681
48500,0.954999992967
49000,0.955199992776
49500,0.955899992704
50000,0.957099993348
50500,0.958299993634
51000,0.951199993134
51500,0.956999991894
52000,0.953599993467
52500,0.955699993014
53000,0.953999992967
53500,0.955299993038
54000,0.956299992561
54500,0.954699992299
55000,0.95699999249
55500,0.954999993205
56000,0.95639999342
56500,0.956299992919
57000,0.953799992204
57500,0.95509999311
58000,0.957399992943
58500,0.961299993396
59000,0.956499993563
59500,0.956599992871
60000,0.954899992466
60500,0.955899992824
61000,0.95919999218
61500,0.957199994564
62000,0.955799992323
62500,0.95789999342
63000,0.960199992776
63500,0.95719999218
64000,0.959199992061
64500,0.954299992561
65000,0.957699992776
65500,0.954899992943
66000,0.95789999342
66500,0.959299992681
67000,0.959299992919
67500,0.956899992704
68000,0.955399993062
68500,0.956399992228
69000,0.954999992371
69500,0.959899992466
70000,0.95869999361
70500,0.958399993658
71000,0.9587999928
71500,0.957599992633
72000,0.959299993515
72500,0.958299992681
73000,0.957499992847
73500,0.957199992776
74000,0.9567999928
74500,0.95869999373
75000,0.958299993038
75500,0.957699992537
76000,0.958499992967
76500,0.957099993229
77000,0.959699992657
77500,0.96009999299
78000,0.957599992871
78500,0.958599993587
79000,0.957899992824
79500,0.956399993062
80000,0.957499992967
80500,0.957499993205
81000,0.958799992085
81500,0.959999992967
82000,0.959799992919
82500,0.9598999933
83000,0.958899992824
83500,0.960099992752
84000,0.962099993467
84500,0.960199993253
85000,0.957599993825
85500,0.959099992394
86000,0.961099993825
86500,0.959799992323
87000,0.953799992204
87500,0.960499992847
88000,0.960599992871
88500,0.9588999933
89000,0.959299993157
89500,0.960199993014
90000,0.960799993157
90500,0.960899993658
91000,0.959299993277
91500,0.957799993277
92000,0.961699994087
92500,0.959299993396
93000,0.959299992323
93500,0.96109999311
94000,0.9582999928
94500,0.961699992776
95000,0.959599992394
95500,0.958599993587
96000,0.958799993634
96500,0.960099992871
97000,0.960999992728
97500,0.959199992895
98000,0.961799993396
98500,0.96239999342
99000,0.96209999299
99500,0.959199993014
100000,0.958699993491
100500,0.960399993181
101000,0.957599992752
101500,0.962599993587
102000,0.961299993277
102500,0.961999993086
103000,0.9582999928
103500,0.958799992561
104000,0.956999993205
104500,0.960499992847
105000,0.959099993348
105500,0.960699993491
106000,0.96059999311
106500,0.958199992776
107000,0.962199992776
107500,0.961499993086
108000,0.957899993896
108500,0.959699993014
109000,0.959999992847
109500,0.958499992847
110000,0.959899992824
110500,0.959899992704
111000,0.95869999373
111500,0.961399993181
112000,0.959399992943
112500,0.95959999299
113000,0.960599993348
113500,0.960899992943
114000,0.960399993777
114500,0.964199993491
115000,0.959499993801
115500,0.958499992371
116000,0.958899992347
116500,0.96389999342
117000,0.961799993515
117500,0.961799992681
118000,0.960899992108
118500,0.960199992299
119000,0.96009999311
119500,0.959399992704
120000,0.962099993348
120500,0.960599993467
121000,0.959199992657
121500,0.963899993181
122000,0.95889999342
122500,0.9583999933
123000,0.961299993038
123500,0.958399993062
124000,0.962299993157
124500,0.958799993277
125000,0.962299993515
125500,0.962299993873
126000,0.961499992967
126500,0.96389999342
127000,0.961999992967
127500,0.961299993396
128000,0.961899993062
128500,0.962399992347
129000,0.957799991727
129500,0.961099993467
130000,0.961299993038
130500,0.962199992895
131000,0.960099993348
131500,0.959599993467
132000,0.963099993348
132500,0.958599992752
133000,0.96359999311
133500,0.958299993157
134000,0.960699992895
134500,0.961999993205
135000,0.956099992514
135500,0.960799992561
136000,0.961899993181
136500,0.9608999933
137000,0.962499993682
137500,0.961599993587
138000,0.95909999299
138500,0.961099992871
139000,0.961299993038
139500,0.959099992514
140000,0.9628999933
140500,0.961799993396
141000,0.96249999392
141500,0.959199993014
142000,0.959899992585
142500,0.962999993682
143000,0.959599993706
143500,0.9592999928
144000,0.960599993467
144500,0.962099993229
145000,0.962599993587
145500,0.958299993157
146000,0.959899991989
146500,0.963099993587
147000,0.961799992681
147500,0.961999993563
148000,0.960999993324
148500,0.957799992919
149000,0.963299994111
149500,0.960899992824
150000,0.95999999404
150500,0.960499992251
151000,0.963099993229
151500,0.959199993014
152000,0.961799993873
152500,0.962299993634
153000,0.957599992871
153500,0.962099994063
154000,0.960599992871
154500,0.960899992943
155000,0.963999992967
155500,0.959199992895
156000,0.959499992967
156500,0.961099993706
157000,0.961499993443
157500,0.958299992681
158000,0.958299992204
158500,0.959299992919
159000,0.960699993134
159500,0.960999994278
160000,0.958099992514
160500,0.960499992728
161000,0.959899992466
161500,0.963699992895
162000,0.9602999928
162500,0.961299992681
163000,0.961599993348
163500,0.962599993348
164000,0.96159999299
164500,0.961799993157
165000,0.961799993515
165500,0.962399992585
166000,0.9607999928
166500,0.962799993634
167000,0.963299993038
167500,0.959499993682
168000,0.961999993086
168500,0.963199992657
169000,0.96099999249
169500,0.963099993706
170000,0.959899993062
170500,0.960799993753
171000,0.962099993587
171500,0.960199993134
172000,0.960299992919
172500,0.96169999218
173000,0.960899993062
173500,0.963499993443
174000,0.960299992919
174500,0.960499993205
175000,0.961299993157
175500,0.95909999311
176000,0.959699992537
176500,0.962299992323
177000,0.962099993706
177500,0.96239999342
178000,0.9617999928
178500,0.9617999928
179000,0.961299993396
179500,0.960999992847
180000,0.95919999361
180500,0.960399992824
181000,0.961299993157
181500,0.960499993563
182000,0.9602999928
182500,0.963999993205
183000,0.962899992943
183500,0.963499993205
184000,0.961299993515
184500,0.960299992919
185000,0.963099993587
185500,0.958999992132
186000,0.961199993491
186500,0.959999992609
187000,0.961899993062
187500,0.965099993467
188000,0.960499993205
188500,0.96209999299
189000,0.960999993086
189500,0.959199992418
190000,0.960099993587
190500,0.960699993134
191000,0.960599992394
191500,0.961299992442
192000,0.960299992442
192500,0.961799992561
193000,0.9617999928
193500,0.961399993896
194000,0.961999993682
194500,0.959999992847
195000,0.959399993181
195500,0.962099993944
196000,0.961499992371
196500,0.961799993277
197000,0.958799992681
197500,0.963999993443
198000,0.960199993134
198500,0.960399993539
199000,0.962599993944
199500,0.961599993229
200000,0.961599993229
200500,0.963499993801
201000,0.962099993587
201500,0.960699993014
202000,0.9587999928
202500,0.966399994016
203000,0.961299993634
203500,0.960499993086
204000,0.961899992704
204500,0.95799999249
205000,0.958999992728
205500,0.960999993443
206000,0.958199993372
206500,0.957999992132
207000,0.958499992013
207500,0.960399993777
208000,0.961499993205
208500,0.962899993777
209000,0.959999993205
209500,0.961599993467
210000,0.961999993086
210500,0.960399992943
211000,0.962799994111
211500,0.962099993587
212000,0.95959999299
212500,0.960599993467
213000,0.960999993801
213500,0.958699992657
214000,0.959199992418
214500,0.961599993706
215000,0.961399993181
215500,0.959899993539
216000,0.961099993229
216500,0.959799993038
217000,0.959999992847
217500,0.960999993205
218000,0.962699993253
218500,0.960999993443
219000,0.962399993181
219500,0.964299993157
220000,0.958399993896
220500,0.962099992633
221000,0.960199993372
221500,0.958999992847
222000,0.959599992275
222500,0.960699992418
223000,0.96359999311
223500,0.959199992418
224000,0.959999992371
224500,0.959299992442
225000,0.960599992752
225500,0.96209999299
226000,0.957499993443
226500,0.961499992847
227000,0.959699993134
227500,0.959799992919
228000,0.960599993944
228500,0.962899993181
229000,0.960199993014
229500,0.961799993753
230000,0.961099993229
230500,0.961599993706
231000,0.958999993324
231500,0.961999993205
232000,0.960499993563
232500,0.963699993491
233000,0.961699993014
233500,0.962399993658
234000,0.96169999361
234500,0.961499993443
235000,0.960399993062
235500,0.964199994087
236000,0.959999993086
236500,0.959599993467
237000,0.960399992943
237500,0.96159999311
238000,0.959999993324
238500,0.960999992609
239000,0.959899993181
239500,0.96139999342
240000,0.961799992561
240500,0.960999993324
241000,0.961399992466
241500,0.960199992776
242000,0.961199993014
242500,0.9588999933
243000,0.96159999311
243500,0.961199993253
244000,0.958499992609
244500,0.959399992824
245000,0.961499993205
245500,0.961199994206
246000,0.958699992299
246500,0.9603999933
247000,0.959799993038
247500,0.961899993777
248000,0.960399992585
248500,0.959599992514
249000,0.962099992633
249500,0.961399993181
250000,0.963499992967
250500,0.958499993086
251000,0.961699993253
251500,0.96209999299
252000,0.961899993539
252500,0.960499993086
253000,0.960799993277
253500,0.961899993658
254000,0.958499992371
254500,0.961399993539
255000,0.963299993157
255500,0.963299993038
256000,0.960999993682
256500,0.961899993539
257000,0.958299992681
257500,0.96119999361
258000,0.961599993348
258500,0.959199993491
259000,0.96359999299
259500,0.957799992323
260000,0.956499992013
260500,0.960699992895
261000,0.965599993825
261500,0.960699993253
262000,0.959299992919
262500,0.962399993062
263000,0.96309999311
263500,0.959399993658
264000,0.961299993515
264500,0.959899993181
265000,0.962099993229
265500,0.960199993253
266000,0.961599993825
266500,0.960299993038
267000,0.960999992609
267500,0.961099994063
268000,0.961499993682
268500,0.959099993229
269000,0.960899993539
269500,0.959999992967
270000,0.959299992919
270500,0.96009999311
271000,0.960299992919
271500,0.959399993062
272000,0.959399993181
272500,0.96069999361
273000,0.959099993229
273500,0.962699992776
274000,0.96139999342
274500,0.962599994302
275000,0.963499993324
275500,0.960799993038
276000,0.961999993443
276500,0.958999992847
277000,0.959699992537
277500,0.962999992967
278000,0.961599994183
278500,0.960599992633
279000,0.96009999311
279500,0.961499993682
280000,0.96209999299
280500,0.962899992704
281000,0.961599993825
281500,0.958999993205
282000,0.959699993253
282500,0.964399993658
283000,0.961099992752
283500,0.963999992847
284000,0.960199992895
284500,0.959699993491
285000,0.959999993086
285500,0.962899993539
286000,0.962999993682
286500,0.960099993229
287000,0.959799992561
287500,0.963999992609
288000,0.959299993038
288500,0.960899992585
289000,0.966299993396
289500,0.961899992585
290000,0.962799993873
290500,0.959999993324
291000,0.962999994397
291500,0.962099992633
292000,0.959199993491
292500,0.960499992847
293000,0.960199993134
293500,0.959899993181
294000,0.96059999311
294500,0.962499994278
295000,0.960799993157
295500,0.959999992728
296000,0.959899992585
296500,0.961399992824
297000,0.961099993467
297500,0.963599993467
298000,0.960899992824
298500,0.960799992204
299000,0.961099993587
299500,0.959699992418
300000,0.96109999299
300500,0.960799993634
301000,0.960299992919
301500,0.961699993253
302000,0.961799993038
302500,0.962799993038
303000,0.960599992514
303500,0.96309999299
304000,0.959299993277
304500,0.960699992895
305000,0.958299992919
305500,0.962699992776
306000,0.96309999299
306500,0.959899994016
307000,0.960699993134
307500,0.963399992943
308000,0.960599993467
308500,0.959399992704
309000,0.961099992871
309500,0.959699992299
310000,0.960499993205
310500,0.95989999342
311000,0.962899993062
311500,0.962599993229
312000,0.962799993157
312500,0.960599993229
313000,0.959299993277
313500,0.959699992895
314000,0.960299993396
314500,0.959599993229
315000,0.961699992061
315500,0.960799992323
316000,0.962399993896
316500,0.960199993253
317000,0.961499992967
317500,0.95909999299
318000,0.961199992895
318500,0.959099993229
319000,0.961999993324
319500,0.961499992847
320000,0.960499992847
320500,0.959499993443
321000,0.957799992919
321500,0.960899993181
322000,0.962499993443
322500,0.961099993229
323000,0.958699993014
323500,0.957899992585
324000,0.961499993682
324500,0.961499993563
325000,0.961899992824
325500,0.958499992371
326000,0.959399992943
326500,0.959299992919
327000,0.961999992847
327500,0.960099992752
328000,0.959999992371
328500,0.964899992824
329000,0.962999993682
329500,0.9613999933
330000,0.961399993062
330500,0.961599992871
331000,0.959899992228
331500,0.960299992681
332000,0.957499993324
332500,0.960799993277
333000,0.960099993348
333500,0.962199993134
334000,0.963499993205
334500,0.960399992824
335000,0.959599992633
335500,0.9618999933
336000,0.962099993229
336500,0.959899992943
337000,0.963199993014
337500,0.963199992895
338000,0.964399993777
338500,0.96089999342
339000,0.964999993086
339500,0.960199993372
340000,0.959399992704
340500,0.960099992871
341000,0.961699993134
341500,0.959399993539
342000,0.961299992561
342500,0.963299993277
343000,0.962499993205
343500,0.961199992776
344000,0.961199993491
344500,0.96089999342
345000,0.96319999373
345500,0.958799993038
346000,0.960299993157
346500,0.96369999373
347000,0.958699993014
347500,0.960499994278
348000,0.963299993157
348500,0.963199992776
349000,0.962199994087
349500,0.959699992657
350000,0.962299993277
350500,0.961199993491
351000,0.9608999933
351500,0.963499993682
352000,0.962799993873
352500,0.961999993801
353000,0.9612999928
353500,0.958799992561
354000,0.9587999928
354500,0.961999993324
355000,0.960499992967
355500,0.961899993539
356000,0.960499992967
356500,0.961699993014
357000,0.960999992847
357500,0.960299993396
358000,0.961899992704
358500,0.960599993706
359000,0.961299993753
359500,0.959299992561
360000,0.960799992919
360500,0.959999993205
361000,0.960499992967
361500,0.960199993491
362000,0.960999993682
362500,0.961699992895
363000,0.961299993277
363500,0.961799992323
364000,0.960799992561
364500,0.96039999342
365000,0.959099993348
365500,0.96159999299
366000,0.960299993873
366500,0.960799994349
367000,0.95959999299
367500,0.961599993229
368000,0.96089999342
368500,0.963199993253
369000,0.958099992394
369500,0.9622999928
370000,0.960199993134
370500,0.958899992466
371000,0.96159999299
371500,0.962199993849
372000,0.955699992657
372500,0.96219999361
373000,0.96109999311
373500,0.960799992204
374000,0.960199993014
374500,0.96269999361
375000,0.9648999933
375500,0.960699992537
376000,0.9603999933
376500,0.959699992895
377000,0.96119999373
377500,0.963999993324
378000,0.962799993396
378500,0.96289999342
379000,0.961599993825
379500,0.96059999299
380000,0.9622999928
380500,0.958799993157
381000,0.960599993587
381500,0.961599993706
382000,0.9602999928
382500,0.961099992871
383000,0.962799993396
383500,0.959699993491
384000,0.961799993277
384500,0.9603999933
385000,0.959899993181
385500,0.961099993348
386000,0.963099993467
386500,0.95999999249
387000,0.961599992871
387500,0.9628999933
388000,0.961299992681
388500,0.962899993896
389000,0.96039999342
389500,0.959199993968
390000,0.957799993157
390500,0.961199992776
391000,0.961199993491
391500,0.959099992871
392000,0.960599993706
392500,0.957999993443
393000,0.959999992728
393500,0.958699992418
394000,0.960499992967
394500,0.960199993491
395000,0.958399992943
395500,0.959899992585
396000,0.962899993539
396500,0.960899993539
397000,0.960499992847
397500,0.9597999928
398000,0.959299993157
398500,0.962199992299
399000,0.961299992681
399500,0.962299992919
400000,0.957699992537
400500,0.960499992728
401000,0.961899993181
401500,0.964799993515
402000,0.960999993086
402500,0.961899993181
403000,0.958299992919
403500,0.961999992967
404000,0.959199993491
404500,0.962099993348
405000,0.962699993014
405500,0.959399993062
406000,0.964199994087
406500,0.962699993372
407000,0.959799993634
407500,0.960799993038
408000,0.96239999342
408500,0.961399994016
409000,0.959199992895
409500,0.960299993157
410000,0.958999993324
410500,0.96409999311
411000,0.962999992847
411500,0.960799993038
412000,0.963299993277
412500,0.963399992943
413000,0.962799993634
413500,0.959699992776
414000,0.958799993157
414500,0.961499992728
415000,0.959699992776
415500,0.96019999361
416000,0.960699993134
416500,0.958699993491
417000,0.962199993372
417500,0.96219999361
418000,0.961299993277
418500,0.961099993348
419000,0.960299993396
419500,0.959299992919
420000,0.96209999311
420500,0.961199993491
421000,0.958899992466
421500,0.962499993324
422000,0.960599992752
422500,0.96159999299
423000,0.963899993062
423500,0.961299993277
424000,0.958399992943
424500,0.96149999404
425000,0.959599993467
425500,0.960199993014
426000,0.960199993491
426500,0.961799993396
427000,0.962499993682
427500,0.960699993491
428000,0.9583999933
428500,0.96409999299
429000,0.960099993229
429500,0.959499992013
430000,0.962499993324
430500,0.960099992514
431000,0.961699993372
431500,0.960599992037
432000,0.96219999373
432500,0.960599993706
433000,0.960899992704
433500,0.962499993324
434000,0.958999992609
434500,0.9608999933
435000,0.959399993062
435500,0.961599993587
436000,0.961299993515
436500,0.962599993348
437000,0.963299993157
437500,0.959499992967
438000,0.9588999933
438500,0.960799993277
439000,0.961099993467
439500,0.961499992847
440000,0.96219999361
440500,0.959199994087
441000,0.961499993443
441500,0.960499993682
442000,0.960599993587
442500,0.96039999342
443000,0.96109999311
443500,0.961099992633
444000,0.960399992943
444500,0.960299993038
445000,0.959899993181
445500,0.963599993229
446000,0.958799992442
446500,0.959599992752
447000,0.960899993181
447500,0.963999993682
448000,0.962999992847
448500,0.963199994326
449000,0.959799993277
449500,0.961099992633
450000,0.959599993229
450500,0.963099993706
451000,0.961799993277
451500,0.963399993539
452000,0.96319999373
452500,0.961699992537
453000,0.96109999299
453500,0.96159999311
454000,0.960399993658
454500,0.960499992847
455000,0.963999992847
455500,0.96309999299
456000,0.96069999373
456500,0.955699993372
457000,0.962699992776
457500,0.962599993229
458000,0.9588999933
458500,0.960599992514
459000,0.961499993205
459500,0.959699992657
460000,0.961799993753
460500,0.961999993086
461000,0.961099993587
461500,0.963199993134
462000,0.959099993587
462500,0.960499992967
463000,0.959699993372
463500,0.96109999311
464000,0.960599993348
464500,0.961399992704
465000,0.960599992752
465500,0.961499992728
466000,0.962399993062
466500,0.961599993348
467000,0.960599992752
467500,0.957599992633
468000,0.961499992728
468500,0.963099993467
469000,0.962299993157
469500,0.957099993348
470000,0.962399994016
470500,0.959899992943
471000,0.962099993467
471500,0.960999993682
472000,0.960599992633
472500,0.961299992561
473000,0.96059999311
473500,0.962599992752
474000,0.958999992967
474500,0.961599993467
475000,0.959199993372
475500,0.959199992657
476000,0.962499993443
476500,0.96119999361
477000,0.9602999928
477500,0.96209999299
478000,0.95909999311
478500,0.961299992561
479000,0.959499993443
479500,0.960699993491
480000,0.957999992371
480500,0.962099993706
481000,0.958399993181
481500,0.958999993324
482000,0.961499992728
482500,0.962799993277
483000,0.959799993634
483500,0.96119999361
484000,0.95909999311
484500,0.958499992847
485000,0.962599993348
485500,0.960399992824
486000,0.961499993324
486500,0.964899994493
487000,0.963199993014
487500,0.961199992895
488000,0.958399993777
488500,0.961799993753
489000,0.962799993515
489500,0.958899992466
490000,0.960499992371
490500,0.962999992847
491000,0.959299992204
491500,0.957399992585
492000,0.961499993682
492500,0.961699992299
493000,0.963299994111
493500,0.959699992657
494000,0.956899992585
494500,0.964099993348
495000,0.962399993062
495500,0.9617999928
496000,0.961999993443
496500,0.963799993515
497000,0.960799993515
497500,0.962599993348
498000,0.959199993491
498500,0.958399992824
499000,0.961699993491
499500,0.959299993277
