500,0.314800001808
1000,0.435700000957
1500,0.450200001642
2000,0.593700000107
2500,0.686500000179
3000,0.683900000155
3500,0.784600002646
4000,0.750000000238
4500,0.773800002813
5000,0.784600001574
5500,0.802800001264
6000,0.825900001287
6500,0.848099999785
7000,0.855900000572
7500,0.847699998975
8000,0.850700000405
8500,0.874999998331
9000,0.885199997067
9500,0.893899995446
10000,0.905599995613
10500,0.890399995208
11000,0.890499997139
11500,0.888999996901
12000,0.892799997091
12500,0.894099996209
13000,0.926799992681
13500,0.906199996114
14000,0.913599994302
14500,0.916199994206
15000,0.916699993491
15500,0.904399994731
16000,0.926299992442
16500,0.922599993467
17000,0.921399992943
17500,0.912899993777
18000,0.925699992776
18500,0.927199993491
19000,0.925299993992
19500,0.926999993563
20000,0.925799991727
20500,0.927299992919
21000,0.919299993753
21500,0.926299993992
22000,0.923099992633
22500,0.931799992204
23000,0.921799993038
23500,0.934699991822
24000,0.931299992442
24500,0.936999993563
25000,0.94259999156
25500,0.92619999218
26000,0.925299993753
26500,0.939999993324
27000,0.938299992681
27500,0.940799993157
28000,0.943199993014
28500,0.939799992204
29000,0.931299993396
29500,0.938099992037
30000,0.939399992585
30500,0.934399993181
31000,0.940599991918
31500,0.939999992132
32000,0.941299991608
32500,0.938199992061
33000,0.93549999249
33500,0.937599992037
34000,0.944799992681
34500,0.945499991179
35000,0.941699992061
35500,0.941399991393
36000,0.946699992537
36500,0.947099991918
37000,0.948099992752
37500,0.950699993014
38000,0.942799993753
38500,0.945599992871
39000,0.946899992585
39500,0.941599993467
40000,0.948099993348
40500,0.94809999299
41000,0.945399992824
41500,0.94649999094
42000,0.951899993658
42500,0.948599992275
43000,0.949899991989
43500,0.949499992371
44000,0.947399991393
44500,0.948599992514
45000,0.952399992824
45500,0.953799993157
46000,0.949599992633
46500,0.946299992204
47000,0.953099991679
47500,0.952699992657
48000,0.952299992085
48500,0.950899992704
49000,0.95169999218
49500,0.951199992299
50000,0.9508999933
50500,0.948399992347
51000,0.955499992728
51500,0.954499991894
52000,0.952799992204
52500,0.957799993396
53000,0.952399992585
53500,0.954399993181
54000,0.955299992323
54500,0.952699992776
55000,0.949199991703
55500,0.952199992537
56000,0.95249999249
56500,0.950799991846
57000,0.952099992394
57500,0.952799992681
58000,0.954299992442
58500,0.953899993539
59000,0.955299992323
59500,0.951899992824
60000,0.953499991894
60500,0.955199992657
61000,0.951699992299
61500,0.951699993134
62000,0.952199991941
62500,0.954399992704
63000,0.954899992466
63500,0.95619999361
64000,0.956099992275
64500,0.953799992561
65000,0.95509999311
65500,0.957099992037
66000,0.958199993253
66500,0.959399992585
67000,0.95759999311
67500,0.95459999311
68000,0.956099992752
68500,0.954399992347
69000,0.955999993086
69500,0.953799992561
70000,0.955899992108
70500,0.954799992323
71000,0.954699993134
71500,0.954799993038
72000,0.959799993038
72500,0.9572999928
73000,0.95809999299
73500,0.957499992847
74000,0.958399992347
74500,0.960699993849
75000,0.962399993777
75500,0.959899992347
76000,0.95749999249
76500,0.957599993706
77000,0.960399993658
77500,0.959399992585
78000,0.958899992466
78500,0.960199993014
79000,0.958699992537
79500,0.959899992943
80000,0.960899992943
80500,0.959499993205
81000,0.958199992537
81500,0.960599993467
82000,0.957699992776
82500,0.960199992895
83000,0.959099992752
83500,0.957999993324
84000,0.95869999361
84500,0.959499992728
85000,0.959599993229
85500,0.959299992085
86000,0.960699992657
86500,0.960199993253
87000,0.962199993491
87500,0.958199993253
88000,0.960199994087
88500,0.959799992919
89000,0.960999993324
89500,0.959399992704
90000,0.960099992871
90500,0.9568999933
91000,0.961199993134
91500,0.960799993396
92000,0.958599993467
92500,0.958299993157
93000,0.963099993587
93500,0.959999993205
94000,0.961799993396
94500,0.958399992824
95000,0.960499992847
95500,0.966099993348
96000,0.959499992847
96500,0.961199992537
97000,0.961099993229
97500,0.962899993062
98000,0.959199992895
98500,0.957299993157
99000,0.960099993706
99500,0.963499993324
100000,0.961599992752
100500,0.959799992323
101000,0.9613999933
101500,0.961099993467
102000,0.960799993038
102500,0.960799993634
103000,0.957899992228
103500,0.962999993324
104000,0.958899992466
104500,0.960999993563
105000,0.959899993777
105500,0.959799993396
106000,0.957899993181
106500,0.959199992895
107000,0.961399993181
107500,0.960399993181
108000,0.959699992776
108500,0.959699993134
109000,0.959199992895
109500,0.959899992704
110000,0.962899992943
110500,0.962099992394
111000,0.962199993372
111500,0.960999993086
112000,0.95959999299
112500,0.959699993253
113000,0.960999993443
113500,0.960399993539
114000,0.957799992919
114500,0.960499993205
115000,0.957899992943
115500,0.963799993277
116000,0.96059999299
116500,0.959799992323
117000,0.959799992919
117500,0.9598999933
118000,0.961499993324
118500,0.961199993253
119000,0.957899993062
119500,0.95869999361
120000,0.962499993205
120500,0.960799993038
121000,0.95969999361
121500,0.9613999933
122000,0.961699992657
122500,0.962899993181
123000,0.958799993038
123500,0.960499992967
124000,0.960899992585
124500,0.961199993491
125000,0.958699993372
125500,0.962699993134
126000,0.956699992418
126500,0.960699992657
127000,0.960599992752
127500,0.961699993134
128000,0.961999993324
128500,0.959199992418
129000,0.961799993634
129500,0.959799993038
130000,0.96159999299
130500,0.958099992394
131000,0.954899992585
131500,0.962199993134
132000,0.95889999342
132500,0.963499993563
133000,0.960699994087
133500,0.960199993253
134000,0.960499993443
134500,0.961199993372
135000,0.96109999299
135500,0.96159999299
136000,0.959099993587
136500,0.960999992728
137000,0.957899992466
137500,0.958299993038
138000,0.960499993324
138500,0.956999993205
139000,0.960699993134
139500,0.959999992728
140000,0.958699992418
140500,0.960599992871
141000,0.962399992943
141500,0.959299993038
142000,0.95999999404
142500,0.96109999311
143000,0.962199992776
143500,0.961499993086
144000,0.961199993253
144500,0.962999993682
145000,0.96059999299
145500,0.958399993777
146000,0.962199993134
146500,0.960499992967
147000,0.962199993014
147500,0.960099993348
148000,0.958999992847
148500,0.961099992394
149000,0.960499993801
149500,0.961999993801
150000,0.957699992895
150500,0.96069999373
151000,0.962499992847
151500,0.960599992633
152000,0.960599993706
152500,0.960299992681
153000,0.962899992466
153500,0.962199992895
154000,0.957599993229
154500,0.961399993062
155000,0.958699991941
155500,0.958899993181
156000,0.96049999249
156500,0.959499992609
157000,0.961499993324
157500,0.958499992609
158000,0.957999992013
158500,0.964199992895
159000,0.960499992967
159500,0.962899992704
160000,0.961399993896
160500,0.961499993443
161000,0.958399993181
161500,0.958799993634
162000,0.961899992704
162500,0.961199992657
163000,0.962399993539
163500,0.957299993396
164000,0.960499993086
164500,0.961999992728
165000,0.961399993181
165500,0.96339999342
166000,0.961399992704
166500,0.961699993372
167000,0.964099993467
167500,0.958299992681
168000,0.960299993396
168500,0.960699993014
169000,0.960899993062
169500,0.958699992895
170000,0.960899993539
170500,0.961899993539
171000,0.960299993396
171500,0.959999993205
172000,0.961899993181
172500,0.9617999928
173000,0.956899992466
173500,0.961399993062
174000,0.962799993515
174500,0.961499993563
175000,0.962399993181
175500,0.961299993396
176000,0.961499992847
176500,0.9613999933
177000,0.9593999933
177500,0.959999992847
178000,0.961999993324
178500,0.960799992681
179000,0.95889999342
179500,0.960699993491
180000,0.962199994087
180500,0.961299993277
181000,0.96059999299
181500,0.958899993062
182000,0.96309999311
182500,0.961899993181
183000,0.962999993324
183500,0.962099993348
184000,0.9613999933
184500,0.958099993587
185000,0.962199992895
185500,0.962499993324
186000,0.96289999342
186500,0.960399993658
187000,0.962099993467
187500,0.95939999342
188000,0.959199993253
188500,0.962799993873
189000,0.960099992871
189500,0.958799992919
190000,0.961899992704
190500,0.961399993539
191000,0.959999993324
191500,0.96009999311
192000,0.958699992895
192500,0.962899992704
193000,0.959599992752
193500,0.963099993467
194000,0.961199992895
194500,0.958899992704
195000,0.961699993014
195500,0.960899993658
196000,0.960999992251
196500,0.96139999342
197000,0.961999993443
197500,0.960099993348
198000,0.963299993157
198500,0.960899993777
199000,0.961699993372
199500,0.960599993348
200000,0.961099992752
200500,0.961399993658
201000,0.95959999311
201500,0.960999992609
202000,0.960799993753
202500,0.961899992704
203000,0.960699992657
203500,0.9602999928
204000,0.959499992728
204500,0.961799993038
205000,0.961599992633
205500,0.960399992228
206000,0.961599993229
206500,0.965199993491
207000,0.962099993587
207500,0.960699992776
208000,0.96269999373
208500,0.959899992824
209000,0.96249999392
209500,0.96299999249
210000,0.960899992347
210500,0.960699992537
211000,0.96069999361
211500,0.961499993563
212000,0.958899992704
212500,0.95809999311
213000,0.959699992299
213500,0.963799993515
214000,0.962299993873
214500,0.963099993467
215000,0.961299992681
215500,0.962199993968
216000,0.9622999928
216500,0.96219999361
217000,0.961799993277
217500,0.958699993253
218000,0.959599992514
218500,0.959799992919
219000,0.962099992752
219500,0.956899992585
220000,0.961099992633
220500,0.963599993467
221000,0.959899992228
221500,0.958399993777
222000,0.95919999373
222500,0.959399993539
223000,0.961399993539
223500,0.959199992657
224000,0.960999993324
224500,0.958099993348
225000,0.959799992919
225500,0.962699993372
226000,0.961999992847
226500,0.95959999299
227000,0.959699993253
227500,0.958899993539
228000,0.963399992824
228500,0.959899993181
229000,0.959899992228
229500,0.95909999311
230000,0.960999993324
230500,0.961799993157
231000,0.959999993324
231500,0.961799994349
232000,0.959599992871
232500,0.9612999928
233000,0.961499993443
233500,0.964199993134
234000,0.959199992299
234500,0.960999992609
235000,0.961299992085
235500,0.960799992919
236000,0.963599992752
236500,0.961299992919
237000,0.959999993443
237500,0.959499993682
238000,0.959199993372
238500,0.960799994349
239000,0.959499992728
239500,0.96039999342
240000,0.960399993539
240500,0.962499993205
241000,0.9613999933
241500,0.96069999373
242000,0.961299993515
242500,0.958999992728
243000,0.960399992824
243500,0.958899993539
244000,0.960399992943
244500,0.963099993229
245000,0.960999993205
245500,0.961999993086
246000,0.961299993634
246500,0.962699992776
247000,0.960299993038
247500,0.959799993157
248000,0.964099993944
248500,0.96259999299
249000,0.960299993157
249500,0.960799993396
250000,0.963499993086
250500,0.962299993515
251000,0.962199993014
251500,0.960699992657
252000,0.958999993563
252500,0.959199993014
253000,0.961499992967
253500,0.960999993443
254000,0.961399993181
254500,0.962399993181
255000,0.961199992895
255500,0.959999993205
256000,0.960399993062
256500,0.960299993992
257000,0.963999993205
257500,0.960599993467
258000,0.961499993443
258500,0.958899993658
259000,0.961199993491
259500,0.96159999311
260000,0.960099992275
260500,0.962199993253
261000,0.960099993229
261500,0.959299992919
262000,0.960699993491
262500,0.959499993324
263000,0.960699993014
263500,0.959499992728
264000,0.959999992609
264500,0.959799992919
265000,0.957499992728
265500,0.961699993134
266000,0.958899992943
266500,0.960599993706
267000,0.961499993443
267500,0.961199993253
268000,0.959999992728
268500,0.959799992919
269000,0.960999993443
269500,0.961699992657
270000,0.962299993515
270500,0.9607999928
271000,0.960999992251
271500,0.962799993157
272000,0.961499993205
272500,0.958399993062
273000,0.959899993062
273500,0.959599993706
274000,0.96319999373
274500,0.958899993181
275000,0.959399992704
275500,0.960999993443
276000,0.96059999311
276500,0.960599993229
277000,0.958699993134
277500,0.960299993277
278000,0.959999993086
278500,0.961399992704
279000,0.9627999928
279500,0.961799993038
280000,0.960999993205
280500,0.962299993157
281000,0.959899992824
281500,0.962799993038
282000,0.960599993348
282500,0.962099993467
283000,0.962299993277
283500,0.960899993181
284000,0.963099993348
284500,0.959999993801
285000,0.960899992466
285500,0.960999993443
286000,0.959599993348
286500,0.958199992776
287000,0.960699993253
287500,0.960399992585
288000,0.9588999933
288500,0.959299993157
289000,0.959899992585
289500,0.961199992895
290000,0.956799992681
290500,0.958199992299
291000,0.960099993229
291500,0.960699993372
292000,0.961999992967
292500,0.959499993443
293000,0.9617999928
293500,0.960299992681
294000,0.96159999311
294500,0.958899992824
295000,0.962099993587
295500,0.962599993467
296000,0.959599992752
296500,0.959899993181
297000,0.961699992776
297500,0.958699993253
298000,0.959699992776
298500,0.959899993062
299000,0.961599992871
299500,0.961299992919
300000,0.9587999928
300500,0.9627999928
301000,0.95999999392
301500,0.962299993277
302000,0.961399993181
302500,0.960199992537
303000,0.957199992776
303500,0.961799993396
304000,0.963199993849
304500,0.960499993086
305000,0.962299993634
305500,0.963399993896
306000,0.962799993873
306500,0.96109999311
307000,0.960199993014
307500,0.959599993467
308000,0.960599993467
308500,0.959499992371
309000,0.960599992871
309500,0.961699992537
310000,0.959699993491
310500,0.9603999933
311000,0.960699993372
311500,0.962399992466
312000,0.960299993038
312500,0.961899993062
313000,0.962499993563
313500,0.961599993587
314000,0.960999993324
314500,0.961399994016
315000,0.9592999928
315500,0.958699992895
316000,0.962999993563
316500,0.961299993157
317000,0.960299992561
317500,0.96059999311
318000,0.959299993038
318500,0.957699992776
319000,0.96089999342
319500,0.960599992752
320000,0.959999993443
320500,0.961899992108
321000,0.960699993372
321500,0.959899992585
322000,0.961499993443
322500,0.961299993634
323000,0.958799992085
323500,0.960499992609
324000,0.960299993038
324500,0.961499993205
325000,0.962199993253
325500,0.963299993396
326000,0.962499993563
326500,0.958899993539
327000,0.961099993944
327500,0.959399992585
328000,0.963299993038
328500,0.961799993277
329000,0.960999993801
329500,0.961499992847
330000,0.960499992967
330500,0.959899992824
331000,0.960499992132
331500,0.960299993277
332000,0.960799993515
332500,0.958499993205
333000,0.958199993014
333500,0.961099992871
334000,0.959199992776
334500,0.961499992728
335000,0.96109999299
335500,0.960399993539
336000,0.96219999373
336500,0.959499992371
337000,0.959899992585
337500,0.962499992967
338000,0.961199993372
338500,0.960499993801
339000,0.958499993443
339500,0.960499993205
340000,0.9607999928
340500,0.960399992704
341000,0.960399992228
341500,0.964099993825
342000,0.95949999249
342500,0.9593999933
343000,0.962299993992
343500,0.962399993181
344000,0.960499993205
344500,0.95959999311
345000,0.96369999373
345500,0.960999992967
346000,0.960899993062
346500,0.961799992681
347000,0.961399993181
347500,0.961399993777
348000,0.961199993491
348500,0.958299993396
349000,0.960599993587
349500,0.959299992323
350000,0.961499992609
350500,0.96049999249
351000,0.959799993277
351500,0.959999993324
352000,0.961899992108
352500,0.96259999299
353000,0.958899993062
353500,0.960499992967
354000,0.960199992776
354500,0.961499992847
355000,0.961299993634
355500,0.960599992752
356000,0.963299993515
356500,0.961799993277
357000,0.960399992347
357500,0.959999993086
358000,0.959299992561
358500,0.960399992704
359000,0.961199993253
359500,0.964199993372
360000,0.960699992418
360500,0.962199993849
361000,0.958299993038
361500,0.961299993277
362000,0.964299993753
362500,0.958499992371
363000,0.963499993443
363500,0.960799993396
364000,0.961899992585
364500,0.960299993038
365000,0.961699993253
365500,0.960799992919
366000,0.96319999373
366500,0.96309999299
367000,0.961199993134
367500,0.959199992657
368000,0.960299993396
368500,0.960499993563
369000,0.960099993467
369500,0.962099993229
370000,0.959599993467
370500,0.95889999342
371000,0.96209999299
371500,0.9633999933
372000,0.96249999404
372500,0.963299993277
373000,0.962499992847
373500,0.958599993229
374000,0.962399992585
374500,0.958799993396
375000,0.959899994016
375500,0.957999992967
376000,0.961399993658
376500,0.962599993348
377000,0.962399993062
377500,0.958999992132
378000,0.960999993324
378500,0.960799992919
379000,0.960199992537
379500,0.960799993396
380000,0.960399992466
380500,0.959899994016
381000,0.959199993253
381500,0.956699993253
382000,0.962399993181
382500,0.960799993396
383000,0.960799993515
383500,0.959599993467
384000,0.960399992824
384500,0.959699992299
385000,0.961599992871
385500,0.961899993658
386000,0.961899992943
386500,0.960199992418
387000,0.9607999928
387500,0.961299993515
388000,0.960399992704
388500,0.961999992967
389000,0.9638999933
389500,0.960799992085
390000,0.95969999218
390500,0.959999993563
391000,0.95859999311
391500,0.960299993277
392000,0.96239999342
392500,0.961099993587
393000,0.960999992251
393500,0.957699993014
394000,0.959499992728
394500,0.964199992895
395000,0.961799993396
395500,0.962099992871
396000,0.9612999928
396500,0.962699992776
397000,0.960199992537
397500,0.962199993968
398000,0.962799993038
398500,0.960599993706
399000,0.959499993443
399500,0.96109999299
400000,0.962499992847
400500,0.962499992609
401000,0.960499994159
401500,0.960899992466
402000,0.959899992466
402500,0.96089999342
403000,0.95909999311
403500,0.962599992871
404000,0.959299993873
404500,0.962599993467
405000,0.962299992919
405500,0.96139999342
406000,0.959799992561
406500,0.959199992895
407000,0.95839999342
407500,0.959899992347
408000,0.957199992418
408500,0.956999992609
409000,0.963599993229
409500,0.9618999933
410000,0.96239999342
410500,0.958699992895
411000,0.959599992633
411500,0.959199993849
412000,0.961099993944
412500,0.962799993396
413000,0.961899993658
413500,0.962599993229
414000,0.960199993491
414500,0.960099994063
415000,0.957999991894
415500,0.963999993682
416000,0.958899992347
416500,0.960399993062
417000,0.96159999299
417500,0.958899992943
418000,0.962899992585
418500,0.961399992585
419000,0.958799993634
419500,0.964299993157
420000,0.961999992967
420500,0.962799993396
421000,0.96239999342
421500,0.961299993277
422000,0.961299993396
422500,0.959999992728
423000,0.96059999311
423500,0.960899992585
424000,0.962099993229
424500,0.961899994135
425000,0.962399993062
425500,0.960399993658
426000,0.960799993038
426500,0.962399993539
427000,0.96059999311
427500,0.960499992967
428000,0.961299993396
428500,0.960899993181
429000,0.962199993253
429500,0.95969999361
430000,0.960499992609
430500,0.957899992585
431000,0.960399993658
431500,0.9602999928
432000,0.959999992251
432500,0.962199993134
433000,0.961099993229
433500,0.958999992609
434000,0.962899992824
434500,0.958499993086
435000,0.960799993157
435500,0.960599992871
436000,0.960699993014
436500,0.958899993062
437000,0.960999993682
437500,0.960899992466
438000,0.961599993467
438500,0.959499993086
439000,0.9613999933
439500,0.957799993396
440000,0.960499993682
440500,0.959799993753
441000,0.963199993253
441500,0.962399993181
442000,0.96159999311
442500,0.9618999933
443000,0.960899992704
443500,0.963299993515
444000,0.96359999299
444500,0.960799993396
445000,0.960799992442
445500,0.958999992847
446000,0.960399993539
446500,0.961699992776
447000,0.960699992657
447500,0.957899992943
448000,0.960099993944
448500,0.961499993682
449000,0.9603999933
449500,0.961699993014
450000,0.959099992752
450500,0.962999993682
451000,0.963199993134
451500,0.959499992609
452000,0.960299993038
452500,0.960699993014
453000,0.960399994135
453500,0.960899992824
454000,0.964499993443
454500,0.961399993062
455000,0.960099992156
455500,0.959799992681
456000,0.958099993229
456500,0.960799992442
457000,0.962799992323
457500,0.958599993467
458000,0.961399992824
458500,0.960499993563
459000,0.961699993253
459500,0.959999993801
460000,0.961899993896
460500,0.960199993372
461000,0.959299992919
461500,0.960099993229
462000,0.961799993038
462500,0.960999993205
463000,0.958699993372
463500,0.959799992442
464000,0.963099992871
464500,0.961899993539
465000,0.96169999373
465500,0.962599992871
466000,0.95809999311
466500,0.961799993277
467000,0.960699993372
467500,0.961499992847
468000,0.9602999928
468500,0.959799992681
469000,0.960399992704
469500,0.961299993396
470000,0.961999993443
470500,0.959599992633
471000,0.961899992943
471500,0.959899993062
472000,0.961099994063
472500,0.961999992967
473000,0.962999993086
473500,0.962899992824
474000,0.960299993634
474500,0.960399992585
475000,0.960699993253
475500,0.961399993062
476000,0.959999992609
476500,0.960599994183
477000,0.961799993634
477500,0.958299993634
478000,0.962199992418
478500,0.961399992228
479000,0.961199993491
479500,0.962999993205
480000,0.958899992943
480500,0.9602999928
481000,0.960199993372
481500,0.959099992752
482000,0.962799993038
482500,0.959199992537
483000,0.961499993443
483500,0.96319999361
484000,0.960799992919
484500,0.958999992967
485000,0.961799993396
485500,0.961299993277
486000,0.962699993849
486500,0.961399993062
487000,0.959699992895
487500,0.958699992895
488000,0.959699992537
488500,0.961899992824
489000,0.962499993086
489500,0.9582999928
490000,0.960299993038
490500,0.962699992895
491000,0.962199993372
491500,0.959899993777
492000,0.963099994183
492500,0.960399993539
493000,0.96089999342
493500,0.96269999361
494000,0.960399992943
494500,0.962199993253
495000,0.96009999311
495500,0.959999992847
496000,0.9577999928
496500,0.962799993634
497000,0.960699993372
497500,0.961799992442
498000,0.958499992013
498500,0.961099993229
499000,0.961099993348
499500,0.960999992728
