500,0.31430000215
1000,0.36480000098
1500,0.414900000766
2000,0.396400001295
2500,0.381900001079
3000,0.43080000142
3500,0.460000001281
4000,0.400500001088
4500,0.500600002646
5000,0.502600001514
5500,0.450500001222
6000,0.458900000609
6500,0.513000001371
7000,0.52940000242
7500,0.531900001168
8000,0.565000000954
8500,0.540900001675
9000,0.558600001127
9500,0.569600001365
10000,0.534500002503
10500,0.549900002092
11000,0.547400002062
11500,0.519600000679
12000,0.521600001484
12500,0.568900001466
13000,0.568099999607
13500,0.567400001407
14000,0.570800000072
14500,0.599200001657
15000,0.604900000662
15500,0.610499999881
16000,0.604199999601
16500,0.574400001049
17000,0.596100000978
17500,0.616900000215
18000,0.587900001109
18500,0.605600001097
19000,0.588000000298
19500,0.600400000095
20000,0.618300001383
20500,0.599400001585
21000,0.606399999559
21500,0.597700001538
22000,0.595100000143
22500,0.620800000072
23000,0.607900001287
23500,0.597400000036
24000,0.582700000465
24500,0.593899999559
25000,0.598800000906
25500,0.602799999416
26000,0.578600001991
26500,0.592800001264
27000,0.591199999392
27500,0.606100000679
28000,0.608700000167
28500,0.62290000093
29000,0.60740000093
29500,0.620200000763
30000,0.605899999648
30500,0.628800000727
31000,0.624600000381
31500,0.607699999154
32000,0.627500000596
32500,0.623800001681
33000,0.621599999845
33500,0.615400000215
34000,0.622800000846
34500,0.621699999928
35000,0.617400000334
35500,0.631399999857
36000,0.629599999845
36500,0.635899999857
37000,0.643400000095
37500,0.631899999857
38000,0.630400000632
38500,0.636900000215
39000,0.629100000083
39500,0.628100000858
40000,0.631299999774
40500,0.611200000226
41000,0.630100000262
41500,0.622000001073
42000,0.620500001192
42500,0.618700000882
43000,0.604600001186
43500,0.613500001669
44000,0.621800000131
44500,0.637299999595
45000,0.622600000083
45500,0.608100000799
46000,0.614300001025
46500,0.58810000062
47000,0.579200001895
47500,0.57380000186
48000,0.592500000834
48500,0.591500001401
49000,0.587700000852
49500,0.588400001287
50000,0.577900001884
50500,0.587200001419
51000,0.578100001752
51500,0.571400001466
52000,0.553000001609
52500,0.560100000978
53000,0.557500000298
53500,0.569100001901
54000,0.558600001395
54500,0.574200001419
55000,0.567300000727
55500,0.565700001419
56000,0.561800001919
56500,0.561500001669
57000,0.553000000715
57500,0.565900001049
58000,0.563600001067
58500,0.561000002146
59000,0.563300000906
59500,0.562700000912
60000,0.575100000918
60500,0.567600001365
61000,0.578400001854
61500,0.584500000417
62000,0.578800001919
62500,0.567800002724
63000,0.56250000158
63500,0.571300001264
64000,0.567400001049
64500,0.582200000584
65000,0.57140000245
65500,0.585000000954
66000,0.584400000751
66500,0.589100000829
67000,0.589400001109
67500,0.592000000596
68000,0.583300001681
68500,0.583300000846
69000,0.58130000186
69500,0.583400001287
70000,0.582100000083
70500,0.581000000566
71000,0.587800001025
71500,0.587200000644
72000,0.585000001311
72500,0.584200000763
73000,0.58710000053
73500,0.605500001043
74000,0.589600001812
74500,0.588900001109
75000,0.588800002217
75500,0.589700002074
76000,0.597300000191
76500,0.591400001526
77000,0.584200001359
77500,0.588000000477
78000,0.588800000995
78500,0.592500000894
79000,0.595000000536
79500,0.592700001121
80000,0.588800001323
80500,0.588500001073
81000,0.591300001323
81500,0.594000001967
82000,0.591400001168
82500,0.597600000978
83000,0.595300001144
83500,0.589300000668
84000,0.592400000572
84500,0.592500000834
85000,0.591800001264
85500,0.593600000978
86000,0.590899999678
86500,0.589200000048
87000,0.593000000715
87500,0.588300001323
88000,0.590000001639
88500,0.592900001884
89000,0.593500000477
89500,0.597200000584
90000,0.594000001431
90500,0.595900002062
91000,0.598399999857
91500,0.601299999297
92000,0.591000000596
92500,0.594399999946
93000,0.595500000298
93500,0.600400000393
94000,0.603500001132
94500,0.603000001252
95000,0.601400000751
95500,0.596000000238
96000,0.600000000358
96500,0.597999999702
97000,0.585500001848
97500,0.595000000954
98000,0.600699999928
98500,0.594599998951
99000,0.595100000739
99500,0.592599999964
100000,0.601200000525
100500,0.600200001478
101000,0.595799999058
101500,0.598800002337
102000,0.593800000012
102500,0.598400000334
103000,0.590900000393
103500,0.599400001705
104000,0.601499999344
104500,0.596800000668
105000,0.599600000679
105500,0.593000001848
106000,0.599200000525
106500,0.590500000656
107000,0.597900001884
107500,0.59910000217
108000,0.595000001907
108500,0.595400000542
109000,0.601000002146
109500,0.594600000292
110000,0.600799999774
110500,0.585300000429
111000,0.59810000217
111500,0.599200002015
112000,0.606200001061
112500,0.58910000062
113000,0.596200000107
113500,0.598399999738
114000,0.601600001961
114500,0.597600000799
115000,0.59940000093
115500,0.595000000715
116000,0.596800001204
116500,0.594200000852
117000,0.597100000203
117500,0.587300000131
118000,0.595000000119
118500,0.598600000888
119000,0.599200000465
119500,0.599200000882
120000,0.599600000143
120500,0.594000001371
121000,0.600800000012
121500,0.601900000513
122000,0.58940000096
122500,0.594800001025
123000,0.59790000084
123500,0.601699999869
124000,0.602600000739
124500,0.59590000087
125000,0.593400000811
125500,0.594100000083
126000,0.598700001657
126500,0.588400001407
127000,0.581200000882
127500,0.591500000775
128000,0.5955999991
128500,0.607700000882
129000,0.601600000262
129500,0.598300001681
130000,0.599200001061
130500,0.602700000823
131000,0.591800000131
131500,0.60060000056
132000,0.597600001633
132500,0.595400001049
133000,0.5973000018
133500,0.591899999678
134000,0.602100001156
134500,0.600300000727
135000,0.60710000053
135500,0.596100000322
136000,0.596400001645
136500,0.597800001144
137000,0.597499999434
137500,0.597500000417
138000,0.599099999905
138500,0.606499999762
139000,0.606000000358
139500,0.603000000954
140000,0.594500000477
140500,0.600300000787
141000,0.596000000656
141500,0.60110000062
142000,0.602500000417
142500,0.60350000006
143000,0.602200000107
143500,0.604500000894
144000,0.59860000056
144500,0.603200000763
145000,0.60169999975
145500,0.600499999344
146000,0.603500000417
146500,0.604000000477
147000,0.598600001276
147500,0.601600001037
148000,0.602900001407
148500,0.594900001645
149000,0.603400000453
149500,0.60300000149
150000,0.595300000429
150500,0.602700000405
151000,0.605499999702
151500,0.606700002074
152000,0.595200001001
152500,0.600600000978
153000,0.585900000155
153500,0.600700001299
154000,0.599400000155
154500,0.595300000846
155000,0.603900000155
155500,0.604299999177
156000,0.600100000262
156500,0.603500001669
157000,0.601200001538
157500,0.604300002068
158000,0.593900000751
158500,0.599300001085
159000,0.591200000763
159500,0.602500001132
160000,0.59630000025
160500,0.597800000489
161000,0.610299999595
161500,0.602900001109
162000,0.595700000823
162500,0.602599999785
163000,0.594100001276
163500,0.594999999821
164000,0.59910000056
164500,0.597300000012
165000,0.603200000197
165500,0.601300000489
166000,0.601500000596
166500,0.597699999154
167000,0.598600001276
167500,0.609099999428
168000,0.598000000238
168500,0.601800000906
169000,0.604799998671
169500,0.599900000393
170000,0.597999999344
170500,0.606599999487
171000,0.6005
171500,0.592800000906
172000,0.599100000083
172500,0.598300000846
173000,0.598900001347
173500,0.60730000031
174000,0.603000000894
174500,0.587300000131
175000,0.603900001109
175500,0.59680000025
176000,0.599100000024
176500,0.597300001919
177000,0.600100000083
177500,0.591800001204
178000,0.596600001395
178500,0.606500002027
179000,0.605399999797
179500,0.597400000453
180000,0.602000001252
180500,0.597699999928
181000,0.600699999511
181500,0.604800001204
182000,0.594700000107
182500,0.606000001371
183000,0.599400000721
183500,0.594400000721
184000,0.595400001884
184500,0.603700000882
185000,0.598100001335
185500,0.599000001073
186000,0.60000000149
186500,0.599200000167
187000,0.59670000118
187500,0.596700000703
188000,0.60340000084
188500,0.603100001991
189000,0.599000000745
189500,0.601900000274
190000,0.601000000536
190500,0.595200001091
191000,0.599700001478
191500,0.603000001788
192000,0.590300000548
192500,0.597300001442
193000,0.59730000031
193500,0.599300001085
194000,0.602299999893
194500,0.60689999938
195000,0.596900001407
195500,0.60250000152
196000,0.592100000769
196500,0.604600000739
197000,0.596000000477
197500,0.603600001216
198000,0.610099999428
198500,0.601399999678
199000,0.607199999869
199500,0.602600000143
200000,0.594900000334
200500,0.6108000018
201000,0.607900000274
201500,0.604700000942
202000,0.602799999893
202500,0.605500000834
203000,0.600500000477
203500,0.600900000572
204000,0.604899998128
204500,0.598000001788
205000,0.60390000248
205500,0.603100001693
206000,0.59519999969
206500,0.603900002122
207000,0.60469999963
207500,0.600300000608
208000,0.599900000244
208500,0.598100000143
209000,0.599399999917
209500,0.588100000709
210000,0.600300000072
210500,0.597200001001
211000,0.605500000864
211500,0.604600001693
212000,0.606000000417
212500,0.588700001955
213000,0.599600000978
213500,0.601200002551
214000,0.606100000143
214500,0.601900000095
215000,0.603300001681
215500,0.600399999201
216000,0.600300000519
216500,0.596600000203
217000,0.594800002217
217500,0.592600000083
218000,0.599800001562
218500,0.604000001669
219000,0.604300001234
219500,0.595999998808
220000,0.604000001341
220500,0.60219999969
221000,0.599500000894
221500,0.602600001693
222000,0.605400000453
222500,0.599300000608
223000,0.601700001299
223500,0.595800001144
224000,0.601000000596
224500,0.604599999994
225000,0.60830000031
225500,0.595700000107
226000,0.599400001168
226500,0.603599999309
227000,0.605100001752
227500,0.599000001311
228000,0.596699999928
228500,0.602800002038
229000,0.598200002044
229500,0.603699999094
230000,0.599099999815
230500,0.597300000668
231000,0.594200000107
231500,0.610300001025
232000,0.601799999684
232500,0.604500002146
233000,0.602399999559
233500,0.600700000644
234000,0.599100000799
234500,0.605299999952
235000,0.600300000429
235500,0.59890000087
236000,0.602600000322
236500,0.591799999893
237000,0.602200001657
237500,0.597300000489
238000,0.59990000087
238500,0.602400000811
239000,0.598600000232
239500,0.593200000495
240000,0.603500001371
240500,0.606199999452
241000,0.596000001311
241500,0.59680000037
242000,0.592700001538
242500,0.605199999824
243000,0.600399999261
243500,0.598600000501
244000,0.603199999928
244500,0.598399999559
245000,0.609200000525
245500,0.602200001895
246000,0.610100000501
246500,0.598999999285
247000,0.608300000727
247500,0.603800000846
248000,0.60160000056
248500,0.602799999803
249000,0.592900000483
249500,0.603200001776
250000,0.592600000799
250500,0.597800000489
251000,0.601700000376
251500,0.594299999595
252000,0.594900002122
252500,0.596400001168
253000,0.607300001234
253500,0.599900001287
254000,0.602200001955
254500,0.598100000501
255000,0.602700001389
255500,0.602000001132
256000,0.606800000668
256500,0.602700001061
257000,0.597700000584
257500,0.604600000441
258000,0.600900001884
258500,0.604000000715
259000,0.605700000882
259500,0.601800001085
260000,0.604499999583
260500,0.599500001132
261000,0.604000000119
261500,0.600500000119
262000,0.599800001562
262500,0.603400000811
263000,0.594200001121
263500,0.605799999595
264000,0.602900000185
264500,0.596400001824
265000,0.603499999017
265500,0.601100001335
266000,0.605500000417
266500,0.600400000155
267000,0.601300001144
267500,0.597100000918
268000,0.602400001526
268500,0.603900001645
269000,0.601200000167
269500,0.603300001085
270000,0.595800000668
270500,0.602900001287
271000,0.591700000405
271500,0.599300000787
272000,0.593900000453
272500,0.592200000644
273000,0.601500001013
273500,0.600400000662
274000,0.601400000632
274500,0.598800001442
275000,0.600000000387
275500,0.598700000644
276000,0.60240000087
276500,0.594900001138
277000,0.601600001961
277500,0.594700001597
278000,0.601400000215
278500,0.596900000334
279000,0.611400001347
279500,0.609500000864
280000,0.590800001442
280500,0.602700000048
281000,0.602700000048
281500,0.600800000817
282000,0.592000002146
282500,0.59549999994
283000,0.595300001264
283500,0.606599999487
284000,0.594900000811
284500,0.593700000465
285000,0.605700001478
285500,0.600300001264
286000,0.602899999082
286500,0.599599999845
287000,0.605800000966
287500,0.598500000179
288000,0.600199999869
288500,0.600000001252
289000,0.60070000115
289500,0.602900000751
290000,0.590800001025
290500,0.597800000906
291000,0.594100000024
291500,0.599500000715
292000,0.603999999762
292500,0.602800001532
293000,0.596600000501
293500,0.59180000025
294000,0.59970000118
294500,0.605200001419
295000,0.610200000286
295500,0.610200001299
296000,0.601400001109
296500,0.598
297000,0.605500001431
297500,0.608400002062
298000,0.597399999797
298500,0.601200000882
299000,0.595000000358
299500,0.595100000262
300000,0.594900001228
300500,0.608300000429
301000,0.597100000441
301500,0.599800000608
302000,0.607400001109
302500,0.607900000632
303000,0.599200000346
303500,0.593700000823
304000,0.597400001407
304500,0.60010000205
305000,0.606100000799
305500,0.601299999535
306000,0.601800000131
306500,0.606599999666
307000,0.601200000346
307500,0.597800000608
308000,0.600700000107
308500,0.590900001228
309000,0.610600000083
309500,0.601900000334
310000,0.596900001287
310500,0.601600001574
311000,0.597400000423
311500,0.596200000823
312000,0.599200002313
312500,0.600200000405
313000,0.598099999964
313500,0.593100000978
314000,0.597600001961
314500,0.596700000584
315000,0.608400000572
315500,0.603499999821
316000,0.595700000703
316500,0.597200000882
317000,0.598600001693
317500,0.608000000775
318000,0.600200001657
318500,0.599900001645
319000,0.600300001085
319500,0.607299999893
320000,0.595299999714
320500,0.603900000453
321000,0.600400000453
321500,0.605000001192
322000,0.599099999905
322500,0.593700001419
323000,0.603000001013
323500,0.592600002021
324000,0.598000001311
324500,0.603300001919
325000,0.595900001168
325500,0.597799999774
326000,0.608800000936
326500,0.605500000954
327000,0.598600000739
327500,0.605499999493
328000,0.60660000217
328500,0.602600000501
329000,0.607600001514
329500,0.59620000115
330000,0.608100000918
330500,0.598100001037
331000,0.604600001633
331500,0.595900000572
332000,0.600700000048
332500,0.598500001192
333000,0.597699999928
333500,0.598700000405
334000,0.607099999845
334500,0.599299999952
335000,0.601900000632
335500,0.603100001097
336000,0.597100001335
336500,0.598600000799
337000,0.607500000238
337500,0.598800000429
338000,0.60450000006
338500,0.600100000858
339000,0.601699999392
339500,0.604000001371
340000,0.597900000691
340500,0.60430000025
341000,0.595600001097
341500,0.606300000072
342000,0.600600000322
342500,0.598100000173
343000,0.594700000942
343500,0.599000000417
344000,0.600300000548
344500,0.593700002551
345000,0.604400001049
345500,0.597199999481
346000,0.591800000548
346500,0.603800000489
347000,0.600000001729
347500,0.591700002074
348000,0.597000000298
348500,0.600900000393
349000,0.591100001574
349500,0.602900000811
350000,0.598200001001
350500,0.607000002146
351000,0.604100000799
351500,0.602600000381
352000,0.603800000846
352500,0.596500001132
353000,0.598000000656
353500,0.601000001192
354000,0.598100001216
354500,0.599900001407
355000,0.593000000477
355500,0.59899999994
356000,0.605099999905
356500,0.602700000405
357000,0.599300001204
357500,0.605800001919
358000,0.608000001192
358500,0.600600000888
359000,0.592400001109
359500,0.595100000918
360000,0.60139999944
360500,0.598200001061
361000,0.605800000489
361500,0.600199999928
362000,0.607400000215
362500,0.601000000656
363000,0.599200000376
363500,0.602199999869
364000,0.595900000095
364500,0.60589999938
365000,0.606300000548
365500,0.59130000025
366000,0.604800001442
366500,0.604800001502
367000,0.604500000596
367500,0.595400000334
368000,0.58760000065
368500,0.605500000536
369000,0.599700000942
369500,0.607999999464
370000,0.594999999821
370500,0.596300000548
371000,0.603999999046
371500,0.59580000031
372000,0.599600001812
372500,0.598300000221
373000,0.607500001073
373500,0.598400001407
374000,0.598900001436
374500,0.603100000978
375000,0.602000000298
375500,0.601100000858
376000,0.602900001526
376500,0.611500000596
377000,0.596600000679
377500,0.597800001502
378000,0.605600002617
378500,0.60050000152
379000,0.601200000167
379500,0.601700001955
380000,0.599000001729
380500,0.594300000668
381000,0.595599999756
381500,0.599900001317
382000,0.598700000465
382500,0.594400001049
383000,0.602800000131
383500,0.602700000286
384000,0.602700001359
384500,0.60520000124
385000,0.596600000441
385500,0.605000001192
386000,0.599200000525
386500,0.605800000966
387000,0.610299999714
387500,0.594400001287
388000,0.602500000715
388500,0.602400001943
389000,0.603900001198
389500,0.604399999678
390000,0.606900000334
390500,0.597600000501
391000,0.59580000037
391500,0.604600000203
392000,0.601400000572
392500,0.605900001645
393000,0.601300000191
393500,0.601500002027
394000,0.602599999368
394500,0.596000001132
395000,0.614899999797
395500,0.601300000131
396000,0.595699999183
396500,0.599999999881
397000,0.599400000572
397500,0.600800000489
398000,0.600000000536
398500,0.590000000715
399000,0.599499999344
399500,0.604000000596
400000,0.611600001156
400500,0.600300001323
401000,0.594899999857
401500,0.59870000118
402000,0.601499999762
402500,0.590999999881
403000,0.594700000167
403500,0.593600000024
404000,0.594600002527
404500,0.599000000417
405000,0.597500001788
405500,0.603900000095
406000,0.60360000056
406500,0.594900000453
407000,0.601100000262
407500,0.603000000894
408000,0.604300000757
408500,0.59620000124
409000,0.599700000674
409500,0.603800001621
410000,0.600400001287
410500,0.599200000405
411000,0.594300000191
411500,0.598200001419
412000,0.595100001305
412500,0.605300000161
413000,0.60390000093
413500,0.599400000393
414000,0.599700001419
414500,0.596900001287
415000,0.59940000087
415500,0.596100000799
416000,0.598399999648
416500,0.603600000471
417000,0.59970000118
417500,0.610600000739
418000,0.595000002444
418500,0.597000000954
419000,0.601900000036
419500,0.608700001121
420000,0.604900000095
420500,0.604900001168
421000,0.606100001097
421500,0.599700001061
422000,0.605500000358
422500,0.596500001222
423000,0.602500001848
423500,0.602700000346
424000,0.598600000143
424500,0.603700000644
425000,0.596900000453
425500,0.596400001347
426000,0.599199999988
426500,0.598799999595
427000,0.597299999058
427500,0.603400001884
428000,0.603900000393
428500,0.596800000787
429000,0.601299999475
429500,0.594200000465
430000,0.597600000978
430500,0.596499999523
431000,0.600000000775
431500,0.60150000006
432000,0.595399999678
432500,0.600900000453
433000,0.606900000453
433500,0.598800000906
434000,0.592799999952
434500,0.602900000155
435000,0.593500001311
435500,0.604200000525
436000,0.606599999011
436500,0.604399999976
437000,0.604300000846
437500,0.599600001276
438000,0.594800001413
438500,0.604500000834
439000,0.600800001204
439500,0.59620000118
440000,0.592300002038
440500,0.596499999523
441000,0.599900001198
441500,0.604500001818
442000,0.604000001669
442500,0.609800000131
443000,0.599300000846
443500,0.599000000656
444000,0.601400001287
444500,0.606299999714
445000,0.597000000596
445500,0.599700001359
446000,0.601100000441
446500,0.604600001216
447000,0.586900001466
447500,0.598100000918
448000,0.591099999547
448500,0.598100001454
449000,0.600100001097
449500,0.606400001347
450000,0.600500001669
450500,0.596200000942
451000,0.599400000751
451500,0.59840000087
452000,0.604000001073
452500,0.599400000513
453000,0.599400000006
453500,0.602600000262
454000,0.611400000572
454500,0.59940000093
455000,0.602200000405
455500,0.603700001121
456000,0.609100000322
456500,0.600600001276
457000,0.593300001562
457500,0.613099999309
458000,0.600100001276
458500,0.604699999452
459000,0.602500001311
459500,0.604200001776
460000,0.608100000501
460500,0.604500002205
461000,0.606100000978
461500,0.600999999583
462000,0.600400000989
462500,0.594600001216
463000,0.603600000739
463500,0.606600000978
464000,0.607600001633
464500,0.597800000817
465000,0.604099999011
465500,0.602800002038
466000,0.603100000918
466500,0.598900000751
467000,0.597000000685
467500,0.603700001657
468000,0.603000001431
468500,0.606200000286
469000,0.600800001621
469500,0.594200000584
470000,0.601000000477
470500,0.600400000125
471000,0.596200000256
471500,0.593400000572
472000,0.605400000513
472500,0.600500000954
473000,0.60500000006
473500,0.61050000003
474000,0.600700000823
474500,0.594699999511
475000,0.599400000274
475500,0.600700001061
476000,0.594900001109
476500,0.598599999964
477000,0.599800001279
477500,0.595600000858
478000,0.597900000185
478500,0.598900001019
479000,0.601099999905
479500,0.59629999876
480000,0.600100000501
480500,0.606100000799
481000,0.603100001276
481500,0.598400000572
482000,0.59790000093
482500,0.600100001156
483000,0.598700001657
483500,0.601200002283
484000,0.594299999952
484500,0.596100001872
485000,0.598100001991
485500,0.592900000215
486000,0.605700001121
486500,0.606400000215
487000,0.596700001806
487500,0.601200000167
488000,0.597600001395
488500,0.601000001609
489000,0.599100001574
489500,0.600300000429
490000,0.603700000882
490500,0.594400001228
491000,0.604100001872
491500,0.607800000876
492000,0.599099999964
492500,0.606900000632
493000,0.596300000727
493500,0.603100000292
494000,0.601100000024
494500,0.59820000118
495000,0.598900000364
495500,0.596500001609
496000,0.599700002015
496500,0.602800000548
497000,0.595500001967
497500,0.598300001502
498000,0.598700000942
498500,0.604699999213
499000,0.596499999613
499500,0.602800001264
