500,0.22516025641
1000,0.263721955128
1500,0.31640625
2000,0.362479967949
2500,0.401241987179
3000,0.441506410256
3500,0.426282051282
4000,0.46624599359
4500,0.476362179487
5000,0.486478365385
5500,0.516426282051
6000,0.512820512821
6500,0.549979967949
7000,0.53125
7500,0.536358173077
8000,0.511518429487
8500,0.52984775641
9000,0.547175480769
9500,0.559695512821
10000,0.553385416667
10500,0.556590544872
11000,0.544671474359
11500,0.54296875
12000,0.53125
12500,0.534555288462
13000,0.521935096154
13500,0.523637820513
14000,0.492588141026
14500,0.460136217949
15000,0.461037660256
15500,0.465945512821
16000,0.466546474359
16500,0.462439903846
17000,0.485376602564
17500,0.479867788462
18000,0.477463942308
18500,0.494991987179
19000,0.500100160256
19500,0.497996794872
20000,0.488982371795
20500,0.490084134615
21000,0.503305288462
21500,0.499599358974
22000,0.494190705128
22500,0.506310096154
23000,0.500300480769
23500,0.509114583333
24000,0.519831730769
24500,0.534054487179
25000,0.521834935897
25500,0.530548878205
26000,0.520332532051
26500,0.526141826923
27000,0.545072115385
27500,0.519431089744
28000,0.539463141026
28500,0.528145032051
29000,0.531049679487
29500,0.540665064103
30000,0.553084935897
30500,0.547976762821
31000,0.548076923077
31500,0.544270833333
32000,0.542668269231
32500,0.558693910256
33000,0.553585737179
33500,0.542167467949
34000,0.553986378205
34500,0.549879807692
35000,0.548076923077
35500,0.556590544872
36000,0.55999599359
36500,0.548878205128
37000,0.560596955128
37500,0.561197916667
38000,0.561798878205
38500,0.574819711538
39000,0.561899038462
39500,0.565104166667
40000,0.566907051282
40500,0.561899038462
41000,0.556189903846
41500,0.571314102564
42000,0.561197916667
42500,0.56780849359
43000,0.569010416667
43500,0.565404647436
44000,0.584635416667
44500,0.564503205128
45000,0.568209134615
45500,0.564002403846
46000,0.570913461538
46500,0.558493589744
47000,0.577624198718
47500,0.565504807692
48000,0.578024839744
48500,0.572616185897
49000,0.577924679487
49500,0.583032852564
50000,0.570913461538
50500,0.571614583333
51000,0.572616185897
51500,0.566606570513
52000,0.573417467949
52500,0.567107371795
53000,0.58453525641
53500,0.585236378205
54000,0.586037660256
54500,0.581029647436
55000,0.575320512821
55500,0.575120192308
56000,0.553685897436
56500,0.582832532051
57000,0.579326923077
57500,0.577023237179
58000,0.579326923077
58500,0.580428685897
59000,0.585236378205
59500,0.577624198718
60000,0.59515224359
60500,0.582932692308
61000,0.58062900641
61500,0.579927884615
62000,0.599258814103
62500,0.586939102564
63000,0.587139423077
63500,0.581931089744
64000,0.574619391026
64500,0.579326923077
65000,0.584134615385
65500,0.589142628205
66000,0.58733974359
66500,0.584234775641
67000,0.589042467949
67500,0.590444711538
68000,0.592047275641
68500,0.581630608974
69000,0.594651442308
69500,0.582532051282
70000,0.586838942308
70500,0.594851762821
71000,0.599459134615
71500,0.580028044872
72000,0.599459134615
72500,0.587540064103
73000,0.603866185897
73500,0.59375
74000,0.600560897436
74500,0.596754807692
75000,0.601362179487
75500,0.600260416667
76000,0.589643429487
76500,0.591746794872
77000,0.604166666667
77500,0.596053685897
78000,0.60016025641
78500,0.605268429487
79000,0.589743589744
79500,0.595953525641
80000,0.605669070513
80500,0.590544871795
81000,0.594751602564
81500,0.600661057692
82000,0.596754807692
82500,0.600460737179
83000,0.598858173077
83500,0.595853365385
84000,0.606470352564
84500,0.596454326923
85000,0.606069711538
85500,0.60296474359
86000,0.605568910256
86500,0.606270032051
87000,0.594851762821
87500,0.594350961538
88000,0.597255608974
88500,0.599158653846
89000,0.610677083333
89500,0.600360576923
90000,0.592948717949
90500,0.599559294872
91000,0.604567307692
91500,0.602463942308
92000,0.597255608974
92500,0.602363782051
93000,0.608273237179
93500,0.603766025641
94000,0.604467147436
94500,0.603866185897
95000,0.612580128205
95500,0.621294070513
96000,0.603565705128
96500,0.604266826923
97000,0.618689903846
97500,0.606670673077
98000,0.609575320513
98500,0.616185897436
99000,0.601061698718
99500,0.602664262821
100000,0.609375
100500,0.615384615385
101000,0.605268429487
101500,0.620893429487
102000,0.615284455128
102500,0.609375
103000,0.611478365385
103500,0.614783653846
104000,0.602063301282
104500,0.620693108974
105000,0.610276442308
105500,0.614983974359
106000,0.613782051282
106500,0.608774038462
107000,0.614783653846
107500,0.605068108974
108000,0.609074519231
108500,0.606169871795
109000,0.616286057692
109500,0.615084134615
110000,0.616185897436
110500,0.617688301282
111000,0.601161858974
111500,0.621193910256
112000,0.616185897436
112500,0.614282852564
113000,0.620492788462
113500,0.606169871795
114000,0.618790064103
114500,0.616085737179
115000,0.610176282051
115500,0.615384615385
116000,0.61969150641
116500,0.609775641026
117000,0.622395833333
117500,0.623497596154
118000,0.6171875
118500,0.61468349359
119000,0.608974358974
119500,0.628605769231
120000,0.61187900641
120500,0.620993589744
121000,0.624499198718
121500,0.615985576923
122000,0.623297275641
122500,0.618790064103
123000,0.614082532051
123500,0.611478365385
124000,0.615084134615
124500,0.620592948718
125000,0.617888621795
125500,0.620092147436
126000,0.614783653846
126500,0.624499198718
127000,0.619391025641
127500,0.625100160256
128000,0.613882211538
128500,0.619491185897
129000,0.610576923077
129500,0.624799679487
130000,0.613080929487
130500,0.634114583333
131000,0.606770833333
131500,0.627303685897
132000,0.623297275641
132500,0.622596153846
133000,0.626001602564
133500,0.625100160256
134000,0.618189102564
134500,0.617688301282
135000,0.618890224359
135500,0.615484775641
136000,0.621794871795
136500,0.623397435897
137000,0.613481570513
137500,0.624599358974
138000,0.626602564103
138500,0.630208333333
139000,0.620693108974
139500,0.625400641026
140000,0.628104967949
140500,0.630108173077
141000,0.619391025641
141500,0.619090544872
142000,0.629807692308
142500,0.624899839744
143000,0.62359775641
143500,0.629006410256
144000,0.621394230769
144500,0.631710737179
145000,0.627203525641
145500,0.624799679487
146000,0.619190705128
146500,0.628305288462
147000,0.624799679487
147500,0.634314903846
148000,0.621794871795
148500,0.608373397436
149000,0.636418269231
149500,0.622896634615
150000,0.635216346154
150500,0.630008012821
151000,0.628104967949
151500,0.624799679487
152000,0.633012820513
152500,0.635817307692
