500,0.320100002073
1000,0.398000001848
1500,0.443600000933
2000,0.489200001866
2500,0.544300000727
3000,0.54680000186
3500,0.588700000405
4000,0.606600000381
4500,0.603200000226
5000,0.629800000429
5500,0.630599999368
6000,0.629099999964
6500,0.619700000286
7000,0.637799998999
7500,0.646300000012
8000,0.643000000417
8500,0.659499999046
9000,0.684900000095
9500,0.699399999857
10000,0.692900000691
10500,0.690599999666
11000,0.693199998677
11500,0.701700000286
12000,0.697100000203
12500,0.698199999213
13000,0.680299999118
13500,0.673499999225
14000,0.691599998772
14500,0.698300000489
15000,0.697300000668
15500,0.69400000006
16000,0.698699999392
16500,0.694899999976
17000,0.694699999571
17500,0.68900000149
18000,0.693699998975
18500,0.695999999523
19000,0.692199999034
19500,0.66580000037
20000,0.708700000107
20500,0.70589999938
21000,0.716199998915
21500,0.704199999273
22000,0.713000000238
22500,0.697600000381
23000,0.709099998415
23500,0.701299999595
24000,0.707899999022
24500,0.70399999994
25000,0.679899999857
25500,0.706099999189
26000,0.704999999642
26500,0.691999998629
27000,0.697999999642
27500,0.695799998939
28000,0.705100000143
28500,0.70169999975
29000,0.719200000525
29500,0.724899999738
30000,0.72139999938
30500,0.706999999046
31000,0.716700000226
31500,0.710799999654
32000,0.731099998236
32500,0.713299999714
33000,0.733000000715
33500,0.717700000584
34000,0.722599999785
34500,0.725799999833
35000,0.719600000739
35500,0.701899998963
36000,0.719100000679
36500,0.717400000274
37000,0.713800001264
37500,0.715999999225
38000,0.718399999499
38500,0.721200000465
39000,0.727499998987
39500,0.71330000037
40000,0.719300001025
40500,0.727199999928
41000,0.725100000322
41500,0.720300002158
42000,0.720100000679
42500,0.724599999011
43000,0.71580000031
43500,0.724400001049
44000,0.716900000036
44500,0.718699999452
45000,0.716
45500,0.725100000322
46000,0.715900000811
46500,0.715799999595
47000,0.712499999881
47500,0.715899999797
48000,0.710499999464
48500,0.708499998927
49000,0.707299999833
49500,0.709399999559
50000,0.716300001383
50500,0.721399999082
51000,0.71550000155
51500,0.71290000093
52000,0.704100001752
52500,0.719099999964
53000,0.715999999583
53500,0.722799999475
54000,0.718600000381
54500,0.718199998975
55000,0.711200000525
55500,0.715100000143
56000,0.716300000012
56500,0.716300000012
57000,0.717300000072
57500,0.72210000217
58000,0.712200000107
58500,0.702900000632
59000,0.707099999726
59500,0.715899999559
60000,0.716000000536
60500,0.71270000124
61000,0.718300000429
61500,0.724700000286
62000,0.718999999821
62500,0.71719999975
63000,0.716399999082
63500,0.713000000834
64000,0.715399998903
64500,0.715200000167
65000,0.714300000668
65500,0.709899999976
66000,0.718400000334
66500,0.704400001168
67000,0.722300000191
67500,0.70979999876
68000,0.72069999963
68500,0.71600000006
69000,0.709700000942
69500,0.72049999994
70000,0.711400000453
70500,0.710399998963
71000,0.717200000703
71500,0.715500000238
72000,0.717000001669
72500,0.712900000393
73000,0.712099999428
73500,0.713499998569
74000,0.714700000465
74500,0.719000000656
75000,0.717699998975
75500,0.715999998271
76000,0.717099998713
76500,0.709499999166
77000,0.71650000006
77500,0.719600000918
78000,0.71449999994
78500,0.715799999535
79000,0.715200001538
79500,0.717100000322
80000,0.71469999969
80500,0.713799999714
81000,0.709299999714
81500,0.715699998498
82000,0.720200000346
82500,0.714499999106
83000,0.712699998975
83500,0.712099998653
84000,0.713000000179
84500,0.717900000334
85000,0.720899999619
85500,0.720199999869
86000,0.717000000894
86500,0.715900000393
87000,0.721799999416
87500,0.708500000834
88000,0.711799998999
88500,0.713999999642
89000,0.717900001168
89500,0.719500000477
90000,0.718400001168
90500,0.712200000763
91000,0.715300000489
91500,0.716599999309
92000,0.711700000525
92500,0.712800000966
93000,0.721500001192
93500,0.717100000083
94000,0.717599999785
94500,0.712999999464
95000,0.716400000215
95500,0.713000001132
96000,0.721200000048
96500,0.721899999976
97000,0.718299999714
97500,0.718200000167
98000,0.72290000093
98500,0.720999999762
99000,0.71309999907
99500,0.71940000087
100000,0.716199999154
100500,0.713899999559
101000,0.712699998975
101500,0.717900000215
102000,0.715200000644
102500,0.71719999969
103000,0.713799999297
103500,0.710799999893
104000,0.718899999619
104500,0.715799999774
105000,0.718400000513
105500,0.718599999845
106000,0.718299999237
106500,0.71959999907
107000,0.709400001049
107500,0.718199999511
108000,0.718999999166
108500,0.718900000215
109000,0.707199999094
109500,0.717300000072
110000,0.717799999654
110500,0.717699998558
111000,0.716200000286
111500,0.714100001514
112000,0.71419999969
112500,0.717599999964
113000,0.717699998677
113500,0.718899999797
114000,0.719599999964
114500,0.713599999428
115000,0.719700000405
115500,0.714900000751
116000,0.720399999321
116500,0.72300000006
117000,0.719000000536
117500,0.719500000298
118000,0.719900000155
118500,0.721400000453
119000,0.72030000037
119500,0.719199999571
120000,0.714599999666
120500,0.715000000119
121000,0.71719999975
121500,0.712999999523
122000,0.720700000405
122500,0.718699999511
123000,0.71880000031
123500,0.715099999428
124000,0.713400000095
124500,0.716499999583
125000,0.721399999857
125500,0.718599999249
126000,0.712299999475
126500,0.712200000346
127000,0.714500000834
127500,0.716599999905
128000,0.71689999944
128500,0.718499999166
129000,0.719100000679
129500,0.718900000274
130000,0.711799999833
130500,0.722199998617
131000,0.717600000203
131500,0.715399999857
132000,0.719200000703
132500,0.715099999964
133000,0.714400000989
133500,0.721799998939
134000,0.716000001013
134500,0.722300000012
135000,0.718499999404
135500,0.719000000656
136000,0.71300000006
136500,0.720399998903
137000,0.722400000572
137500,0.708599999607
138000,0.717500001431
138500,0.721200000405
139000,0.711299999535
139500,0.716999998212
140000,0.716799999952
140500,0.716300000012
141000,0.713099999964
141500,0.71860000056
142000,0.721300000191
142500,0.718100000143
143000,0.711899999857
143500,0.719399999857
144000,0.716600000441
144500,0.71669999969
145000,0.716499999642
145500,0.719900001168
146000,0.720199998379
146500,0.710700001001
147000,0.720699999154
147500,0.719100000739
148000,0.717200000048
148500,0.713799998522
149000,0.710000000417
149500,0.718099999666
150000,0.722100001276
150500,0.72049999994
151000,0.716800000429
151500,0.71669999963
152000,0.717400000632
152500,0.718899999797
153000,0.71560000056
153500,0.716100000799
154000,0.712399999201
154500,0.720100000501
155000,0.715400000632
155500,0.715699998796
156000,0.719200000823
156500,0.720800000668
157000,0.718500000358
157500,0.712799999297
158000,0.725800000191
158500,0.713099998474
159000,0.714400000036
159500,0.712999999821
160000,0.717399999082
160500,0.720300000846
161000,0.718600001097
161500,0.716100001335
162000,0.720000000656
162500,0.714799998462
163000,0.720499999404
163500,0.719199999273
164000,0.719400001109
164500,0.716799999714
165000,0.719299999714
165500,0.712399999559
166000,0.717800000131
166500,0.717599999905
167000,0.712700000286
167500,0.717900000453
168000,0.716999999642
168500,0.714599999607
169000,0.722099999785
169500,0.7125
170000,0.716500000179
170500,0.711899999321
171000,0.725600000322
171500,0.713899999321
172000,0.72269999975
172500,0.714199999571
173000,0.719600000918
173500,0.714200000167
174000,0.719200000048
174500,0.719299999416
175000,0.715200000167
175500,0.711100000024
176000,0.716500000894
176500,0.720999999583
177000,0.721799999356
177500,0.718199999273
178000,0.721099999905
178500,0.716200000167
179000,0.72030000031
179500,0.714000000179
180000,0.725000000179
180500,0.71650000149
181000,0.721500000656
181500,0.713699998975
182000,0.719699999571
182500,0.71640000093
183000,0.716699999511
183500,0.719000000656
184000,0.713599998415
184500,0.714599999666
185000,0.719799999595
185500,0.708999999881
186000,0.721300001025
186500,0.716599999428
187000,0.717700001061
187500,0.722300001025
188000,0.717700001061
188500,0.722200000226
189000,0.713899998665
189500,0.718099999666
190000,0.720500000775
190500,0.720300000489
191000,0.714399998784
191500,0.714200000107
192000,0.71480000031
192500,0.713199998915
193000,0.717799999118
193500,0.717899998546
194000,0.718100001216
194500,0.718900000691
195000,0.71870000118
195500,0.718400000036
196000,0.722399999976
196500,0.713900000155
197000,0.717400000751
197500,0.712999999166
198000,0.718500001013
198500,0.718100000381
199000,0.717999999046
199500,0.719100001574
