500,0.332800001465
1000,0.418000001587
1500,0.411900001816
2000,0.457200000681
2500,0.469600001283
3000,0.460700001374
3500,0.478100001261
4000,0.509700002164
4500,0.515900001407
5000,0.49840000248
5500,0.447800001651
6000,0.468400001846
6500,0.480200001836
7000,0.496900001898
7500,0.474100001752
8000,0.509200002275
8500,0.504600001156
9000,0.528500001907
9500,0.512100001693
10000,0.543200001895
10500,0.547100001395
11000,0.565000000358
11500,0.531900000781
12000,0.540800001502
12500,0.561400000691
13000,0.580800001293
13500,0.563200002044
14000,0.583999999791
14500,0.587800000399
15000,0.590400001585
15500,0.59330000034
16000,0.609800001204
16500,0.597400000602
17000,0.591800000906
17500,0.580000000358
18000,0.59830000031
18500,0.604699999094
19000,0.621200000226
19500,0.626199998796
20000,0.615500000179
20500,0.620800000906
21000,0.636800001681
21500,0.633400001049
22000,0.640800000548
22500,0.651800000072
23000,0.640999999821
23500,0.628199999094
24000,0.648899999857
24500,0.652899999499
25000,0.650299999952
25500,0.660400000334
26000,0.657699999928
26500,0.654200000763
27000,0.67010000062
27500,0.672100000083
28000,0.673500000179
28500,0.674700000048
29000,0.670700000703
29500,0.676499999404
30000,0.675400000393
30500,0.686799999833
31000,0.685500000358
31500,0.680400000393
32000,0.687699999511
32500,0.691799999714
33000,0.679600000024
33500,0.699700000882
34000,0.686899999499
34500,0.698500000298
35000,0.701999999762
35500,0.687899999738
36000,0.698500001013
36500,0.690800000131
37000,0.687999999583
37500,0.68989999938
38000,0.700500000715
38500,0.694799998641
39000,0.703500000477
39500,0.691800001204
40000,0.703299998641
40500,0.699199999988
41000,0.70369999963
41500,0.709999999762
42000,0.702699999273
42500,0.705900000215
43000,0.700099999666
43500,0.706999999821
44000,0.698099999547
44500,0.700700000346
45000,0.702300001264
45500,0.719899999857
46000,0.710299999774
46500,0.715600000024
47000,0.707400000572
47500,0.713599998713
48000,0.711600000381
48500,0.714100000262
49000,0.716399999857
49500,0.701200001597
50000,0.719999999404
50500,0.712399998963
51000,0.700100001514
51500,0.692000000536
52000,0.711899999976
52500,0.706100000679
53000,0.707700000763
53500,0.709699999273
54000,0.711499999702
54500,0.709400000036
55000,0.709500000477
55500,0.706700000286
56000,0.705600000083
56500,0.70999999994
57000,0.703300000668
57500,0.705700000763
58000,0.719699999452
58500,0.71500000155
59000,0.711299999833
59500,0.708600000799
60000,0.703800000131
60500,0.705500000715
61000,0.699699999809
61500,0.707599999845
62000,0.706000000238
62500,0.708000000596
63000,0.709099999309
63500,0.705100000083
64000,0.709399999499
64500,0.711399999797
65000,0.71569999963
65500,0.71550000006
66000,0.715700000823
66500,0.709999999583
67000,0.718600000024
67500,0.705299999356
68000,0.71830000025
68500,0.716999998868
69000,0.709899999261
69500,0.71530000031
70000,0.713500000119
70500,0.710000000834
71000,0.70869999963
71500,0.713600000143
72000,0.705899999857
72500,0.71469999969
73000,0.709799998879
73500,0.704999997973
74000,0.715300000429
74500,0.71199999994
75000,0.717199999809
75500,0.719400000811
76000,0.712800001144
76500,0.719600000978
77000,0.710399999976
77500,0.713499999166
78000,0.708600000143
78500,0.714800000131
79000,0.716099999607
79500,0.712000000417
80000,0.713900001228
80500,0.712700000107
81000,0.720099999726
81500,0.716499999404
82000,0.711800000489
82500,0.708099998474
83000,0.705899999917
83500,0.709299999714
84000,0.71330000037
84500,0.713800000787
85000,0.71469999963
85500,0.707999999344
86000,0.719600001454
86500,0.71019999975
87000,0.71840000087
87500,0.711500001192
88000,0.715000000358
88500,0.710799999595
89000,0.705699999571
89500,0.717699999869
90000,0.712700000346
90500,0.71989999944
91000,0.715700000584
91500,0.72
92000,0.718600000679
92500,0.70879999882
93000,0.713000000119
93500,0.718599999726
94000,0.71449999994
94500,0.715000000179
95000,0.709400000095
95500,0.712200000346
96000,0.719599999487
96500,0.716700001061
97000,0.714200000226
97500,0.716099998832
98000,0.712200000167
98500,0.71930000031
99000,0.717500000477
99500,0.723500000238
100000,0.719099999309
100500,0.722000000656
101000,0.715599999666
101500,0.707899999797
102000,0.705600000262
102500,0.71300000006
103000,0.71719999975
103500,0.710100000203
104000,0.718000000179
104500,0.713699999928
105000,0.716000000477
105500,0.714599998415
106000,0.717199999988
106500,0.715400000513
107000,0.715100000143
107500,0.719200000226
108000,0.710799999893
108500,0.717200000226
109000,0.71669999969
109500,0.713400000334
110000,0.713799998283
110500,0.716000000715
111000,0.716700000226
111500,0.713400000691
112000,0.713900000274
112500,0.713100000679
113000,0.72050000006
113500,0.714499999583
114000,0.718899999917
114500,0.711300000668
115000,0.71269999975
115500,0.71980000025
116000,0.707999999642
116500,0.713299999237
117000,0.721700000882
117500,0.721899999917
118000,0.71839999938
118500,0.715899999619
119000,0.716100000739
119500,0.723899999321
120000,0.720200000584
120500,0.709700000226
121000,0.716499999821
121500,0.714599999309
122000,0.723700001538
122500,0.715899998963
123000,0.709300000072
123500,0.710700000554
124000,0.716699999213
124500,0.714700000644
125000,0.716199999988
125500,0.717900001049
126000,0.713500001311
126500,0.711599999547
127000,0.712100000262
127500,0.716599999309
128000,0.714799999952
128500,0.717000000298
129000,0.713499999583
129500,0.715099998891
130000,0.72180000025
130500,0.716199999809
131000,0.717700000346
131500,0.719400001407
132000,0.712500000834
132500,0.714099999428
133000,0.722500000656
133500,0.712000002205
134000,0.722200002015
134500,0.716299999714
135000,0.717799999714
135500,0.709599999487
136000,0.717399998844
136500,0.715400000453
137000,0.715099999487
137500,0.71000000006
138000,0.721099998951
138500,0.714900000215
139000,0.71499999851
139500,0.714800000548
140000,0.711700001895
140500,0.713799998999
141000,0.714199999392
141500,0.710299999416
142000,0.713099999785
142500,0.709999999702
143000,0.713800001323
143500,0.720499999881
144000,0.712400000572
144500,0.718600000024
145000,0.709999998868
145500,0.722
146000,0.715700001299
146500,0.712699999273
147000,0.71260000056
147500,0.719600000262
148000,0.716200000823
148500,0.710200000107
149000,0.716999999404
149500,0.714200000882
150000,0.713999999702
150500,0.717999999702
151000,0.71320000124
151500,0.713300001204
152000,0.71819999975
152500,0.714800000548
153000,0.715200000226
153500,0.71169999969
154000,0.719700000107
154500,0.717799998879
155000,0.717400001287
155500,0.717399999857
156000,0.717900000274
156500,0.718400001049
157000,0.724599999487
157500,0.71830000031
158000,0.720200000346
158500,0.719899999857
159000,0.71750000006
159500,0.719299999774
160000,0.72300000006
160500,0.714699999869
161000,0.714699999511
161500,0.714100000262
162000,0.713900001168
162500,0.719600000501
163000,0.718699999511
163500,0.708300000072
164000,0.719399999857
164500,0.719600001156
165000,0.715499999285
165500,0.716499998629
166000,0.718299999833
166500,0.71349999845
167000,0.716699998677
167500,0.707699999094
168000,0.719100001872
168500,0.71269999963
169000,0.71229999882
169500,0.720600000381
170000,0.72369999969
170500,0.712799998045
171000,0.707799998224
171500,0.715299999177
172000,0.716699999571
172500,0.712700001121
173000,0.713099998951
173500,0.715599997461
174000,0.709800000727
174500,0.721700002074
175000,0.710100000858
175500,0.713100000501
176000,0.713499999523
176500,0.708900000393
177000,0.719599999905
177500,0.720299999058
178000,0.71629999882
178500,0.722500000119
179000,0.714400001049
179500,0.717100000679
180000,0.716199999869
180500,0.716500000119
181000,0.717200000226
181500,0.719399999499
182000,0.719200000346
182500,0.714000000775
183000,0.72149999994
183500,0.718900000155
184000,0.714200001359
184500,0.716199999869
185000,0.71900000006
185500,0.715600001156
186000,0.71280000025
186500,0.71370000124
187000,0.710899999321
187500,0.718600000441
188000,0.711400000572
188500,0.714000000775
189000,0.716099998713
189500,0.724300000787
190000,0.715199999511
190500,0.715099999845
191000,0.716800000012
191500,0.713200000286
192000,0.712599999189
192500,0.712900000811
193000,0.715800000072
193500,0.716600000381
194000,0.712900000513
194500,0.709700000346
195000,0.715299999952
195500,0.71530000031
196000,0.716500000119
196500,0.722200000107
197000,0.716499998927
197500,0.720799999654
198000,0.71610000056
198500,0.713400000393
199000,0.722700000048
199500,0.724699998856
