500,0.446200000137
1000,0.603899999201
1500,0.637100001574
2000,0.604600001395
2500,0.715600000679
3000,0.653200000226
3500,0.779300000191
4000,0.738300000787
4500,0.776400001407
5000,0.783600001574
5500,0.789100001931
6000,0.790900000811
6500,0.809300002337
7000,0.819100001693
7500,0.849399999857
8000,0.834300001144
8500,0.849700001359
9000,0.840600000024
9500,0.864400000095
10000,0.863299998999
10500,0.868599998713
11000,0.862599998832
11500,0.894999994874
12000,0.874399999857
12500,0.87939999783
13000,0.889699997544
13500,0.897099995375
14000,0.895099995971
14500,0.896599995494
15000,0.900999993801
15500,0.882299998045
16000,0.888299997211
16500,0.908599993944
17000,0.906899994969
17500,0.887399997711
18000,0.907199995399
18500,0.907699994683
19000,0.908599995136
19500,0.912299994826
20000,0.914199994326
20500,0.917999993086
21000,0.91569999373
21500,0.918699993134
22000,0.914799993396
22500,0.914999994159
23000,0.91579999423
23500,0.924199993014
24000,0.922799993157
24500,0.928199993372
25000,0.931099993348
25500,0.924199994445
26000,0.916599993587
26500,0.921499993801
27000,0.920899993539
27500,0.931399992824
28000,0.928199993491
28500,0.928999993563
29000,0.928099992633
29500,0.937199991822
30000,0.938099993706
30500,0.93659999299
31000,0.931199993491
31500,0.943999992132
32000,0.941499993324
32500,0.940799993515
33000,0.941299992681
33500,0.941499991417
34000,0.942999992371
34500,0.946099992514
35000,0.941399992466
35500,0.940599992037
36000,0.944299991369
36500,0.939499992847
37000,0.939499992967
37500,0.941799991846
38000,0.940599992871
38500,0.941199992776
39000,0.945099992871
39500,0.943299992323
40000,0.943699992418
40500,0.941199992061
41000,0.93759999299
41500,0.943699991822
42000,0.9452999928
42500,0.946699991941
43000,0.947099992394
43500,0.942299993157
44000,0.943899992466
44500,0.943599992394
45000,0.946999992847
45500,0.935399993062
46000,0.941799992204
46500,0.9437999928
47000,0.940799992204
47500,0.945499991179
48000,0.944399993062
48500,0.940299992323
49000,0.94459999311
49500,0.947099992275
50000,0.944499993086
50500,0.942299992204
51000,0.945299992085
51500,0.945399992585
52000,0.942999992967
52500,0.941899992943
53000,0.948699991703
53500,0.948799992323
54000,0.94869999218
54500,0.948599992752
55000,0.948699991822
55500,0.952699993253
56000,0.950899992943
56500,0.955899992466
57000,0.951099992871
57500,0.950099992752
58000,0.955799992919
58500,0.949299992681
59000,0.957499993086
59500,0.95009999299
60000,0.95289999187
60500,0.956799992681
61000,0.951599992871
61500,0.950799992681
62000,0.952399993062
62500,0.950399992704
63000,0.951599992752
63500,0.950799992085
64000,0.951899992466
64500,0.949699993253
65000,0.95299999249
65500,0.952699992776
66000,0.953599992275
66500,0.951899992585
67000,0.952699992537
67500,0.953499992967
68000,0.951199992537
68500,0.953899993658
69000,0.95409999299
69500,0.950799992085
70000,0.950199993372
70500,0.951499992251
71000,0.950699993491
71500,0.95209999311
72000,0.948999992371
72500,0.952799991727
73000,0.95369999361
73500,0.951099992514
74000,0.950699992776
74500,0.95319999361
75000,0.954199992418
75500,0.951099993706
76000,0.952299993277
76500,0.950699992299
77000,0.951199992299
77500,0.952199993014
78000,0.951799993396
78500,0.952699993372
79000,0.955399993062
79500,0.953899993777
80000,0.955299993277
80500,0.951999991417
81000,0.95489999342
81500,0.957599992871
82000,0.954099992514
82500,0.951999993801
83000,0.955199993253
83500,0.956199993134
84000,0.95609999299
84500,0.952799992561
85000,0.95369999218
85500,0.953699991941
86000,0.954799992442
86500,0.954699993491
87000,0.953599992633
87500,0.952899992824
88000,0.957099992394
88500,0.952499992967
89000,0.954499992967
89500,0.952399991512
90000,0.95469999218
90500,0.951699992776
91000,0.955999992728
91500,0.95389999342
92000,0.951899991632
92500,0.955499992847
93000,0.953999993086
93500,0.952899992824
94000,0.953499992251
94500,0.956199993253
95000,0.951799992681
95500,0.954799991965
96000,0.953899993062
96500,0.955599992275
97000,0.953899992466
97500,0.955399992824
98000,0.951999993086
98500,0.954299992442
99000,0.953299993277
99500,0.953099992871
100000,0.951499992967
100500,0.953799992919
101000,0.950799992323
101500,0.952499992728
102000,0.952199992657
102500,0.952399992704
103000,0.954099992514
103500,0.951499992132
104000,0.954099993348
104500,0.951499992609
105000,0.953199993134
105500,0.95369999218
106000,0.953199993372
106500,0.951099992514
107000,0.952799992204
107500,0.952799992681
108000,0.954499993205
108500,0.952199992061
109000,0.953599992752
109500,0.954599992514
110000,0.950999992847
110500,0.953799991965
111000,0.954599993348
111500,0.954699993491
112000,0.955299992561
112500,0.955999993086
113000,0.956299992681
113500,0.955599992871
114000,0.954899993062
114500,0.952199992895
115000,0.953899992704
115500,0.95349999249
116000,0.956299992442
116500,0.954299992561
117000,0.951399992943
117500,0.953799993277
118000,0.951999992371
118500,0.954599993467
119000,0.955499993563
119500,0.957099992752
120000,0.953999993086
120500,0.953799993277
121000,0.95039999187
121500,0.954399992704
122000,0.95599999249
122500,0.957699992299
123000,0.952299992323
123500,0.956899991751
124000,0.955099993229
124500,0.955799992681
125000,0.951699992657
125500,0.953599992275
126000,0.953999992728
126500,0.954099991679
127000,0.954499992251
127500,0.954999992847
128000,0.952699992657
128500,0.954199992776
129000,0.95309999311
129500,0.954599992871
130000,0.952699991941
130500,0.953199993849
131000,0.953899992347
131500,0.95119999218
132000,0.953199993491
132500,0.954399993181
133000,0.956999992251
133500,0.954699993253
134000,0.951899992466
134500,0.953599992871
135000,0.953999992609
135500,0.956599992514
136000,0.951599991798
136500,0.956299993396
137000,0.955699992418
137500,0.952199992418
138000,0.953199993014
138500,0.952899992108
139000,0.954499992728
139500,0.954599993348
140000,0.954299993038
140500,0.957999993205
141000,0.953199994326
141500,0.955899992228
142000,0.955299992561
142500,0.95329999125
143000,0.954899992704
143500,0.9573999933
144000,0.952599992871
144500,0.953799992919
145000,0.954799992204
145500,0.956299992442
146000,0.952499992371
146500,0.955099992037
147000,0.950899992466
147500,0.954399992824
148000,0.954099992514
148500,0.957799992681
149000,0.955199992776
149500,0.955099993587
150000,0.953499992967
150500,0.953599992752
151000,0.9548999933
151500,0.952299993038
152000,0.954899993181
152500,0.954599992275
153000,0.955899992943
153500,0.954999992132
154000,0.952999993324
154500,0.952799993515
155000,0.955099992275
155500,0.956199993372
156000,0.951299992561
156500,0.955299993157
157000,0.954999993205
157500,0.953699992299
158000,0.954099992871
158500,0.954499992728
159000,0.953299992204
159500,0.953699993372
160000,0.954099992037
160500,0.957099992871
161000,0.955599992394
161500,0.952599992633
162000,0.956299993157
162500,0.953999992371
163000,0.955399993062
163500,0.955499992847
164000,0.953799993396
164500,0.955599993467
165000,0.952899993062
165500,0.952499993324
166000,0.952799993634
166500,0.955399992585
167000,0.953199992895
167500,0.955399992585
168000,0.954599992514
168500,0.954999992728
169000,0.95299999404
169500,0.957099992275
170000,0.954799992561
170500,0.954999992847
171000,0.956699993134
171500,0.951099992871
172000,0.955699992418
172500,0.955899992347
173000,0.955999992251
173500,0.954199992418
174000,0.9502999928
174500,0.95619999218
175000,0.952699993849
175500,0.955399992347
176000,0.954699993372
176500,0.952099992633
177000,0.954099992156
177500,0.953799992442
178000,0.954499992132
178500,0.953399992347
179000,0.953799992204
179500,0.955699993014
180000,0.954799993634
180500,0.955499993443
181000,0.955899992704
181500,0.953499992967
182000,0.954899993181
182500,0.953699992776
183000,0.953399991751
183500,0.9567999928
184000,0.951199992299
184500,0.954199993134
185000,0.954399992704
185500,0.954899992347
186000,0.953499993443
186500,0.957999993443
187000,0.953799992442
187500,0.954399992347
188000,0.955299993157
188500,0.955999993324
189000,0.955499993086
189500,0.953899992347
190000,0.957699992776
190500,0.954999992251
191000,0.955899993181
191500,0.954799993277
192000,0.954799992442
192500,0.954699993491
193000,0.954799992919
193500,0.955299991727
194000,0.9553999933
194500,0.954299993038
195000,0.952699991703
195500,0.956499992847
196000,0.953899991989
196500,0.956599993229
197000,0.954599993467
197500,0.954399992585
198000,0.952599992394
198500,0.956899992347
199000,0.955699993372
199500,0.954299993277
