500,0.256109775641
1000,0.285957532051
1500,0.295873397436
2000,0.302483974359
2500,0.349659455128
3000,0.427884615385
3500,0.443409455128
4000,0.476362179487
4500,0.5078125
5000,0.534955929487
5500,0.557391826923
6000,0.541065705128
6500,0.565204326923
7000,0.577624198718
7500,0.60016025641
8000,0.590845352564
8500,0.638521634615
9000,0.602864583333
9500,0.642628205128
10000,0.626302083333
10500,0.645633012821
11000,0.648838141026
11500,0.649338942308
12000,0.650741185897
12500,0.621394230769
13000,0.638822115385
13500,0.653645833333
14000,0.657752403846
14500,0.66937099359
15000,0.677884615385
15500,0.670773237179
16000,0.687199519231
16500,0.6640625
17000,0.676482371795
17500,0.688100961538
18000,0.67828525641
18500,0.69671474359
19000,0.705829326923
19500,0.686398237179
20000,0.711037660256
20500,0.708834134615
21000,0.694911858974
21500,0.733874198718
22000,0.706931089744
22500,0.722956730769
23000,0.70452724359
23500,0.729266826923
24000,0.725260416667
24500,0.710136217949
25000,0.702423878205
25500,0.73828125
26000,0.722155448718
26500,0.731971153846
27000,0.679086538462
27500,0.709835737179
28000,0.685396634615
28500,0.693008814103
29000,0.636818910256
29500,0.607271634615
30000,0.648637820513
30500,0.586338141026
31000,0.635016025641
31500,0.617087339744
32000,0.615284455128
32500,0.635817307692
33000,0.642528044872
33500,0.616386217949
34000,0.590344551282
34500,0.57672275641
35000,0.586037660256
35500,0.593850160256
36000,0.597956730769
36500,0.566306089744
37000,0.570713141026
37500,0.585336538462
38000,0.611177884615
38500,0.603665865385
39000,0.600961538462
39500,0.585436698718
40000,0.598657852564
40500,0.621794871795
41000,0.614383012821
41500,0.608072916667
42000,0.595552884615
42500,0.611177884615
43000,0.614583333333
43500,0.601462339744
44000,0.612079326923
44500,0.623297275641
45000,0.617487980769
45500,0.638822115385
46000,0.626702724359
46500,0.621294070513
47000,0.625801282051
47500,0.613181089744
48000,0.627203525641
48500,0.630108173077
49000,0.627103365385
49500,0.618990384615
50000,0.612079326923
50500,0.599358974359
51000,0.625600961538
51500,0.629206730769
52000,0.641125801282
52500,0.648537660256
53000,0.631510416667
53500,0.627804487179
54000,0.631310096154
54500,0.637720352564
55000,0.623898237179
55500,0.652644230769
56000,0.629807692308
56500,0.633012820513
57000,0.641526442308
57500,0.631109775641
58000,0.620292467949
58500,0.628305288462
59000,0.640024038462
59500,0.631209935897
60000,0.626302083333
60500,0.632011217949
61000,0.636518429487
61500,0.635616987179
62000,0.641726762821
62500,0.623898237179
63000,0.647135416667
63500,0.646935096154
64000,0.647836538462
64500,0.653545673077
65000,0.639523237179
65500,0.635616987179
66000,0.638521634615
66500,0.651842948718
67000,0.643629807692
67500,0.64593349359
68000,0.640725160256
68500,0.643229166667
69000,0.628806089744
69500,0.635516826923
70000,0.626602564103
70500,0.631510416667
71000,0.629206730769
71500,0.664963942308
72000,0.632612179487
72500,0.63531650641
73000,0.643429487179
73500,0.652844551282
74000,0.639322916667
74500,0.638020833333
75000,0.639122596154
75500,0.64453125
76000,0.662960737179
76500,0.634415064103
77000,0.640224358974
77500,0.647536057692
78000,0.648737980769
78500,0.639122596154
79000,0.646534455128
79500,0.657351762821
80000,0.645633012821
80500,0.666666666667
81000,0.648537660256
81500,0.650340544872
82000,0.648537660256
82500,0.640024038462
83000,0.632612179487
83500,0.640524839744
84000,0.651141826923
84500,0.64983974359
85000,0.651542467949
85500,0.657451923077
86000,0.641326121795
86500,0.652844551282
87000,0.665865384615
87500,0.65094150641
88000,0.660256410256
88500,0.653846153846
89000,0.674479166667
89500,0.646033653846
90000,0.668770032051
90500,0.656550480769
91000,0.649238782051
91500,0.65875400641
92000,0.667768429487
92500,0.663561698718
93000,0.661157852564
93500,0.669671474359
94000,0.666766826923
94500,0.654547275641
95000,0.661758814103
95500,0.659655448718
96000,0.658052884615
96500,0.646133814103
97000,0.656951121795
97500,0.673778044872
98000,0.646935096154
98500,0.658052884615
99000,0.655749198718
99500,0.666666666667
100000,0.656149839744
100500,0.653044871795
101000,0.666766826923
101500,0.655048076923
102000,0.649439102564
102500,0.657952724359
103000,0.676081730769
103500,0.671173878205
104000,0.661959134615
104500,0.676883012821
105000,0.675180288462
105500,0.668469551282
106000,0.663461538462
106500,0.672576121795
107000,0.669070512821
107500,0.651041666667
108000,0.666466346154
108500,0.663361378205
109000,0.652544070513
109500,0.676382211538
110000,0.672976762821
110500,0.680488782051
111000,0.672576121795
111500,0.670572916667
112000,0.679487179487
112500,0.674779647436
113000,0.66155849359
113500,0.66656650641
114000,0.654547275641
114500,0.675480769231
115000,0.677283653846
115500,0.678084935897
116000,0.657451923077
116500,0.66656650641
117000,0.658854166667
117500,0.659354967949
118000,0.687800480769
118500,0.661358173077
119000,0.661959134615
119500,0.680088141026
120000,0.688601762821
120500,0.683794070513
121000,0.665965544872
121500,0.667868589744
122000,0.661358173077
122500,0.684094551282
123000,0.671875
123500,0.666065705128
124000,0.67718349359
124500,0.66796875
125000,0.676181891026
125500,0.683894230769
126000,0.664663461538
126500,0.667868589744
127000,0.663762019231
127500,0.679286858974
128000,0.687299679487
128500,0.670673076923
129000,0.681891025641
129500,0.657051282051
130000,0.669471153846
130500,0.675180288462
131000,0.670973557692
131500,0.664563301282
132000,0.65765224359
132500,0.683794070513
133000,0.680288461538
133500,0.675580929487
134000,0.689102564103
134500,0.686197916667
135000,0.683894230769
135500,0.680488782051
136000,0.684094551282
136500,0.677884615385
137000,0.703826121795
137500,0.686698717949
138000,0.692908653846
138500,0.664863782051
139000,0.678685897436
139500,0.661057692308
140000,0.673477564103
140500,0.66937099359
141000,0.683693910256
141500,0.674579326923
142000,0.676382211538
142500,0.673677884615
143000,0.688201121795
143500,0.692407852564
144000,0.678485576923
144500,0.673177083333
145000,0.677984775641
145500,0.675881410256
146000,0.678385416667
146500,0.679086538462
147000,0.689703525641
147500,0.682491987179
148000,0.694911858974
148500,0.679286858974
149000,0.677784455128
149500,0.674579326923
150000,0.678485576923
150500,0.675280448718
151000,0.684495192308
151500,0.684695512821
152000,0.684294871795
152500,0.677383814103
153000,0.684395032051
153500,0.690204326923
154000,0.696614583333
154500,0.683393429487
155000,0.692307692308
155500,0.688401442308
156000,0.679987980769
156500,0.675681089744
157000,0.69921875
157500,0.682291666667
158000,0.689302884615
158500,0.684294871795
159000,0.682091346154
159500,0.690404647436
160000,0.680288461538
160500,0.685196314103
161000,0.695012019231
161500,0.687099358974
162000,0.692407852564
162500,0.697616185897
163000,0.674579326923
163500,0.694711538462
164000,0.685296474359
164500,0.689703525641
165000,0.683994391026
165500,0.688802083333
166000,0.684795673077
166500,0.6796875
167000,0.689002403846
167500,0.691105769231
168000,0.68609775641
168500,0.698918269231
169000,0.692508012821
169500,0.684495192308
170000,0.692508012821
170500,0.682592147436
171000,0.690104166667
171500,0.690304487179
172000,0.689002403846
172500,0.692307692308
173000,0.680288461538
173500,0.699919871795
174000,0.703525641026
174500,0.696514423077
175000,0.685997596154
175500,0.6953125
176000,0.690404647436
176500,0.691205929487
177000,0.692407852564
177500,0.688701923077
178000,0.68219150641
178500,0.692608173077
179000,0.696113782051
179500,0.690604967949
180000,0.692908653846
180500,0.690404647436
181000,0.693108974359
181500,0.691005608974
182000,0.693309294872
182500,0.687199519231
183000,0.687099358974
183500,0.700721153846
184000,0.698417467949
184500,0.704927884615
185000,0.702323717949
185500,0.700420673077
186000,0.68609775641
186500,0.702123397436
187000,0.677483974359
187500,0.688701923077
188000,0.690805288462
188500,0.695112179487
189000,0.704627403846
189500,0.692307692308
190000,0.688601762821
190500,0.694310897436
191000,0.686598557692
191500,0.708733974359
192000,0.683794070513
192500,0.699318910256
193000,0.68219150641
193500,0.694310897436
194000,0.692107371795
194500,0.691907051282
195000,0.689403044872
195500,0.690104166667
196000,0.679286858974
196500,0.69000400641
197000,0.706029647436
197500,0.686498397436
198000,0.699619391026
198500,0.713141025641
199000,0.697215544872
199500,0.698217147436
