500,0.219851762821
1000,0.347355769231
1500,0.431891025641
2000,0.517728365385
2500,0.587239583333
3000,0.600661057692
3500,0.655248397436
4000,0.64312900641
4500,0.624799679487
5000,0.672876602564
5500,0.659054487179
6000,0.638421474359
6500,0.635616987179
7000,0.631710737179
7500,0.660456730769
8000,0.675881410256
8500,0.660456730769
9000,0.635016025641
9500,0.652243589744
10000,0.670973557692
10500,0.673577724359
11000,0.679387019231
11500,0.662760416667
12000,0.645032051282
12500,0.633914262821
13000,0.632211538462
13500,0.660356570513
14000,0.643329326923
14500,0.641726762821
15000,0.65625
15500,0.646133814103
16000,0.646033653846
16500,0.651342147436
17000,0.657952724359
17500,0.648237179487
18000,0.653245192308
18500,0.654747596154
19000,0.64983974359
19500,0.659955929487
20000,0.649238782051
20500,0.643729967949
21000,0.643529647436
21500,0.653645833333
22000,0.639623397436
22500,0.634915865385
23000,0.655148237179
23500,0.648237179487
24000,0.644631410256
24500,0.639723557692
25000,0.64593349359
25500,0.631310096154
26000,0.649038461538
26500,0.658854166667
27000,0.639623397436
27500,0.631109775641
28000,0.655348557692
28500,0.650040064103
29000,0.631810897436
29500,0.647536057692
30000,0.642928685897
30500,0.639723557692
31000,0.653445512821
31500,0.651542467949
32000,0.642427884615
32500,0.642227564103
33000,0.641526442308
33500,0.651041666667
34000,0.658954326923
34500,0.644631410256
35000,0.653946314103
35500,0.647636217949
36000,0.66155849359
36500,0.651742788462
37000,0.648737980769
37500,0.631510416667
38000,0.655048076923
38500,0.646734775641
39000,0.663161057692
39500,0.645032051282
40000,0.646534455128
40500,0.653245192308
41000,0.650841346154
41500,0.640625
42000,0.65484775641
42500,0.672175480769
43000,0.661858974359
43500,0.651542467949
44000,0.655348557692
44500,0.653445512821
45000,0.66155849359
45500,0.664863782051
46000,0.655448717949
46500,0.662459935897
47000,0.661157852564
47500,0.655148237179
48000,0.662760416667
48500,0.658854166667
49000,0.668870192308
49500,0.667067307692
50000,0.66015625
50500,0.676883012821
51000,0.671073717949
51500,0.663762019231
52000,0.665164262821
52500,0.678385416667
53000,0.659855769231
53500,0.676282051282
54000,0.66155849359
54500,0.656850961538
55000,0.663461538462
55500,0.671474358974
56000,0.676482371795
56500,0.6796875
57000,0.683393429487
57500,0.680388621795
58000,0.692207532051
58500,0.681590544872
59000,0.673177083333
59500,0.668369391026
60000,0.684294871795
60500,0.677984775641
61000,0.680989583333
61500,0.675180288462
62000,0.68219150641
62500,0.677283653846
63000,0.682592147436
63500,0.674178685897
64000,0.6796875
64500,0.680689102564
65000,0.686398237179
65500,0.680789262821
66000,0.680388621795
66500,0.677684294872
67000,0.676181891026
67500,0.681189903846
68000,0.671875
68500,0.689102564103
69000,0.685196314103
69500,0.674879807692
70000,0.686398237179
70500,0.659054487179
71000,0.679787660256
71500,0.681390224359
72000,0.681189903846
72500,0.678585737179
73000,0.691907051282
73500,0.678786057692
74000,0.673377403846
74500,0.6796875
75000,0.693810096154
75500,0.690104166667
76000,0.688000801282
76500,0.681390224359
77000,0.678786057692
77500,0.691005608974
78000,0.682491987179
78500,0.686698717949
79000,0.698717948718
79500,0.66796875
80000,0.685697115385
80500,0.684094551282
81000,0.677984775641
81500,0.685396634615
82000,0.687399839744
82500,0.68219150641
83000,0.688501602564
83500,0.6875
84000,0.685296474359
84500,0.693409455128
85000,0.702023237179
85500,0.684194711538
86000,0.693008814103
86500,0.700520833333
87000,0.684395032051
87500,0.69671474359
88000,0.702624198718
88500,0.690304487179
89000,0.683794070513
89500,0.695112179487
90000,0.695012019231
90500,0.690204326923
91000,0.689302884615
91500,0.690905448718
92000,0.701923076923
92500,0.702323717949
93000,0.695913461538
93500,0.700821314103
94000,0.706430288462
94500,0.704226762821
95000,0.693309294872
95500,0.696814903846
96000,0.694811698718
96500,0.697215544872
97000,0.69671474359
97500,0.702524038462
98000,0.694811698718
98500,0.70452724359
99000,0.699919871795
99500,0.701422275641
100000,0.696614583333
100500,0.702824519231
101000,0.697616185897
101500,0.698918269231
102000,0.704727564103
102500,0.695012019231
103000,0.704026442308
103500,0.693409455128
104000,0.699719551282
104500,0.696915064103
105000,0.701121794872
105500,0.698517628205
106000,0.703325320513
106500,0.703425480769
107000,0.686598557692
107500,0.69140625
108000,0.701221955128
108500,0.695212339744
109000,0.696013621795
109500,0.686798878205
110000,0.703926282051
110500,0.701822916667
111000,0.696614583333
111500,0.701121794872
112000,0.701021634615
112500,0.694010416667
113000,0.697616185897
113500,0.700721153846
114000,0.70062099359
114500,0.69781650641
115000,0.700821314103
115500,0.708633814103
116000,0.707732371795
116500,0.697315705128
117000,0.691105769231
117500,0.691706730769
118000,0.692007211538
118500,0.708834134615
119000,0.706029647436
119500,0.699519230769
120000,0.712540064103
120500,0.705729166667
121000,0.706630608974
121500,0.707832532051
122000,0.701923076923
122500,0.710036057692
123000,0.709835737179
123500,0.705929487179
124000,0.702423878205
124500,0.708133012821
125000,0.702323717949
125500,0.703125
126000,0.708733974359
126500,0.700721153846
127000,0.702524038462
127500,0.699018429487
128000,0.685897435897
128500,0.695412660256
129000,0.688701923077
129500,0.699819711538
130000,0.700921474359
130500,0.706229967949
131000,0.715745192308
131500,0.706330128205
132000,0.702323717949
132500,0.709134615385
133000,0.712740384615
133500,0.716346153846
134000,0.707632211538
134500,0.709234775641
135000,0.718549679487
135500,0.704927884615
136000,0.70953525641
136500,0.705428685897
137000,0.695612980769
137500,0.699819711538
138000,0.701522435897
138500,0.704326923077
139000,0.703625801282
139500,0.70703125
140000,0.702524038462
140500,0.704226762821
141000,0.709735576923
141500,0.709935897436
142000,0.704627403846
142500,0.703024839744
143000,0.700420673077
143500,0.705428685897
144000,0.706330128205
144500,0.700520833333
145000,0.705128205128
145500,0.718649839744
146000,0.714142628205
146500,0.706730769231
147000,0.7109375
147500,0.704827724359
148000,0.698217147436
148500,0.70703125
149000,0.7109375
149500,0.706830929487
150000,0.709234775641
150500,0.716646634615
151000,0.709334935897
151500,0.708133012821
152000,0.716446314103
152500,0.720352564103
153000,0.710236378205
153500,0.705228365385
154000,0.709134615385
154500,0.702624198718
155000,0.709635416667
155500,0.708133012821
156000,0.714042467949
156500,0.708133012821
157000,0.705729166667
157500,0.702724358974
158000,0.710536858974
158500,0.706530448718
159000,0.696113782051
159500,0.709735576923
160000,0.70562900641
160500,0.709735576923
161000,0.701522435897
161500,0.706630608974
162000,0.709034455128
162500,0.717247596154
163000,0.705028044872
163500,0.705328525641
164000,0.705328525641
164500,0.702123397436
165000,0.700120192308
165500,0.70843349359
166000,0.710737179487
166500,0.709635416667
167000,0.720653044872
167500,0.713541666667
168000,0.711939102564
168500,0.713942307692
169000,0.722155448718
169500,0.711838942308
170000,0.714142628205
170500,0.713040865385
171000,0.705028044872
171500,0.714443108974
172000,0.714443108974
172500,0.710536858974
173000,0.704927884615
173500,0.710336538462
174000,0.711838942308
174500,0.722856570513
175000,0.713641826923
175500,0.712039262821
176000,0.72015224359
176500,0.711237980769
177000,0.699719551282
177500,0.718649839744
178000,0.708934294872
178500,0.716145833333
179000,0.714142628205
179500,0.713141025641
180000,0.717648237179
180500,0.71734775641
181000,0.716846955128
181500,0.717247596154
182000,0.714443108974
182500,0.711538461538
183000,0.715444711538
183500,0.724358974359
184000,0.714142628205
184500,0.725460737179
185000,0.713842147436
185500,0.709635416667
186000,0.721153846154
186500,0.717247596154
187000,0.711338141026
187500,0.721854967949
188000,0.713541666667
188500,0.714643429487
189000,0.717147435897
189500,0.711538461538
190000,0.715344551282
190500,0.718149038462
191000,0.713341346154
191500,0.709935897436
192000,0.714743589744
192500,0.713641826923
193000,0.711338141026
193500,0.714743589744
194000,0.718249198718
194500,0.734274839744
195000,0.724358974359
195500,0.731370192308
196000,0.719050480769
196500,0.708133012821
197000,0.716746794872
197500,0.717047275641
198000,0.721354166667
198500,0.718950320513
199000,0.715144230769
199500,0.718449519231
200000,0.720452724359
200500,0.712239583333
201000,0.718048878205
201500,0.716045673077
202000,0.717247596154
202500,0.710036057692
203000,0.713641826923
203500,0.713942307692
204000,0.716947115385
204500,0.707632211538
205000,0.708133012821
205500,0.719951923077
206000,0.718349358974
206500,0.720953525641
207000,0.718950320513
207500,0.718249198718
208000,0.725060096154
208500,0.714643429487
209000,0.723457532051
209500,0.714342948718
210000,0.720552884615
210500,0.720853365385
211000,0.722455929487
211500,0.717047275641
212000,0.734475160256
212500,0.721354166667
213000,0.730568910256
213500,0.716746794872
214000,0.716446314103
