500,0.27984775641
1000,0.324719551282
1500,0.444911858974
2000,0.56109775641
2500,0.626602564103
3000,0.655348557692
3500,0.640124198718
4000,0.663361378205
4500,0.666766826923
5000,0.659254807692
5500,0.657952724359
6000,0.668669871795
6500,0.676282051282
7000,0.669671474359
7500,0.692307692308
8000,0.682291666667
8500,0.718649839744
9000,0.702824519231
9500,0.710336538462
10000,0.713341346154
10500,0.707431891026
11000,0.690604967949
11500,0.711338141026
12000,0.702423878205
12500,0.697716346154
13000,0.682592147436
13500,0.662760416667
14000,0.659354967949
14500,0.671173878205
15000,0.669170673077
15500,0.660056089744
16000,0.647936698718
16500,0.643930288462
17000,0.629407051282
17500,0.624499198718
18000,0.630108173077
18500,0.631209935897
19000,0.622596153846
19500,0.613080929487
20000,0.596153846154
20500,0.611378205128
21000,0.623197115385
21500,0.602564102564
22000,0.601161858974
22500,0.607872596154
23000,0.602463942308
23500,0.597756410256
24000,0.584935897436
24500,0.595452724359
25000,0.601462339744
25500,0.605268429487
26000,0.603966346154
26500,0.598157051282
27000,0.596354166667
27500,0.603265224359
28000,0.592748397436
28500,0.596354166667
29000,0.601662660256
29500,0.596053685897
30000,0.608473557692
30500,0.597455929487
31000,0.609475160256
31500,0.598858173077
32000,0.616386217949
32500,0.612680288462
33000,0.589342948718
33500,0.612479967949
34000,0.597055288462
34500,0.601862980769
35000,0.605869391026
35500,0.603565705128
36000,0.605568910256
36500,0.598457532051
37000,0.610476762821
37500,0.606370192308
38000,0.586939102564
38500,0.619891826923
39000,0.607572115385
39500,0.612179487179
40000,0.616085737179
40500,0.609375
41000,0.615985576923
41500,0.618389423077
42000,0.625400641026
42500,0.613982371795
43000,0.613782051282
43500,0.604767628205
44000,0.608874198718
44500,0.599659455128
45000,0.613882211538
45500,0.612580128205
46000,0.613080929487
46500,0.620192307692
47000,0.619190705128
47500,0.632311698718
48000,0.621995192308
48500,0.633012820513
49000,0.632211538462
49500,0.619591346154
50000,0.621694711538
50500,0.613882211538
51000,0.620192307692
51500,0.62640224359
52000,0.620693108974
52500,0.632211538462
53000,0.629206730769
53500,0.625
54000,0.631510416667
54500,0.632011217949
55000,0.626101762821
55500,0.644330929487
56000,0.620693108974
56500,0.631810897436
57000,0.631209935897
57500,0.629707532051
58000,0.638421474359
58500,0.63922275641
59000,0.633313301282
59500,0.624499198718
60000,0.626201923077
60500,0.628605769231
61000,0.627103365385
61500,0.642427884615
62000,0.628806089744
62500,0.630709134615
63000,0.625100160256
63500,0.630108173077
64000,0.629507211538
64500,0.622395833333
65000,0.63141025641
65500,0.636017628205
66000,0.646033653846
66500,0.636518429487
67000,0.639423076923
67500,0.631209935897
68000,0.636919070513
68500,0.6328125
69000,0.636318108974
69500,0.648036858974
70000,0.629106570513
70500,0.630408653846
71000,0.631510416667
71500,0.645232371795
72000,0.636518429487
72500,0.635717147436
73000,0.630108173077
73500,0.624098557692
74000,0.637620192308
74500,0.646434294872
75000,0.638321314103
75500,0.628004807692
76000,0.633413461538
76500,0.635717147436
77000,0.640725160256
77500,0.639122596154
78000,0.639423076923
78500,0.643329326923
79000,0.640424679487
79500,0.640124198718
80000,0.643729967949
80500,0.64703525641
81000,0.649138621795
81500,0.65625
82000,0.641927083333
82500,0.649238782051
83000,0.646233974359
83500,0.646534455128
84000,0.652644230769
84500,0.64453125
85000,0.643930288462
85500,0.639923878205
86000,0.65374599359
86500,0.643329326923
87000,0.643529647436
87500,0.645633012821
88000,0.641225961538
88500,0.6484375
89000,0.64202724359
89500,0.645532852564
90000,0.653245192308
90500,0.655849358974
91000,0.647135416667
91500,0.651041666667
92000,0.648036858974
92500,0.643529647436
93000,0.647135416667
93500,0.642327724359
94000,0.646434294872
94500,0.645132211538
95000,0.646233974359
95500,0.645332532051
96000,0.643930288462
96500,0.652043269231
97000,0.644431089744
97500,0.656149839744
98000,0.647335737179
98500,0.636818910256
99000,0.648737980769
99500,0.650741185897
100000,0.655048076923
100500,0.649138621795
101000,0.649939903846
101500,0.652744391026
102000,0.656850961538
102500,0.653145032051
103000,0.644230769231
103500,0.640625
104000,0.653946314103
104500,0.658052884615
105000,0.653445512821
105500,0.650340544872
106000,0.656750801282
106500,0.648337339744
107000,0.646233974359
107500,0.641025641026
108000,0.653645833333
108500,0.656850961538
109000,0.653545673077
109500,0.650741185897
110000,0.651342147436
110500,0.646133814103
111000,0.647335737179
111500,0.645532852564
112000,0.656350160256
112500,0.651342147436
113000,0.665364583333
113500,0.660957532051
114000,0.656350160256
114500,0.658453525641
115000,0.656049679487
115500,0.654246794872
116000,0.650440705128
116500,0.658453525641
117000,0.645432692308
117500,0.658453525641
118000,0.650540865385
118500,0.651742788462
119000,0.666165865385
119500,0.652043269231
120000,0.655148237179
120500,0.659455128205
121000,0.658854166667
121500,0.659154647436
122000,0.659154647436
122500,0.644831730769
123000,0.656049679487
123500,0.6484375
124000,0.663461538462
124500,0.650641025641
125000,0.651241987179
125500,0.650240384615
126000,0.65094150641
126500,0.653946314103
127000,0.659154647436
127500,0.663161057692
128000,0.658453525641
128500,0.658453525641
129000,0.653545673077
129500,0.666165865385
130000,0.640024038462
130500,0.658954326923
131000,0.661057692308
131500,0.656550480769
132000,0.660857371795
132500,0.656750801282
133000,0.646734775641
133500,0.654747596154
134000,0.661057692308
134500,0.654346955128
135000,0.65484775641
135500,0.653946314103
136000,0.653946314103
136500,0.66015625
137000,0.654146634615
137500,0.656149839744
138000,0.652844551282
138500,0.659655448718
139000,0.651943108974
139500,0.656049679487
140000,0.664763621795
140500,0.659354967949
141000,0.652043269231
141500,0.650440705128
142000,0.655048076923
142500,0.657451923077
143000,0.651442307692
143500,0.655348557692
144000,0.663762019231
144500,0.66266025641
145000,0.655248397436
145500,0.661157852564
146000,0.662960737179
146500,0.663762019231
147000,0.650841346154
147500,0.664663461538
148000,0.667467948718
148500,0.661758814103
149000,0.667467948718
149500,0.655949519231
150000,0.66546474359
150500,0.674979967949
151000,0.663060897436
151500,0.653846153846
152000,0.655148237179
152500,0.655348557692
153000,0.656550480769
153500,0.662059294872
154000,0.652944711538
154500,0.657251602564
155000,0.658553685897
155500,0.659555288462
156000,0.667267628205
156500,0.658253205128
157000,0.66015625
157500,0.66266025641
158000,0.657952724359
158500,0.662860576923
159000,0.665865384615
159500,0.661658653846
160000,0.664563301282
160500,0.664663461538
161000,0.661858974359
161500,0.660757211538
162000,0.667868589744
162500,0.657752403846
163000,0.662359775641
163500,0.669471153846
164000,0.665564903846
164500,0.652844551282
165000,0.665765224359
165500,0.663661858974
166000,0.667868589744
166500,0.663060897436
167000,0.658353365385
167500,0.662560096154
168000,0.658453525641
168500,0.663762019231
169000,0.659555288462
169500,0.667367788462
170000,0.661458333333
170500,0.667768429487
171000,0.661057692308
171500,0.657251602564
172000,0.665264423077
172500,0.661258012821
173000,0.665264423077
173500,0.658353365385
174000,0.673778044872
174500,0.660456730769
175000,0.658954326923
175500,0.669070512821
176000,0.665264423077
176500,0.659855769231
177000,0.659555288462
177500,0.667768429487
178000,0.667668269231
178500,0.659455128205
179000,0.66266025641
179500,0.665665064103
180000,0.668169070513
180500,0.6640625
181000,0.655548878205
181500,0.660857371795
182000,0.658253205128
182500,0.666165865385
183000,0.6640625
183500,0.667167467949
184000,0.662560096154
184500,0.665765224359
185000,0.667467948718
185500,0.66155849359
186000,0.665164262821
186500,0.665064102564
187000,0.671875
187500,0.66937099359
188000,0.663261217949
188500,0.664663461538
189000,0.66266025641
189500,0.659655448718
190000,0.666266025641
190500,0.653545673077
191000,0.671975160256
191500,0.662560096154
192000,0.666165865385
192500,0.652644230769
193000,0.666466346154
193500,0.665064102564
194000,0.661258012821
194500,0.669571314103
195000,0.663261217949
195500,0.661758814103
196000,0.667868589744
196500,0.667367788462
197000,0.667868589744
197500,0.665164262821
198000,0.672475961538
198500,0.663661858974
199000,0.665765224359
199500,0.672075320513
200000,0.666065705128
200500,0.671474358974
201000,0.664563301282
201500,0.666866987179
202000,0.660356570513
202500,0.674979967949
203000,0.669471153846
203500,0.672776442308
204000,0.664262820513
204500,0.663862179487
205000,0.667167467949
205500,0.667067307692
206000,0.664262820513
206500,0.664863782051
207000,0.666366185897
207500,0.667167467949
208000,0.667568108974
208500,0.666866987179
209000,0.677283653846
209500,0.664663461538
210000,0.666266025641
210500,0.669671474359
211000,0.663661858974
211500,0.662259615385
212000,0.670372596154
212500,0.664663461538
213000,0.666766826923
213500,0.668870192308
214000,0.659755608974
214500,0.666466346154
215000,0.667768429487
215500,0.658954326923
216000,0.652744391026
216500,0.673076923077
217000,0.671875
217500,0.66656650641
218000,0.672576121795
