500,0.237079326923
1000,0.278245192308
1500,0.319010416667
2000,0.392327724359
2500,0.476462339744
3000,0.51953125
3500,0.558092948718
4000,0.645432692308
4500,0.660056089744
5000,0.6796875
5500,0.70562900641
6000,0.709835737179
6500,0.725060096154
7000,0.727063301282
7500,0.754907852564
8000,0.75641025641
8500,0.759715544872
9000,0.747696314103
9500,0.779146634615
10000,0.792668269231
10500,0.793269230769
11000,0.794871794872
11500,0.808092948718
12000,0.816907051282
12500,0.799078525641
13000,0.807892628205
13500,0.827924679487
14000,0.824118589744
14500,0.832832532051
15000,0.831830929487
15500,0.842047275641
16000,0.837940705128
16500,0.849358974359
17000,0.84234775641
17500,0.853465544872
18000,0.853064903846
18500,0.861979166667
19000,0.862279647436
19500,0.856370192308
20000,0.866486378205
20500,0.868890224359
21000,0.865985576923
21500,0.8671875
22000,0.868790064103
22500,0.875901442308
23000,0.872195512821
23500,0.873798076923
24000,0.880809294872
24500,0.876502403846
25000,0.875901442308
25500,0.871193910256
26000,0.881911057692
26500,0.878605769231
27000,0.883313301282
27500,0.874098557692
28000,0.881510416667
28500,0.886418269231
29000,0.876201923077
29500,0.880208333333
30000,0.884915865385
30500,0.886818910256
31000,0.882612179487
31500,0.883012820513
32000,0.886919070513
32500,0.882612179487
33000,0.885116185897
33500,0.887720352564
34000,0.885917467949
34500,0.886919070513
35000,0.882411858974
35500,0.883914262821
36000,0.892528044872
36500,0.893629807692
37000,0.884615384615
37500,0.892327724359
38000,0.898637820513
38500,0.891426282051
39000,0.894831730769
39500,0.89312900641
40000,0.898137019231
40500,0.894230769231
41000,0.891927083333
41500,0.900641025641
42000,0.888321314103
42500,0.896634615385
43000,0.904747596154
43500,0.90625
44000,0.902544070513
44500,0.899939903846
45000,0.893329326923
45500,0.897836538462
46000,0.890124198718
46500,0.890725160256
47000,0.898737980769
47500,0.903044871795
48000,0.902844551282
48500,0.905148237179
49000,0.902443910256
49500,0.901742788462
50000,0.899939903846
50500,0.896133814103
51000,0.895332532051
51500,0.900140224359
52000,0.901842948718
52500,0.902944711538
53000,0.909655448718
53500,0.907351762821
54000,0.904146634615
54500,0.907351762821
55000,0.90625
55500,0.907051282051
56000,0.903946314103
56500,0.907852564103
57000,0.909154647436
57500,0.903645833333
58000,0.91155849359
58500,0.909154647436
59000,0.907251602564
59500,0.908052884615
60000,0.911057692308
60500,0.905148237179
61000,0.905649038462
61500,0.910356570513
62000,0.907852564103
62500,0.901342147436
63000,0.910757211538
63500,0.910556891026
64000,0.905649038462
64500,0.904747596154
65000,0.907351762821
65500,0.907552083333
66000,0.910556891026
66500,0.90875400641
67000,0.908253205128
67500,0.907151442308
68000,0.919671474359
68500,0.916266025641
69000,0.914362980769
69500,0.911258012821
70000,0.907351762821
70500,0.912860576923
71000,0.913060897436
71500,0.907151442308
72000,0.911258012821
72500,0.909555288462
73000,0.912760416667
73500,0.914863782051
74000,0.917668269231
74500,0.909755608974
75000,0.906750801282
75500,0.915665064103
76000,0.914763621795
76500,0.912560096154
77000,0.914763621795
77500,0.915264423077
78000,0.917267628205
78500,0.917668269231
79000,0.917668269231
79500,0.921274038462
80000,0.912159455128
80500,0.916065705128
81000,0.918870192308
81500,0.917367788462
82000,0.916766826923
82500,0.919270833333
83000,0.916466346154
83500,0.920272435897
84000,0.917367788462
84500,0.922075320513
85000,0.919671474359
85500,0.919471153846
86000,0.917467948718
86500,0.922175480769
87000,0.921474358974
87500,0.916065705128
88000,0.913762019231
88500,0.917367788462
89000,0.918970352564
89500,0.920172275641
90000,0.915765224359
90500,0.921774839744
91000,0.91546474359
91500,0.918369391026
92000,0.920172275641
92500,0.919871794872
93000,0.92327724359
93500,0.919671474359
94000,0.922676282051
94500,0.920773237179
95000,0.921274038462
95500,0.921173878205
96000,0.91937099359
96500,0.918068910256
97000,0.913661858974
97500,0.910556891026
98000,0.92327724359
98500,0.921774839744
99000,0.924479166667
99500,0.923177083333
100000,0.920973557692
100500,0.918970352564
101000,0.909655448718
101500,0.918669871795
102000,0.919971955128
102500,0.919471153846
103000,0.916866987179
103500,0.922375801282
104000,0.920172275641
104500,0.922475961538
105000,0.923177083333
105500,0.921875
106000,0.925180288462
106500,0.927984775641
107000,0.928585737179
107500,0.924178685897
108000,0.930388621795
108500,0.924579326923
109000,0.920072115385
109500,0.921574519231
110000,0.923177083333
110500,0.923677884615
111000,0.925681089744
111500,0.926682692308
112000,0.918068910256
112500,0.924479166667
113000,0.921474358974
113500,0.927083333333
114000,0.925480769231
114500,0.92047275641
115000,0.92718349359
115500,0.929387019231
116000,0.927984775641
116500,0.930188301282
117000,0.925080128205
117500,0.929387019231
118000,0.922275641026
118500,0.924879807692
119000,0.92828525641
119500,0.927283653846
120000,0.928886217949
120500,0.931189903846
121000,0.926482371795
121500,0.928786057692
122000,0.930588942308
122500,0.925681089744
123000,0.926682692308
123500,0.92718349359
124000,0.925280448718
124500,0.930388621795
125000,0.925080128205
125500,0.926782852564
126000,0.931189903846
126500,0.934194711538
127000,0.927083333333
127500,0.924479166667
128000,0.926682692308
128500,0.928886217949
129000,0.921975160256
129500,0.927283653846
130000,0.930288461538
130500,0.925080128205
131000,0.93219150641
131500,0.926883012821
132000,0.921574519231
132500,0.927884615385
133000,0.928185096154
133500,0.930689102564
134000,0.933193108974
134500,0.931290064103
135000,0.927584134615
135500,0.935797275641
136000,0.927984775641
136500,0.924479166667
137000,0.929787660256
137500,0.92718349359
138000,0.930689102564
138500,0.932491987179
139000,0.926582532051
139500,0.926382211538
140000,0.927984775641
140500,0.931991185897
141000,0.929286858974
141500,0.924679487179
142000,0.930488782051
142500,0.92828525641
143000,0.930488782051
143500,0.926782852564
144000,0.927383814103
144500,0.930488782051
145000,0.933293269231
145500,0.930088141026
146000,0.933393429487
146500,0.931991185897
147000,0.932992788462
147500,0.928485576923
148000,0.93499599359
148500,0.930088141026
149000,0.932291666667
149500,0.934695512821
150000,0.9296875
150500,0.930488782051
151000,0.932892628205
151500,0.929887820513
152000,0.931189903846
152500,0.936899038462
153000,0.931590544872
153500,0.930989583333
154000,0.932491987179
154500,0.935596955128
155000,0.928986378205
155500,0.933794070513
156000,0.930989583333
156500,0.930388621795
157000,0.935997596154
157500,0.934294871795
158000,0.936598557692
158500,0.934695512821
159000,0.932391826923
159500,0.930989583333
160000,0.933293269231
160500,0.933193108974
161000,0.931891025641
161500,0.934395032051
162000,0.93609775641
162500,0.933693910256
163000,0.936197916667
163500,0.936899038462
164000,0.935697115385
164500,0.932992788462
165000,0.935396634615
165500,0.933693910256
166000,0.930789262821
166500,0.932491987179
167000,0.933794070513
167500,0.932792467949
168000,0.933894230769
168500,0.927684294872
169000,0.936398237179
169500,0.933493589744
170000,0.935496794872
170500,0.932592147436
171000,0.930088141026
171500,0.927483974359
172000,0.933693910256
172500,0.935596955128
173000,0.9296875
173500,0.931790865385
174000,0.937099358974
174500,0.931390224359
175000,0.934895833333
175500,0.935697115385
176000,0.935697115385
176500,0.934895833333
177000,0.937800480769
177500,0.932692307692
178000,0.928485576923
178500,0.938401442308
179000,0.937600160256
179500,0.935096153846
180000,0.935997596154
180500,0.932892628205
181000,0.939603365385
181500,0.929787660256
182000,0.934795673077
182500,0.934595352564
183000,0.934695512821
183500,0.93499599359
184000,0.933293269231
184500,0.935797275641
185000,0.935897435897
185500,0.935096153846
186000,0.937600160256
186500,0.936999198718
187000,0.934294871795
187500,0.93609775641
188000,0.935596955128
188500,0.938501602564
189000,0.936197916667
189500,0.934795673077
190000,0.937800480769
190500,0.934895833333
191000,0.937600160256
191500,0.93359375
192000,0.932992788462
192500,0.936598557692
193000,0.935096153846
193500,0.936598557692
194000,0.93890224359
194500,0.939403044872
195000,0.935496794872
195500,0.935496794872
196000,0.938601762821
196500,0.938201121795
197000,0.934795673077
197500,0.936197916667
198000,0.9296875
198500,0.937099358974
199000,0.937199519231
199500,0.938301282051
