500,0.277644230769
1000,0.349659455128
1500,0.436398237179
2000,0.526642628205
2500,0.607572115385
3000,0.576121794872
3500,0.585336538462
4000,0.611678685897
4500,0.641927083333
5000,0.648237179487
5500,0.596754807692
6000,0.644931891026
6500,0.655649038462
7000,0.650741185897
7500,0.629907852564
8000,0.676582532051
8500,0.676883012821
9000,0.673577724359
9500,0.677884615385
10000,0.682291666667
10500,0.685196314103
11000,0.688601762821
11500,0.673878205128
12000,0.690204326923
12500,0.703525641026
13000,0.711638621795
13500,0.687800480769
14000,0.691907051282
14500,0.70703125
15000,0.688201121795
15500,0.692908653846
16000,0.704727564103
16500,0.704727564103
17000,0.695913461538
17500,0.713541666667
18000,0.716746794872
18500,0.695512820513
19000,0.691706730769
19500,0.702524038462
20000,0.698818108974
20500,0.68219150641
21000,0.681290064103
21500,0.676081730769
22000,0.665364583333
22500,0.665364583333
23000,0.654747596154
23500,0.635016025641
24000,0.63671875
24500,0.627604166667
25000,0.641025641026
25500,0.628605769231
26000,0.625300480769
26500,0.63421474359
27000,0.639423076923
27500,0.640825320513
28000,0.634314903846
28500,0.635116185897
29000,0.62640224359
29500,0.640024038462
30000,0.646534455128
30500,0.62750400641
31000,0.635817307692
31500,0.620292467949
32000,0.611077724359
32500,0.620592948718
33000,0.629507211538
33500,0.618389423077
34000,0.622395833333
34500,0.633713942308
35000,0.632011217949
35500,0.63030849359
36000,0.630408653846
36500,0.630608974359
37000,0.630008012821
37500,0.623397435897
38000,0.623998397436
38500,0.629707532051
39000,0.625801282051
39500,0.631009615385
40000,0.633613782051
40500,0.622596153846
41000,0.624599358974
41500,0.628505608974
42000,0.630408653846
42500,0.642227564103
43000,0.637620192308
43500,0.633012820513
44000,0.633213141026
44500,0.63030849359
45000,0.623096955128
45500,0.636217948718
46000,0.637920673077
46500,0.630208333333
47000,0.642327724359
47500,0.631610576923
48000,0.636818910256
48500,0.642828525641
49000,0.640024038462
49500,0.646734775641
50000,0.648838141026
50500,0.637520032051
51000,0.644831730769
51500,0.653545673077
52000,0.645332532051
52500,0.643729967949
53000,0.658052884615
53500,0.651241987179
54000,0.645032051282
54500,0.653345352564
55000,0.648637820513
55500,0.651141826923
56000,0.65374599359
56500,0.647335737179
57000,0.652544070513
57500,0.655348557692
58000,0.653044871795
58500,0.652844551282
59000,0.652443910256
59500,0.659154647436
60000,0.653445512821
60500,0.657952724359
61000,0.655849358974
61500,0.652143429487
62000,0.660056089744
62500,0.657952724359
63000,0.652043269231
63500,0.655148237179
64000,0.644931891026
64500,0.656550480769
65000,0.653445512821
65500,0.662259615385
66000,0.655749198718
66500,0.654947916667
67000,0.670172275641
67500,0.668669871795
68000,0.663261217949
68500,0.664763621795
69000,0.666766826923
69500,0.659455128205
70000,0.666165865385
70500,0.661858974359
71000,0.661658653846
71500,0.656650641026
72000,0.665264423077
72500,0.655949519231
73000,0.663361378205
73500,0.66155849359
74000,0.664262820513
74500,0.653846153846
75000,0.662760416667
75500,0.658253205128
76000,0.660056089744
76500,0.671073717949
77000,0.668269230769
77500,0.66937099359
78000,0.667267628205
78500,0.651642628205
79000,0.66796875
79500,0.667167467949
80000,0.658954326923
80500,0.653044871795
81000,0.666165865385
81500,0.664663461538
82000,0.674479166667
82500,0.665965544872
83000,0.671574519231
83500,0.670072115385
84000,0.661959134615
84500,0.676282051282
85000,0.671975160256
85500,0.683193108974
86000,0.667267628205
86500,0.68219150641
87000,0.661358173077
87500,0.679487179487
88000,0.671073717949
88500,0.664563301282
89000,0.657251602564
89500,0.675480769231
90000,0.669971955128
90500,0.672876602564
91000,0.676282051282
91500,0.668068910256
92000,0.668469551282
92500,0.671374198718
93000,0.666266025641
93500,0.67437900641
94000,0.671674679487
94500,0.666366185897
95000,0.670973557692
95500,0.673577724359
96000,0.675380608974
96500,0.677483974359
97000,0.673177083333
97500,0.675180288462
98000,0.670072115385
98500,0.675580929487
99000,0.677884615385
99500,0.679286858974
100000,0.663661858974
100500,0.677884615385
101000,0.674078525641
101500,0.6796875
102000,0.669871794872
102500,0.678084935897
103000,0.683092948718
103500,0.693810096154
104000,0.676782852564
104500,0.676282051282
105000,0.681290064103
105500,0.668269230769
106000,0.677283653846
106500,0.672676282051
107000,0.67828525641
107500,0.672976762821
108000,0.671674679487
108500,0.677984775641
109000,0.673878205128
109500,0.67437900641
110000,0.680689102564
110500,0.68359375
111000,0.671774839744
111500,0.676382211538
112000,0.678786057692
112500,0.674078525641
113000,0.676282051282
113500,0.677283653846
114000,0.677283653846
114500,0.672876602564
115000,0.671875
115500,0.681490384615
116000,0.671674679487
116500,0.684795673077
117000,0.679186698718
117500,0.683092948718
118000,0.681790865385
118500,0.675681089744
119000,0.682992788462
119500,0.678685897436
120000,0.677784455128
120500,0.684395032051
121000,0.67578125
121500,0.681590544872
122000,0.685296474359
122500,0.680488782051
123000,0.69000400641
123500,0.681490384615
124000,0.678084935897
124500,0.67718349359
125000,0.681390224359
125500,0.692908653846
126000,0.682091346154
126500,0.679186698718
127000,0.681490384615
127500,0.677584134615
128000,0.682792467949
128500,0.676883012821
129000,0.689603365385
129500,0.683493589744
130000,0.689503205128
130500,0.686298076923
131000,0.680789262821
131500,0.682491987179
132000,0.690304487179
132500,0.684495192308
133000,0.68359375
133500,0.676983173077
134000,0.684495192308
134500,0.689102564103
135000,0.678786057692
135500,0.686197916667
136000,0.684695512821
136500,0.682892628205
137000,0.687399839744
137500,0.682792467949
138000,0.686498397436
138500,0.691005608974
139000,0.68499599359
139500,0.679787660256
140000,0.687600160256
140500,0.686197916667
141000,0.679587339744
141500,0.688201121795
142000,0.685797275641
142500,0.685396634615
143000,0.684795673077
143500,0.685196314103
144000,0.684895833333
144500,0.685096153846
145000,0.679086538462
145500,0.689403044872
146000,0.693309294872
146500,0.685196314103
147000,0.692608173077
147500,0.690705128205
148000,0.6875
148500,0.680488782051
149000,0.685997596154
149500,0.687600160256
150000,0.681490384615
150500,0.690404647436
151000,0.693709935897
151500,0.690404647436
152000,0.686498397436
152500,0.689302884615
153000,0.686899038462
153500,0.681590544872
154000,0.683493589744
154500,0.684595352564
155000,0.684695512821
155500,0.688501602564
156000,0.68359375
156500,0.692508012821
157000,0.685797275641
157500,0.690705128205
158000,0.687099358974
158500,0.681290064103
159000,0.684895833333
159500,0.686698717949
160000,0.69280849359
160500,0.701121794872
161000,0.692307692308
161500,0.687600160256
162000,0.696514423077
162500,0.688802083333
163000,0.694310897436
163500,0.688802083333
164000,0.688301282051
164500,0.687900641026
165000,0.691205929487
165500,0.692207532051
166000,0.688401442308
166500,0.692407852564
167000,0.68499599359
167500,0.699318910256
168000,0.690504807692
168500,0.693008814103
169000,0.684595352564
169500,0.696915064103
170000,0.688802083333
170500,0.685697115385
171000,0.697015224359
171500,0.693008814103
172000,0.687700320513
172500,0.692107371795
173000,0.696514423077
173500,0.689703525641
174000,0.693810096154
174500,0.699819711538
175000,0.691606570513
175500,0.703225160256
176000,0.698918269231
176500,0.693309294872
177000,0.694511217949
177500,0.690705128205
178000,0.69671474359
178500,0.697215544872
179000,0.689703525641
179500,0.695913461538
180000,0.683293269231
180500,0.695512820513
181000,0.694911858974
181500,0.703325320513
182000,0.692007211538
182500,0.682892628205
183000,0.698217147436
183500,0.694411057692
184000,0.691706730769
184500,0.698818108974
185000,0.686798878205
185500,0.696414262821
186000,0.692207532051
186500,0.699018429487
187000,0.698517628205
187500,0.693609775641
188000,0.694811698718
188500,0.70062099359
189000,0.682091346154
189500,0.686798878205
190000,0.689703525641
190500,0.699819711538
191000,0.697716346154
191500,0.700320512821
192000,0.690304487179
