500,0.237079326923
1000,0.294270833333
1500,0.321614583333
2000,0.390224358974
2500,0.452724358974
3000,0.498197115385
3500,0.56500400641
4000,0.593349358974
4500,0.627003205128
5000,0.584034455128
5500,0.596854967949
6000,0.527644230769
6500,0.528445512821
7000,0.540865384615
7500,0.546574519231
8000,0.537259615385
8500,0.538261217949
9000,0.521033653846
9500,0.529947916667
10000,0.521935096154
10500,0.489983974359
11000,0.502203525641
11500,0.526742788462
12000,0.517928685897
12500,0.507612179487
13000,0.511518429487
13500,0.531450320513
14000,0.532251602564
14500,0.526141826923
15000,0.531550480769
15500,0.515224358974
16000,0.52483974359
16500,0.532351762821
17000,0.543569711538
17500,0.525540865385
18000,0.534755608974
18500,0.522135416667
19000,0.530048076923
19500,0.527443910256
20000,0.551282051282
20500,0.542467948718
21000,0.542067307692
21500,0.542467948718
22000,0.530248397436
22500,0.551883012821
23000,0.551181891026
23500,0.539362980769
24000,0.561999198718
24500,0.554487179487
25000,0.565905448718
25500,0.556991185897
26000,0.561999198718
26500,0.555588942308
27000,0.577223557692
27500,0.597255608974
28000,0.611979166667
28500,0.587940705128
29000,0.578525641026
29500,0.570612980769
30000,0.58453525641
30500,0.587239583333
31000,0.578325320513
31500,0.573116987179
32000,0.579727564103
32500,0.586338141026
33000,0.581430288462
33500,0.599959935897
34000,0.577624198718
34500,0.594551282051
35000,0.594050480769
35500,0.608273237179
36000,0.598457532051
36500,0.593549679487
37000,0.605168269231
37500,0.593149038462
38000,0.594751602564
38500,0.615685096154
39000,0.615685096154
39500,0.59515224359
40000,0.596654647436
40500,0.60687099359
41000,0.621193910256
41500,0.611278044872
42000,0.626302083333
42500,0.621794871795
43000,0.608273237179
43500,0.630108173077
44000,0.609575320513
44500,0.61077724359
45000,0.630008012821
45500,0.63030849359
46000,0.634314903846
46500,0.624499198718
47000,0.623397435897
47500,0.639022435897
48000,0.629407051282
48500,0.637920673077
49000,0.640124198718
49500,0.642327724359
50000,0.675180288462
50500,0.689903846154
51000,0.656149839744
51500,0.633413461538
52000,0.656650641026
52500,0.67047275641
53000,0.664162660256
53500,0.654346955128
54000,0.662359775641
54500,0.681290064103
55000,0.660556891026
55500,0.674979967949
56000,0.661959134615
56500,0.667668269231
57000,0.657351762821
57500,0.654146634615
58000,0.658052884615
58500,0.644030448718
59000,0.671574519231
59500,0.670673076923
60000,0.663060897436
60500,0.651442307692
61000,0.649338942308
61500,0.658854166667
62000,0.662860576923
62500,0.671474358974
63000,0.686598557692
63500,0.674879807692
64000,0.674679487179
64500,0.6640625
65000,0.669971955128
65500,0.652744391026
66000,0.6640625
66500,0.659855769231
67000,0.663661858974
67500,0.656149839744
68000,0.657952724359
68500,0.66796875
69000,0.668269230769
69500,0.682491987179
70000,0.653645833333
70500,0.658854166667
71000,0.655849358974
71500,0.652544070513
72000,0.649739583333
72500,0.631911057692
73000,0.638721955128
73500,0.650240384615
74000,0.65625
74500,0.650841346154
75000,0.679286858974
75500,0.670172275641
76000,0.681790865385
76500,0.698918269231
77000,0.699919871795
77500,0.682992788462
78000,0.692407852564
78500,0.688201121795
79000,0.688802083333
79500,0.679987980769
80000,0.681690705128
80500,0.684795673077
81000,0.677984775641
81500,0.678084935897
82000,0.676282051282
82500,0.680588942308
83000,0.694411057692
83500,0.692207532051
84000,0.693810096154
84500,0.694511217949
85000,0.695913461538
85500,0.71484375
86000,0.698717948718
86500,0.70172275641
87000,0.69140625
87500,0.703525641026
88000,0.688601762821
88500,0.701622596154
89000,0.691806891026
89500,0.674879807692
90000,0.673076923077
90500,0.694611378205
91000,0.675180288462
91500,0.68609775641
92000,0.68219150641
92500,0.685496794872
93000,0.698717948718
93500,0.703125
94000,0.690905448718
94500,0.701923076923
95000,0.691105769231
95500,0.683293269231
96000,0.683693910256
96500,0.699719551282
97000,0.692007211538
97500,0.689403044872
98000,0.678585737179
98500,0.674879807692
99000,0.698517628205
99500,0.690905448718
100000,0.686598557692
100500,0.691005608974
101000,0.690304487179
101500,0.695412660256
102000,0.694310897436
102500,0.692508012821
103000,0.705729166667
103500,0.718449519231
104000,0.705128205128
104500,0.704427083333
105000,0.693509615385
105500,0.683794070513
106000,0.688401442308
106500,0.683393429487
107000,0.687099358974
107500,0.690504807692
108000,0.684795673077
108500,0.689603365385
109000,0.691105769231
109500,0.700821314103
110000,0.702524038462
110500,0.684495192308
111000,0.683193108974
111500,0.690905448718
112000,0.693108974359
112500,0.688201121795
113000,0.688601762821
113500,0.690805288462
114000,0.692207532051
114500,0.690204326923
115000,0.687600160256
115500,0.689703525641
116000,0.688401442308
116500,0.699118589744
117000,0.698517628205
117500,0.683393429487
118000,0.708934294872
118500,0.700320512821
119000,0.69921875
119500,0.69921875
120000,0.708333333333
120500,0.698717948718
121000,0.702423878205
121500,0.689503205128
122000,0.691806891026
122500,0.69671474359
123000,0.688301282051
123500,0.688000801282
124000,0.680388621795
124500,0.686999198718
125000,0.685897435897
125500,0.678786057692
126000,0.689703525641
126500,0.689403044872
127000,0.68219150641
127500,0.684895833333
128000,0.680889423077
128500,0.685396634615
129000,0.697215544872
129500,0.679887820513
130000,0.675280448718
130500,0.672776442308
131000,0.679787660256
131500,0.676382211538
132000,0.681590544872
132500,0.685096153846
133000,0.687399839744
133500,0.675480769231
134000,0.675981570513
134500,0.681690705128
135000,0.678585737179
135500,0.678185096154
136000,0.682491987179
136500,0.675080128205
137000,0.683693910256
137500,0.68609775641
138000,0.689202724359
138500,0.684194711538
139000,0.685096153846
139500,0.694411057692
140000,0.677584134615
140500,0.686498397436
141000,0.684395032051
141500,0.677383814103
142000,0.685697115385
142500,0.688401442308
143000,0.689302884615
143500,0.690404647436
144000,0.695512820513
144500,0.697916666667
145000,0.689503205128
145500,0.695813301282
146000,0.692708333333
146500,0.688501602564
147000,0.689603365385
147500,0.695112179487
148000,0.695112179487
148500,0.691105769231
149000,0.692908653846
149500,0.69000400641
150000,0.694611378205
150500,0.698417467949
151000,0.700020032051
151500,0.695512820513
152000,0.695713141026
152500,0.696514423077
153000,0.685496794872
153500,0.698617788462
154000,0.695212339744
154500,0.706730769231
155000,0.696213942308
155500,0.696814903846
156000,0.693209134615
156500,0.705128205128
157000,0.710637019231
157500,0.713942307692
158000,0.706129807692
158500,0.717447916667
159000,0.724358974359
159500,0.708333333333
160000,0.716646634615
160500,0.719951923077
161000,0.720853365385
161500,0.712039262821
162000,0.716846955128
162500,0.710336538462
163000,0.706630608974
163500,0.705428685897
164000,0.707932692308
164500,0.711738782051
165000,0.701021634615
165500,0.707632211538
166000,0.711638621795
166500,0.698317307692
167000,0.704927884615
167500,0.712039262821
168000,0.716546474359
168500,0.707532051282
169000,0.711638621795
169500,0.715745192308
170000,0.707932692308
170500,0.715544871795
171000,0.702624198718
171500,0.716446314103
172000,0.70452724359
172500,0.710536858974
173000,0.716346153846
173500,0.702724358974
174000,0.705228365385
174500,0.688000801282
175000,0.694711538462
175500,0.704026442308
176000,0.698317307692
176500,0.69781650641
177000,0.713341346154
177500,0.707231570513
178000,0.717748397436
178500,0.709835737179
179000,0.707732371795
179500,0.713241185897
180000,0.719751602564
180500,0.733273237179
181000,0.714543269231
181500,0.716546474359
182000,0.72265625
182500,0.72265625
183000,0.720552884615
183500,0.723557692308
184000,0.720552884615
184500,0.713141025641
185000,0.715244391026
185500,0.717147435897
186000,0.708934294872
186500,0.718850160256
187000,0.716346153846
187500,0.729467147436
188000,0.72265625
188500,0.718249198718
189000,0.714943910256
189500,0.720452724359
190000,0.725661057692
190500,0.717548076923
191000,0.704226762821
191500,0.711838942308
192000,0.714242788462
192500,0.72405849359
193000,0.713641826923
193500,0.711237980769
194000,0.720252403846
194500,0.719851762821
195000,0.704226762821
195500,0.706330128205
196000,0.715845352564
196500,0.710336538462
197000,0.710036057692
197500,0.70703125
198000,0.706730769231
198500,0.708233173077
199000,0.707832532051
199500,0.704627403846
