500,0.222355769231
1000,0.277844551282
1500,0.3046875
2000,0.333333333333
2500,0.391426282051
3000,0.446013621795
3500,0.534154647436
4000,0.56891025641
4500,0.624799679487
5000,0.667668269231
5500,0.664162660256
6000,0.697616185897
6500,0.716346153846
7000,0.729366987179
7500,0.749599358974
8000,0.734375
8500,0.758713942308
9000,0.772335737179
9500,0.772836538462
10000,0.777844551282
10500,0.793970352564
11000,0.795673076923
11500,0.801983173077
12000,0.802283653846
12500,0.811899038462
13000,0.814202724359
13500,0.828425480769
14000,0.83203125
14500,0.822215544872
15000,0.834635416667
15500,0.842948717949
16000,0.840444711538
16500,0.850260416667
17000,0.844050480769
17500,0.850460737179
18000,0.859274839744
18500,0.851161858974
19000,0.867888621795
19500,0.865885416667
20000,0.85406650641
20500,0.863581730769
21000,0.856670673077
21500,0.873197115385
22000,0.856670673077
22500,0.860977564103
23000,0.873697916667
23500,0.874799679487
24000,0.870993589744
24500,0.876802884615
25000,0.870392628205
25500,0.87890625
26000,0.877804487179
26500,0.872696314103
27000,0.872996794872
27500,0.868890224359
28000,0.878605769231
28500,0.876001602564
29000,0.878605769231
29500,0.880709134615
30000,0.868990384615
30500,0.8828125
31000,0.882211538462
31500,0.892928685897
32000,0.879006410256
32500,0.884515224359
33000,0.883513621795
33500,0.883213141026
34000,0.885917467949
34500,0.884314903846
35000,0.890625
35500,0.882612179487
36000,0.880809294872
36500,0.89202724359
37000,0.896033653846
37500,0.894431089744
38000,0.888721955128
38500,0.894731570513
39000,0.896834935897
39500,0.893930288462
40000,0.897235576923
40500,0.886318108974
41000,0.900540865385
41500,0.895432692308
42000,0.901141826923
42500,0.898637820513
43000,0.901342147436
43500,0.892728365385
44000,0.892628205128
44500,0.896834935897
45000,0.893830128205
45500,0.894731570513
46000,0.894831730769
46500,0.895532852564
47000,0.904046474359
47500,0.90094150641
48000,0.906350160256
48500,0.901342147436
49000,0.902644230769
49500,0.90625
50000,0.897936698718
50500,0.902243589744
51000,0.904146634615
51500,0.910757211538
52000,0.903145032051
52500,0.908052884615
53000,0.903645833333
53500,0.908653846154
54000,0.903545673077
54500,0.909755608974
55000,0.909054487179
55500,0.913561698718
56000,0.908453525641
56500,0.909555288462
57000,0.910356570513
57500,0.908954326923
58000,0.903846153846
58500,0.908453525641
59000,0.910056089744
59500,0.909154647436
60000,0.911959134615
60500,0.915364583333
61000,0.909955929487
61500,0.906850961538
62000,0.911258012821
62500,0.911157852564
63000,0.913561698718
63500,0.91266025641
64000,0.912059294872
64500,0.912259615385
65000,0.915765224359
65500,0.914863782051
66000,0.914963942308
66500,0.909154647436
67000,0.914262820513
67500,0.912459935897
68000,0.913762019231
68500,0.914463141026
69000,0.916666666667
69500,0.906750801282
70000,0.919471153846
70500,0.912359775641
71000,0.915865384615
71500,0.911157852564
72000,0.911458333333
72500,0.91546474359
73000,0.910757211538
73500,0.910657051282
74000,0.915965544872
74500,0.914663461538
75000,0.905348557692
75500,0.91796875
76000,0.912860576923
76500,0.921975160256
77000,0.915264423077
77500,0.922375801282
78000,0.917768429487
78500,0.91937099359
79000,0.915064102564
79500,0.917467948718
80000,0.919771634615
80500,0.921173878205
81000,0.92437900641
81500,0.924579326923
82000,0.924078525641
82500,0.922676282051
83000,0.919270833333
83500,0.921274038462
84000,0.920172275641
84500,0.920372596154
85000,0.919270833333
85500,0.918369391026
86000,0.919571314103
86500,0.917467948718
87000,0.918169070513
87500,0.919771634615
88000,0.921474358974
88500,0.919471153846
89000,0.918870192308
89500,0.919871794872
90000,0.919571314103
90500,0.921674679487
91000,0.923978365385
91500,0.925380608974
92000,0.916766826923
92500,0.928385416667
93000,0.919471153846
93500,0.920372596154
94000,0.921073717949
94500,0.918169070513
95000,0.923477564103
95500,0.925580929487
96000,0.923878205128
96500,0.922776442308
97000,0.913461538462
97500,0.918569711538
98000,0.919070512821
98500,0.918770032051
99000,0.922876602564
99500,0.92327724359
100000,0.917167467949
100500,0.919771634615
101000,0.922676282051
101500,0.92047275641
102000,0.924579326923
102500,0.926883012821
103000,0.925480769231
103500,0.930088141026
104000,0.92327724359
104500,0.923377403846
105000,0.927383814103
105500,0.924579326923
106000,0.918770032051
106500,0.922976762821
107000,0.922876602564
107500,0.924479166667
108000,0.925380608974
108500,0.919671474359
109000,0.921774839744
109500,0.926181891026
110000,0.924979967949
110500,0.928084935897
111000,0.922576121795
111500,0.921173878205
112000,0.928786057692
112500,0.918469551282
113000,0.923778044872
113500,0.922976762821
114000,0.925881410256
114500,0.929787660256
115000,0.926782852564
115500,0.926081730769
116000,0.926282051282
116500,0.926682692308
117000,0.925380608974
117500,0.926482371795
118000,0.923477564103
118500,0.925080128205
119000,0.923878205128
119500,0.926682692308
120000,0.923878205128
120500,0.927884615385
121000,0.926482371795
121500,0.930288461538
122000,0.924278846154
122500,0.926682692308
123000,0.926382211538
123500,0.924579326923
124000,0.926983173077
124500,0.928585737179
125000,0.91937099359
125500,0.923377403846
126000,0.927383814103
126500,0.925380608974
127000,0.930789262821
127500,0.926682692308
128000,0.925380608974
128500,0.930288461538
129000,0.931991185897
129500,0.930088141026
130000,0.92828525641
130500,0.930889423077
131000,0.929587339744
131500,0.929286858974
132000,0.931690705128
132500,0.9296875
133000,0.932091346154
133500,0.933193108974
134000,0.928886217949
134500,0.926682692308
135000,0.928485576923
135500,0.928685897436
136000,0.927083333333
136500,0.93359375
137000,0.930288461538
137500,0.930488782051
138000,0.924879807692
138500,0.932091346154
139000,0.931891025641
139500,0.929887820513
140000,0.933693910256
140500,0.927483974359
141000,0.927884615385
141500,0.927383814103
142000,0.931891025641
142500,0.929887820513
143000,0.933493589744
143500,0.935196314103
144000,0.933393429487
144500,0.933493589744
145000,0.932592147436
145500,0.931490384615
146000,0.936899038462
146500,0.932091346154
147000,0.933493589744
147500,0.932692307692
148000,0.934795673077
148500,0.929787660256
149000,0.933894230769
149500,0.933092948718
150000,0.935396634615
150500,0.931390224359
151000,0.929487179487
151500,0.937099358974
152000,0.93108974359
152500,0.932892628205
153000,0.931390224359
153500,0.931690705128
154000,0.933794070513
154500,0.934094551282
155000,0.931290064103
155500,0.93108974359
156000,0.932091346154
156500,0.931690705128
157000,0.935997596154
157500,0.934094551282
158000,0.934695512821
158500,0.933493589744
159000,0.935396634615
159500,0.930188301282
160000,0.936498397436
160500,0.933794070513
161000,0.936298076923
161500,0.932091346154
162000,0.930689102564
162500,0.93219150641
163000,0.931390224359
163500,0.935997596154
164000,0.935496794872
164500,0.934795673077
165000,0.937099358974
165500,0.932391826923
166000,0.938601762821
166500,0.93890224359
167000,0.934495192308
167500,0.934094551282
168000,0.940504807692
168500,0.936899038462
169000,0.935196314103
169500,0.936999198718
170000,0.934595352564
170500,0.934094551282
171000,0.936598557692
171500,0.938501602564
172000,0.93609775641
172500,0.9375
173000,0.935997596154
173500,0.935496794872
174000,0.933794070513
174500,0.937399839744
175000,0.933493589744
175500,0.940705128205
176000,0.939102564103
176500,0.937800480769
177000,0.932892628205
177500,0.936899038462
178000,0.937800480769
178500,0.931590544872
179000,0.93359375
179500,0.934795673077
180000,0.935396634615
180500,0.936298076923
181000,0.939102564103
181500,0.938701923077
182000,0.932892628205
182500,0.936498397436
183000,0.935797275641
183500,0.936197916667
184000,0.935997596154
184500,0.931590544872
185000,0.933393429487
185500,0.933393429487
186000,0.93219150641
186500,0.93499599359
187000,0.936999198718
187500,0.935797275641
188000,0.940104166667
188500,0.936298076923
189000,0.934595352564
189500,0.939903846154
190000,0.939803685897
190500,0.937800480769
191000,0.934395032051
191500,0.932491987179
192000,0.931891025641
192500,0.93499599359
193000,0.937399839744
193500,0.939202724359
194000,0.938802083333
194500,0.937900641026
195000,0.941005608974
195500,0.931490384615
196000,0.938301282051
196500,0.938201121795
197000,0.938501602564
197500,0.9375
198000,0.943008814103
198500,0.940104166667
199000,0.941506410256
199500,0.940404647436
