500,0.315905448718
1000,0.487179487179
1500,0.585536858974
2000,0.612580128205
2500,0.653245192308
3000,0.680188301282
3500,0.666967147436
4000,0.714142628205
4500,0.713341346154
5000,0.681189903846
5500,0.689503205128
6000,0.696814903846
6500,0.668970352564
7000,0.685897435897
7500,0.716846955128
8000,0.717447916667
8500,0.721854967949
9000,0.730769230769
9500,0.697616185897
10000,0.738381410256
10500,0.759715544872
11000,0.730769230769
11500,0.714743589744
12000,0.743189102564
12500,0.732772435897
13000,0.740084134615
13500,0.759915865385
14000,0.766726762821
14500,0.753705929487
15000,0.757712339744
15500,0.764823717949
16000,0.757211538462
16500,0.74859775641
17000,0.754707532051
17500,0.745092147436
18000,0.754407051282
18500,0.74358974359
19000,0.752203525641
19500,0.747996794872
20000,0.748697916667
20500,0.780649038462
21000,0.766426282051
21500,0.764322916667
22000,0.769931891026
22500,0.763321314103
23000,0.773737980769
23500,0.765825320513
24000,0.779246794872
24500,0.774639423077
25000,0.777544070513
25500,0.783052884615
26000,0.785757211538
26500,0.785556891026
27000,0.782151442308
27500,0.776542467949
28000,0.789763621795
28500,0.783153044872
29000,0.776342147436
29500,0.781450320513
30000,0.782552083333
30500,0.785957532051
31000,0.778245192308
31500,0.772536057692
32000,0.777844551282
32500,0.774338942308
33000,0.772636217949
33500,0.762019230769
34000,0.751702724359
34500,0.775841346154
35000,0.765825320513
35500,0.773036858974
36000,0.769230769231
36500,0.767227564103
37000,0.777744391026
37500,0.783854166667
38000,0.782251602564
38500,0.768329326923
39000,0.76422275641
39500,0.764923878205
40000,0.767427884615
40500,0.770132211538
41000,0.768229166667
41500,0.761117788462
42000,0.766626602564
42500,0.773838141026
43000,0.761618589744
43500,0.773137019231
44000,0.746895032051
44500,0.759515224359
45000,0.758213141026
45500,0.749599358974
46000,0.750801282051
46500,0.757512019231
47000,0.756810897436
47500,0.762820512821
48000,0.751001602564
48500,0.757512019231
49000,0.762119391026
49500,0.761919070513
50000,0.756310096154
50500,0.745192307692
51000,0.738782051282
51500,0.743689903846
52000,0.755508814103
52500,0.751101762821
53000,0.756109775641
53500,0.75921474359
54000,0.75250400641
54500,0.761518429487
55000,0.748898237179
55500,0.755608974359
56000,0.753004807692
56500,0.754807692308
57000,0.756710737179
57500,0.752604166667
58000,0.747596153846
58500,0.742688301282
59000,0.751001602564
59500,0.741987179487
60000,0.740484775641
60500,0.740584935897
61000,0.745693108974
61500,0.734575320513
62000,0.744991987179
62500,0.739783653846
63000,0.751802884615
63500,0.733173076923
64000,0.750100160256
64500,0.745693108974
65000,0.745292467949
65500,0.747796474359
66000,0.737780448718
66500,0.749298878205
67000,0.74609375
67500,0.739883814103
68000,0.741586538462
68500,0.749098557692
69000,0.741686698718
69500,0.740284455128
70000,0.744991987179
70500,0.737880608974
71000,0.744190705128
71500,0.753806089744
72000,0.741686698718
72500,0.737079326923
73000,0.740885416667
73500,0.747095352564
74000,0.735076121795
74500,0.735476762821
75000,0.744991987179
75500,0.752604166667
76000,0.752704326923
76500,0.755608974359
77000,0.744290865385
77500,0.748096955128
78000,0.752003205128
78500,0.749599358974
79000,0.763221153846
79500,0.754507211538
80000,0.760016025641
80500,0.754907852564
81000,0.74358974359
81500,0.739783653846
82000,0.751802884615
82500,0.758713942308
83000,0.765925480769
83500,0.741185897436
84000,0.742487980769
84500,0.743890224359
85000,0.760116185897
85500,0.761217948718
86000,0.755709134615
86500,0.761818910256
87000,0.749599358974
87500,0.754507211538
88000,0.750100160256
88500,0.75390625
89000,0.755909455128
89500,0.753004807692
90000,0.745693108974
90500,0.758413461538
91000,0.753205128205
91500,0.75140224359
92000,0.759615384615
92500,0.760416666667
93000,0.751001602564
93500,0.750200320513
94000,0.749499198718
94500,0.742988782051
95000,0.745993589744
95500,0.746394230769
96000,0.754206730769
96500,0.751502403846
97000,0.745192307692
97500,0.753104967949
98000,0.750300480769
98500,0.744491185897
99000,0.750901442308
99500,0.747696314103
100000,0.753806089744
100500,0.746394230769
101000,0.7578125
101500,0.749098557692
102000,0.757111378205
102500,0.74469150641
103000,0.734975961538
103500,0.75140224359
104000,0.743990384615
104500,0.749399038462
105000,0.755608974359
105500,0.745793269231
106000,0.743189102564
106500,0.744190705128
107000,0.756009615385
107500,0.745092147436
108000,0.74469150641
108500,0.746794871795
109000,0.743289262821
109500,0.75390625
110000,0.738882211538
110500,0.747996794872
111000,0.735677083333
111500,0.725761217949
112000,0.73968349359
112500,0.713741987179
113000,0.733874198718
113500,0.744090544872
114000,0.733874198718
114500,0.738581730769
115000,0.745292467949
115500,0.749699519231
116000,0.741987179487
116500,0.742888621795
117000,0.747696314103
117500,0.748197115385
118000,0.750801282051
118500,0.748096955128
119000,0.732271634615
119500,0.746594551282
120000,0.742788461538
120500,0.748397435897
121000,0.747395833333
121500,0.753806089744
122000,0.754407051282
122500,0.752003205128
123000,0.759715544872
123500,0.745693108974
124000,0.749599358974
124500,0.749699519231
125000,0.750300480769
125500,0.733573717949
126000,0.749699519231
126500,0.74358974359
127000,0.752904647436
127500,0.746694711538
128000,0.745893429487
128500,0.734875801282
129000,0.757211538462
129500,0.749499198718
130000,0.729166666667
130500,0.73577724359
131000,0.748697916667
131500,0.740284455128
132000,0.736578525641
132500,0.740584935897
133000,0.731169871795
133500,0.736077724359
134000,0.746394230769
134500,0.733173076923
135000,0.747195512821
135500,0.737179487179
136000,0.734575320513
136500,0.73828125
137000,0.727363782051
137500,0.746694711538
138000,0.736979166667
138500,0.738481570513
139000,0.735176282051
139500,0.724959935897
140000,0.723557692308
140500,0.730268429487
141000,0.71484375
141500,0.721053685897
142000,0.72265625
142500,0.721754807692
143000,0.726362179487
143500,0.708032852564
144000,0.716646634615
144500,0.71624599359
145000,0.717748397436
145500,0.718048878205
146000,0.710236378205
146500,0.715544871795
147000,0.71624599359
147500,0.706229967949
148000,0.699819711538
148500,0.704026442308
149000,0.708133012821
149500,0.712139423077
150000,0.710336538462
150500,0.700320512821
151000,0.700420673077
151500,0.710737179487
152000,0.706330128205
152500,0.716145833333
153000,0.715645032051
153500,0.706430288462
154000,0.700921474359
154500,0.70843349359
155000,0.706129807692
155500,0.707732371795
156000,0.705228365385
156500,0.709134615385
157000,0.703325320513
157500,0.706029647436
158000,0.706530448718
158500,0.702223557692
159000,0.704126602564
159500,0.70452724359
160000,0.71484375
160500,0.701522435897
161000,0.703725961538
161500,0.704927884615
162000,0.712139423077
162500,0.700520833333
163000,0.706931089744
163500,0.703125
164000,0.703225160256
164500,0.708333333333
165000,0.702123397436
165500,0.709334935897
166000,0.705729166667
166500,0.702924679487
167000,0.697015224359
167500,0.704326923077
168000,0.700420673077
168500,0.702524038462
