500,0.217648237179
1000,0.282952724359
1500,0.303585737179
2000,0.366686698718
2500,0.436698717949
3000,0.463241185897
3500,0.540564903846
4000,0.589643429487
4500,0.594851762821
5000,0.585136217949
5500,0.626602564103
6000,0.631810897436
6500,0.646534455128
7000,0.647736378205
7500,0.611077724359
8000,0.612680288462
8500,0.615084134615
9000,0.608673878205
9500,0.594250801282
10000,0.591145833333
10500,0.559795673077
11000,0.559395032051
11500,0.565805288462
12000,0.561798878205
12500,0.575821314103
13000,0.551582532051
13500,0.565805288462
14000,0.572716346154
14500,0.571013621795
15000,0.584034455128
15500,0.568409455128
16000,0.587439903846
16500,0.581229967949
17000,0.59124599359
17500,0.592848557692
18000,0.593249198718
18500,0.593649839744
19000,0.597455929487
19500,0.593149038462
20000,0.603265224359
20500,0.604767628205
21000,0.603265224359
21500,0.605568910256
22000,0.612580128205
22500,0.598056891026
23000,0.609074519231
23500,0.611177884615
24000,0.59905849359
24500,0.612780448718
25000,0.602664262821
25500,0.609875801282
26000,0.601262019231
26500,0.604567307692
27000,0.598557692308
27500,0.606470352564
28000,0.611077724359
28500,0.610176282051
29000,0.611077724359
29500,0.609174679487
30000,0.612980769231
30500,0.604767628205
31000,0.610176282051
31500,0.604967948718
32000,0.60016025641
32500,0.601462339744
33000,0.57952724359
33500,0.602764423077
34000,0.605268429487
34500,0.605268429487
35000,0.598157051282
35500,0.604166666667
36000,0.598257211538
36500,0.601061698718
37000,0.591045673077
37500,0.591947115385
38000,0.593549679487
38500,0.596053685897
39000,0.580729166667
39500,0.595452724359
40000,0.576622596154
40500,0.582732371795
41000,0.564903846154
41500,0.581229967949
42000,0.566306089744
42500,0.576121794872
43000,0.566205929487
43500,0.577724358974
44000,0.571614583333
44500,0.578625801282
45000,0.57952724359
45500,0.576522435897
46000,0.573417467949
46500,0.572716346154
47000,0.559495192308
47500,0.572916666667
48000,0.584635416667
48500,0.578826121795
49000,0.582231570513
49500,0.579126602564
50000,0.597956730769
50500,0.58343349359
51000,0.578926282051
51500,0.598257211538
52000,0.596454326923
52500,0.592447916667
53000,0.591546474359
53500,0.589443108974
54000,0.58984375
54500,0.594551282051
55000,0.592848557692
55500,0.580829326923
56000,0.588541666667
56500,0.593449519231
57000,0.593850160256
57500,0.600661057692
58000,0.598557692308
58500,0.605669070513
59000,0.614483173077
59500,0.598257211538
60000,0.598557692308
60500,0.588541666667
61000,0.6015625
61500,0.587439903846
62000,0.602163461538
62500,0.596153846154
63000,0.602564102564
63500,0.601963141026
64000,0.604967948718
64500,0.597255608974
65000,0.607572115385
65500,0.607271634615
66000,0.607271634615
66500,0.600560897436
67000,0.598758012821
67500,0.609174679487
68000,0.606570512821
68500,0.599358974359
69000,0.595953525641
69500,0.609775641026
70000,0.610476762821
70500,0.612079326923
71000,0.612780448718
71500,0.608874198718
72000,0.611077724359
72500,0.607772435897
73000,0.628806089744
73500,0.610677083333
74000,0.615885416667
74500,0.617988782051
75000,0.615584935897
75500,0.610576923077
76000,0.619290865385
76500,0.612780448718
77000,0.620893429487
77500,0.616085737179
78000,0.613481570513
78500,0.618890224359
79000,0.618990384615
79500,0.622195512821
80000,0.616586538462
80500,0.618289262821
81000,0.612479967949
81500,0.616286057692
82000,0.614282852564
82500,0.617387820513
83000,0.613581730769
83500,0.614182692308
84000,0.613882211538
84500,0.610376602564
85000,0.605268429487
85500,0.617387820513
86000,0.620793269231
86500,0.618189102564
87000,0.614483173077
87500,0.609975961538
88000,0.602163461538
88500,0.617487980769
89000,0.616486378205
89500,0.621794871795
90000,0.621794871795
90500,0.620592948718
91000,0.615184294872
91500,0.61969150641
92000,0.617688301282
92500,0.610176282051
93000,0.621193910256
93500,0.613481570513
94000,0.619791666667
94500,0.629206730769
95000,0.624799679487
95500,0.624399038462
96000,0.623297275641
96500,0.621694711538
97000,0.623096955128
97500,0.617688301282
98000,0.631810897436
98500,0.62109375
99000,0.626001602564
99500,0.621494391026
100000,0.619190705128
100500,0.626302083333
101000,0.633613782051
101500,0.624699519231
102000,0.62359775641
102500,0.631109775641
103000,0.620893429487
103500,0.622095352564
104000,0.625901442308
104500,0.636017628205
105000,0.625400641026
105500,0.625701121795
106000,0.625200320513
106500,0.627003205128
107000,0.624198717949
107500,0.61969150641
108000,0.625701121795
108500,0.626502403846
109000,0.62249599359
109500,0.627303685897
110000,0.631310096154
110500,0.621193910256
111000,0.628806089744
111500,0.625801282051
112000,0.627303685897
112500,0.628405448718
113000,0.635216346154
113500,0.635216346154
114000,0.635216346154
114500,0.629507211538
115000,0.635516826923
115500,0.628605769231
116000,0.642528044872
116500,0.63922275641
117000,0.632512019231
117500,0.628205128205
118000,0.630909455128
118500,0.622395833333
119000,0.631209935897
119500,0.623397435897
120000,0.629106570513
120500,0.643930288462
121000,0.634415064103
121500,0.633513621795
122000,0.642127403846
122500,0.630608974359
123000,0.633112980769
123500,0.636818910256
124000,0.638421474359
124500,0.640224358974
125000,0.62640224359
125500,0.630408653846
126000,0.632011217949
126500,0.637920673077
127000,0.631109775641
127500,0.638221153846
128000,0.630709134615
128500,0.64453125
129000,0.639923878205
129500,0.627203525641
130000,0.630608974359
130500,0.635516826923
131000,0.639022435897
131500,0.639523237179
132000,0.637219551282
132500,0.645532852564
133000,0.641526442308
133500,0.640524839744
134000,0.632912660256
134500,0.636318108974
135000,0.64453125
135500,0.63531650641
136000,0.638621794872
136500,0.636318108974
137000,0.639623397436
137500,0.642427884615
138000,0.640024038462
138500,0.651842948718
139000,0.639322916667
139500,0.645132211538
140000,0.633413461538
140500,0.637419871795
141000,0.642628205128
141500,0.638521634615
142000,0.633814102564
142500,0.640625
143000,0.63531650641
143500,0.635116185897
144000,0.645833333333
144500,0.649038461538
145000,0.64312900641
145500,0.646133814103
146000,0.645232371795
146500,0.641927083333
147000,0.636518429487
147500,0.644130608974
148000,0.638020833333
148500,0.649338942308
149000,0.645633012821
149500,0.644230769231
150000,0.644030448718
150500,0.638421474359
151000,0.645132211538
151500,0.648036858974
152000,0.644631410256
152500,0.63922275641
153000,0.634615384615
153500,0.641426282051
154000,0.638822115385
154500,0.650741185897
155000,0.641526442308
155500,0.648036858974
156000,0.635416666667
156500,0.640124198718
157000,0.641526442308
157500,0.641726762821
158000,0.643028846154
158500,0.647936698718
159000,0.646434294872
159500,0.652544070513
160000,0.636618589744
160500,0.648737980769
161000,0.641326121795
161500,0.644631410256
162000,0.645032051282
162500,0.649338942308
163000,0.642928685897
163500,0.650741185897
164000,0.652544070513
164500,0.649939903846
165000,0.636518429487
165500,0.644831730769
166000,0.640625
166500,0.642628205128
167000,0.644330929487
167500,0.653245192308
168000,0.646534455128
168500,0.648137019231
169000,0.653946314103
169500,0.651342147436
170000,0.646033653846
170500,0.652944711538
171000,0.650841346154
171500,0.647836538462
172000,0.638321314103
172500,0.647936698718
173000,0.65484775641
173500,0.63812099359
174000,0.651241987179
174500,0.652744391026
175000,0.651141826923
175500,0.653345352564
176000,0.654146634615
176500,0.650841346154
177000,0.645833333333
177500,0.650240384615
178000,0.654246794872
178500,0.659354967949
179000,0.64312900641
179500,0.652443910256
180000,0.651241987179
180500,0.645633012821
181000,0.653946314103
181500,0.655048076923
182000,0.648737980769
182500,0.659955929487
183000,0.653345352564
183500,0.649539262821
184000,0.652644230769
184500,0.647836538462
185000,0.649238782051
185500,0.651342147436
186000,0.646935096154
186500,0.649639423077
187000,0.648838141026
187500,0.652844551282
188000,0.647435897436
188500,0.650841346154
189000,0.649639423077
189500,0.651542467949
190000,0.658453525641
190500,0.657451923077
191000,0.652243589744
191500,0.652944711538
192000,0.65374599359
192500,0.650641025641
193000,0.653846153846
193500,0.656350160256
194000,0.651842948718
194500,0.651442307692
195000,0.651742788462
195500,0.648938301282
196000,0.650641025641
196500,0.648237179487
197000,0.659755608974
197500,0.657151442308
198000,0.654747596154
198500,0.658854166667
199000,0.653946314103
199500,0.648036858974
