500,0.22516025641
1000,0.295272435897
1500,0.330128205128
2000,0.371694711538
2500,0.445412660256
3000,0.496193910256
3500,0.548076923077
4000,0.585036057692
4500,0.593048878205
5000,0.606470352564
5500,0.599459134615
6000,0.593349358974
6500,0.605268429487
7000,0.562900641026
7500,0.574118589744
8000,0.537760416667
8500,0.512920673077
9000,0.506911057692
9500,0.496394230769
10000,0.514723557692
10500,0.526342147436
11000,0.495793269231
11500,0.515925480769
12000,0.521834935897
12500,0.517628205128
13000,0.530749198718
13500,0.521434294872
14000,0.532752403846
14500,0.538661858974
15000,0.548677884615
15500,0.53265224359
16000,0.541366185897
16500,0.53125
17000,0.533052884615
17500,0.548978365385
18000,0.547976762821
18500,0.531450320513
19000,0.535456730769
19500,0.537960737179
20000,0.536959134615
20500,0.516025641026
21000,0.526342147436
21500,0.543269230769
22000,0.530248397436
22500,0.522736378205
23000,0.535556891026
23500,0.520833333333
24000,0.528044871795
24500,0.53125
25000,0.515725160256
25500,0.508513621795
26000,0.523637820513
26500,0.511919070513
27000,0.503004807692
27500,0.493489583333
28000,0.494290865385
28500,0.486778846154
29000,0.489583333333
29500,0.491987179487
30000,0.479767628205
30500,0.490284455128
31000,0.498297275641
31500,0.501201923077
32000,0.498798076923
32500,0.50140224359
33000,0.504907852564
33500,0.501802884615
34000,0.509515224359
34500,0.509415064103
35000,0.502203525641
35500,0.504006410256
36000,0.508112980769
36500,0.509615384615
37000,0.505809294872
37500,0.511618589744
38000,0.510717147436
38500,0.520833333333
39000,0.511318108974
39500,0.511217948718
40000,0.510917467949
40500,0.522435897436
41000,0.520032051282
41500,0.510216346154
42000,0.527243589744
42500,0.515524839744
43000,0.525741185897
43500,0.529647435897
44000,0.524238782051
44500,0.513621794872
45000,0.517528044872
45500,0.530749198718
46000,0.531750801282
46500,0.521233974359
47000,0.527644230769
47500,0.53265224359
48000,0.529447115385
48500,0.526642628205
49000,0.532151442308
49500,0.528445512821
50000,0.531049679487
50500,0.539663461538
51000,0.530048076923
51500,0.534154647436
52000,0.538661858974
52500,0.531550480769
53000,0.541967147436
53500,0.520633012821
54000,0.53375400641
54500,0.535657051282
55000,0.531550480769
55500,0.538461538462
56000,0.529146634615
56500,0.536157852564
57000,0.545272435897
57500,0.545172275641
58000,0.539262820513
58500,0.548477564103
59000,0.540865384615
59500,0.545272435897
60000,0.538261217949
60500,0.538661858974
61000,0.547475961538
61500,0.545973557692
62000,0.548377403846
62500,0.54827724359
63000,0.542768429487
63500,0.543269230769
64000,0.545873397436
64500,0.560096153846
65000,0.542467948718
65500,0.552884615385
66000,0.544571314103
66500,0.552984775641
67000,0.550981570513
67500,0.553385416667
68000,0.554387019231
68500,0.550881410256
69000,0.553185096154
69500,0.553385416667
70000,0.553886217949
70500,0.549579326923
71000,0.550881410256
71500,0.550580929487
72000,0.556690705128
72500,0.554186698718
73000,0.551482371795
73500,0.556790865385
74000,0.554787660256
74500,0.546173878205
75000,0.545973557692
75500,0.556390224359
76000,0.554487179487
76500,0.557391826923
77000,0.551482371795
77500,0.563802083333
78000,0.554587339744
78500,0.557792467949
79000,0.549779647436
79500,0.566907051282
80000,0.548878205128
80500,0.557091346154
81000,0.556690705128
81500,0.560997596154
82000,0.567708333333
82500,0.560997596154
83000,0.560496794872
83500,0.566005608974
84000,0.564002403846
84500,0.557692307692
85000,0.565104166667
85500,0.565504807692
86000,0.564803685897
86500,0.558894230769
87000,0.556690705128
87500,0.555388621795
88000,0.561398237179
88500,0.561798878205
89000,0.565504807692
89500,0.558393429487
90000,0.558794070513
90500,0.559395032051
91000,0.561298076923
91500,0.560797275641
92000,0.563802083333
92500,0.562900641026
93000,0.568509615385
93500,0.570412660256
94000,0.561798878205
94500,0.560596955128
95000,0.560496794872
95500,0.572015224359
96000,0.559895833333
96500,0.559695512821
97000,0.564102564103
97500,0.565404647436
98000,0.566105769231
98500,0.57171474359
99000,0.569511217949
99500,0.567207532051
100000,0.571314102564
100500,0.564102564103
101000,0.564202724359
101500,0.576021634615
102000,0.579326923077
102500,0.579427083333
103000,0.569911858974
103500,0.572916666667
104000,0.573116987179
104500,0.570713141026
105000,0.569611378205
105500,0.572516025641
106000,0.571814903846
106500,0.569811698718
107000,0.565504807692
107500,0.576021634615
108000,0.581530448718
108500,0.564403044872
109000,0.574919871795
109500,0.568108974359
110000,0.580929487179
110500,0.573317307692
111000,0.573317307692
111500,0.581129807692
112000,0.568709935897
112500,0.570212339744
113000,0.577724358974
113500,0.584134615385
114000,0.566306089744
114500,0.568008814103
115000,0.577524038462
115500,0.573818108974
116000,0.57171474359
116500,0.577423878205
117000,0.581330128205
117500,0.575721153846
118000,0.569911858974
118500,0.574118589744
119000,0.581630608974
119500,0.572916666667
120000,0.577624198718
120500,0.575320512821
121000,0.575420673077
121500,0.575120192308
122000,0.583834134615
122500,0.580729166667
123000,0.582231570513
123500,0.580428685897
124000,0.583133012821
124500,0.570012019231
125000,0.580528846154
125500,0.589142628205
126000,0.584735576923
126500,0.583333333333
127000,0.580729166667
127500,0.574519230769
128000,0.576522435897
128500,0.581229967949
129000,0.590044070513
129500,0.575220352564
130000,0.580028044872
130500,0.577924679487
131000,0.587840544872
131500,0.578625801282
132000,0.591746794872
132500,0.586738782051
133000,0.587840544872
133500,0.586338141026
134000,0.585536858974
134500,0.579026442308
135000,0.58844150641
135500,0.58343349359
136000,0.579627403846
136500,0.582632211538
137000,0.590544871795
137500,0.582532051282
138000,0.589342948718
138500,0.580829326923
139000,0.597556089744
139500,0.586939102564
140000,0.589342948718
140500,0.576422275641
141000,0.589943910256
141500,0.589042467949
142000,0.579126602564
142500,0.584835737179
143000,0.594350961538
143500,0.587840544872
144000,0.588241185897
144500,0.583133012821
145000,0.581630608974
145500,0.585637019231
146000,0.5859375
146500,0.591446314103
147000,0.58453525641
147500,0.589342948718
148000,0.589443108974
148500,0.585236378205
149000,0.587640224359
149500,0.58203125
150000,0.580128205128
150500,0.594150641026
151000,0.59375
151500,0.591145833333
152000,0.592447916667
152500,0.587239583333
153000,0.589342948718
153500,0.581931089744
154000,0.59375
154500,0.586338141026
155000,0.593649839744
155500,0.596854967949
156000,0.586838942308
156500,0.596854967949
157000,0.584835737179
157500,0.585336538462
158000,0.58844150641
158500,0.590244391026
159000,0.58844150641
159500,0.595753205128
160000,0.593149038462
160500,0.58733974359
161000,0.579326923077
161500,0.587139423077
162000,0.586939102564
162500,0.582431891026
163000,0.593149038462
163500,0.585036057692
164000,0.596554487179
164500,0.588842147436
165000,0.592147435897
165500,0.602263621795
166000,0.589643429487
166500,0.596454326923
167000,0.59625400641
167500,0.596354166667
168000,0.595452724359
168500,0.598958333333
169000,0.598056891026
169500,0.584735576923
170000,0.592147435897
170500,0.592548076923
171000,0.601662660256
171500,0.591546474359
172000,0.601462339744
172500,0.590444711538
173000,0.591846955128
173500,0.595753205128
174000,0.597255608974
174500,0.592748397436
175000,0.598457532051
175500,0.600961538462
176000,0.59625400641
176500,0.593048878205
177000,0.595653044872
177500,0.598958333333
178000,0.59765625
178500,0.590144230769
179000,0.60296474359
179500,0.594250801282
180000,0.601462339744
180500,0.597856570513
181000,0.589543269231
181500,0.588241185897
182000,0.60296474359
182500,0.599659455128
183000,0.594951923077
183500,0.592447916667
184000,0.603265224359
184500,0.586538461538
185000,0.600661057692
185500,0.596754807692
186000,0.594951923077
186500,0.594350961538
187000,0.58733974359
187500,0.60016025641
188000,0.60296474359
188500,0.600060096154
189000,0.597756410256
189500,0.594250801282
190000,0.598557692308
190500,0.603165064103
191000,0.597956730769
191500,0.596754807692
192000,0.600360576923
192500,0.602664262821
193000,0.60016025641
193500,0.590444711538
194000,0.596854967949
194500,0.594951923077
195000,0.600260416667
195500,0.597856570513
196000,0.60687099359
196500,0.593549679487
197000,0.590745192308
197500,0.591846955128
198000,0.605368589744
198500,0.600761217949
199000,0.6015625
199500,0.597756410256
