500,0.217047275641
1000,0.267427884615
1500,0.31780849359
2000,0.338641826923
2500,0.410056089744
3000,0.491987179487
3500,0.556590544872
4000,0.580528846154
4500,0.618489583333
5000,0.651442307692
5500,0.670172275641
6000,0.70062099359
6500,0.706830929487
7000,0.724859775641
7500,0.724559294872
8000,0.736278044872
8500,0.751201923077
9000,0.754306891026
9500,0.762019230769
10000,0.761318108974
10500,0.775440705128
11000,0.783453525641
11500,0.784655448718
12000,0.797175480769
12500,0.798377403846
13000,0.805588942308
13500,0.813000801282
14000,0.828926282051
14500,0.816706730769
15000,0.824118589744
15500,0.823918269231
16000,0.829326923077
16500,0.832532051282
17000,0.837439903846
17500,0.842848557692
18000,0.848357371795
18500,0.835737179487
19000,0.853064903846
19500,0.851061698718
20000,0.856770833333
20500,0.863982371795
21000,0.865885416667
21500,0.862580128205
22000,0.862479967949
22500,0.871394230769
23000,0.860476762821
23500,0.87109375
24000,0.867988782051
24500,0.869491185897
25000,0.880909455128
25500,0.872996794872
26000,0.880208333333
26500,0.870693108974
27000,0.87640224359
27500,0.871294070513
28000,0.880508814103
28500,0.884014423077
29000,0.881109775641
29500,0.884915865385
30000,0.879607371795
30500,0.872596153846
31000,0.885616987179
31500,0.885817307692
32000,0.887119391026
32500,0.890625
33000,0.879907852564
33500,0.891125801282
34000,0.885116185897
34500,0.885817307692
35000,0.887520032051
35500,0.893429487179
36000,0.884815705128
36500,0.890024038462
37000,0.892528044872
37500,0.894130608974
38000,0.885216346154
38500,0.882211538462
39000,0.891826923077
39500,0.893229166667
40000,0.884415064103
40500,0.892327724359
41000,0.891626602564
41500,0.888721955128
42000,0.890424679487
42500,0.891626602564
43000,0.894731570513
43500,0.896133814103
44000,0.899439102564
44500,0.902143429487
45000,0.898938301282
45500,0.903145032051
46000,0.903846153846
46500,0.894431089744
47000,0.891726762821
47500,0.898337339744
48000,0.898337339744
48500,0.901642628205
49000,0.903645833333
49500,0.896634615385
50000,0.901542467949
50500,0.899038461538
51000,0.898737980769
51500,0.905348557692
52000,0.90374599359
52500,0.904647435897
53000,0.902944711538
53500,0.912760416667
54000,0.908553685897
54500,0.895032051282
55000,0.899439102564
55500,0.901041666667
56000,0.901542467949
56500,0.909154647436
57000,0.903345352564
57500,0.911157852564
58000,0.905048076923
58500,0.903545673077
59000,0.897335737179
59500,0.90875400641
60000,0.898337339744
60500,0.903445512821
61000,0.904346955128
61500,0.91155849359
62000,0.902644230769
62500,0.905048076923
63000,0.916366185897
63500,0.909354967949
64000,0.907752403846
64500,0.909555288462
65000,0.909154647436
65500,0.912059294872
66000,0.908653846154
66500,0.903445512821
67000,0.913361378205
67500,0.913962339744
68000,0.908453525641
68500,0.912059294872
69000,0.909555288462
69500,0.909755608974
70000,0.90484775641
70500,0.908553685897
71000,0.917467948718
71500,0.909755608974
72000,0.917167467949
72500,0.918369391026
73000,0.909755608974
73500,0.913461538462
74000,0.914162660256
74500,0.912960737179
75000,0.915264423077
75500,0.914963942308
76000,0.91796875
76500,0.915865384615
77000,0.914162660256
77500,0.916366185897
78000,0.914463141026
78500,0.913361378205
79000,0.919871794872
79500,0.919871794872
80000,0.913661858974
80500,0.916065705128
81000,0.912359775641
81500,0.915765224359
82000,0.913361378205
82500,0.913862179487
83000,0.912259615385
83500,0.916165865385
84000,0.912359775641
84500,0.91546474359
85000,0.916065705128
85500,0.919971955128
86000,0.914362980769
86500,0.9140625
87000,0.920973557692
87500,0.920773237179
88000,0.906049679487
88500,0.916366185897
89000,0.916366185897
89500,0.916266025641
90000,0.917668269231
90500,0.919270833333
91000,0.922475961538
91500,0.916666666667
92000,0.914563301282
92500,0.916165865385
93000,0.922876602564
93500,0.920572916667
94000,0.916866987179
94500,0.921975160256
95000,0.917568108974
95500,0.918469551282
96000,0.922876602564
96500,0.919771634615
97000,0.917267628205
97500,0.91937099359
98000,0.916666666667
98500,0.91796875
99000,0.914763621795
99500,0.918469551282
100000,0.918770032051
100500,0.922075320513
101000,0.917768429487
101500,0.918169070513
102000,0.922676282051
102500,0.92047275641
103000,0.92437900641
103500,0.921774839744
104000,0.926983173077
104500,0.912960737179
105000,0.921975160256
105500,0.924979967949
106000,0.925681089744
106500,0.926582532051
107000,0.924278846154
107500,0.921474358974
108000,0.924679487179
108500,0.922375801282
109000,0.92327724359
109500,0.925881410256
110000,0.922876602564
110500,0.924178685897
111000,0.925981570513
111500,0.923377403846
112000,0.927984775641
112500,0.923377403846
113000,0.922576121795
113500,0.925681089744
114000,0.921774839744
114500,0.920673076923
115000,0.922075320513
115500,0.926682692308
116000,0.928585737179
116500,0.92578125
117000,0.924479166667
117500,0.930789262821
118000,0.925580929487
118500,0.92437900641
119000,0.92578125
119500,0.923377403846
120000,0.926782852564
120500,0.926181891026
121000,0.926883012821
121500,0.92578125
122000,0.92718349359
122500,0.926883012821
123000,0.92437900641
123500,0.927283653846
124000,0.928485576923
124500,0.924078525641
125000,0.928385416667
125500,0.9296875
126000,0.925881410256
126500,0.930188301282
127000,0.925480769231
127500,0.926482371795
128000,0.927083333333
128500,0.928685897436
129000,0.930588942308
129500,0.926582532051
130000,0.918770032051
130500,0.925180288462
131000,0.928986378205
131500,0.922876602564
132000,0.927984775641
132500,0.92578125
133000,0.922175480769
133500,0.927984775641
134000,0.93108974359
134500,0.926282051282
135000,0.927083333333
135500,0.926181891026
136000,0.92718349359
136500,0.924278846154
137000,0.929286858974
137500,0.931490384615
138000,0.930989583333
138500,0.930388621795
139000,0.934395032051
139500,0.926382211538
140000,0.932091346154
140500,0.932391826923
141000,0.930588942308
141500,0.928786057692
142000,0.924779647436
142500,0.925380608974
143000,0.931290064103
143500,0.928685897436
144000,0.926682692308
144500,0.926482371795
145000,0.927283653846
145500,0.931189903846
146000,0.928385416667
146500,0.930488782051
147000,0.928585737179
147500,0.921875
148000,0.930488782051
148500,0.933092948718
149000,0.926582532051
149500,0.931991185897
150000,0.924579326923
150500,0.928084935897
151000,0.922876602564
151500,0.931490384615
152000,0.930388621795
152500,0.930388621795
153000,0.932091346154
153500,0.930588942308
154000,0.930989583333
154500,0.931590544872
155000,0.930388621795
155500,0.930789262821
156000,0.931690705128
156500,0.934895833333
157000,0.928786057692
157500,0.931891025641
158000,0.937199519231
158500,0.938301282051
159000,0.934695512821
159500,0.934395032051
160000,0.934595352564
160500,0.929787660256
161000,0.936197916667
161500,0.930188301282
162000,0.934294871795
162500,0.933293269231
163000,0.933293269231
163500,0.92828525641
164000,0.931390224359
164500,0.930488782051
165000,0.933894230769
165500,0.931290064103
166000,0.933293269231
166500,0.929987980769
167000,0.934294871795
167500,0.931790865385
168000,0.932491987179
168500,0.937700320513
169000,0.935596955128
169500,0.936598557692
170000,0.93219150641
170500,0.932091346154
171000,0.933193108974
171500,0.939302884615
172000,0.935897435897
172500,0.934094551282
173000,0.938201121795
173500,0.936498397436
174000,0.933493589744
174500,0.934094551282
175000,0.928786057692
175500,0.928385416667
176000,0.932792467949
176500,0.933894230769
177000,0.929987980769
177500,0.931189903846
178000,0.933293269231
178500,0.932792467949
179000,0.937299679487
179500,0.933193108974
180000,0.933693910256
180500,0.932091346154
181000,0.9375
181500,0.930188301282
182000,0.933493589744
182500,0.936798878205
183000,0.934795673077
183500,0.932391826923
184000,0.94000400641
184500,0.932792467949
185000,0.937900641026
185500,0.938601762821
186000,0.935496794872
186500,0.934595352564
187000,0.936999198718
187500,0.935196314103
188000,0.936298076923
188500,0.936498397436
189000,0.937600160256
189500,0.935496794872
190000,0.936498397436
190500,0.931991185897
191000,0.936197916667
191500,0.932992788462
192000,0.93359375
192500,0.935997596154
193000,0.931991185897
193500,0.93609775641
194000,0.936798878205
194500,0.937700320513
195000,0.933894230769
195500,0.934395032051
196000,0.935697115385
196500,0.931590544872
197000,0.930588942308
197500,0.937399839744
198000,0.935396634615
198500,0.936999198718
199000,0.932892628205
199500,0.94000400641
