500,0.24469150641
1000,0.299078525641
1500,0.407952724359
2000,0.44000400641
2500,0.530448717949
3000,0.556490384615
3500,0.615885416667
4000,0.641626602564
4500,0.647435897436
5000,0.675681089744
5500,0.673177083333
6000,0.659054487179
6500,0.646133814103
7000,0.674979967949
7500,0.684895833333
8000,0.645132211538
8500,0.654246794872
9000,0.620693108974
9500,0.607872596154
10000,0.606570512821
10500,0.572616185897
11000,0.6015625
11500,0.566506410256
12000,0.587139423077
12500,0.566806891026
13000,0.564503205128
13500,0.556690705128
14000,0.581730769231
14500,0.586237980769
15000,0.576622596154
15500,0.570612980769
16000,0.603465544872
16500,0.604667467949
17000,0.58844150641
17500,0.591045673077
18000,0.593850160256
18500,0.590544871795
19000,0.568810096154
19500,0.559795673077
20000,0.547776442308
20500,0.529246794872
21000,0.557892628205
21500,0.547375801282
22000,0.558693910256
22500,0.59765625
23000,0.593349358974
23500,0.565504807692
24000,0.596754807692
24500,0.586438301282
25000,0.600560897436
25500,0.604467147436
26000,0.590745192308
26500,0.571614583333
27000,0.589543269231
27500,0.583834134615
28000,0.578826121795
28500,0.578325320513
29000,0.562600160256
29500,0.54547275641
30000,0.555789262821
30500,0.551282051282
31000,0.534455128205
31500,0.53515625
32000,0.52203525641
32500,0.527143429487
33000,0.524038461538
33500,0.51812900641
34000,0.533653846154
34500,0.528946314103
35000,0.530548878205
35500,0.534054487179
36000,0.533153044872
36500,0.544471153846
37000,0.548778044872
37500,0.537760416667
38000,0.528545673077
38500,0.542568108974
39000,0.535356570513
39500,0.539262820513
40000,0.55218349359
40500,0.552684294872
41000,0.551983173077
41500,0.54547275641
42000,0.558092948718
42500,0.546674679487
43000,0.540564903846
43500,0.564903846154
44000,0.558693910256
44500,0.550480769231
45000,0.558393429487
45500,0.551482371795
46000,0.541666666667
46500,0.567207532051
47000,0.549579326923
47500,0.556991185897
48000,0.551482371795
48500,0.552283653846
49000,0.55719150641
49500,0.558393429487
50000,0.569511217949
50500,0.560596955128
51000,0.562099358974
51500,0.552784455128
52000,0.564002403846
52500,0.557291666667
53000,0.571013621795
53500,0.573317307692
54000,0.574919871795
54500,0.566806891026
55000,0.567407852564
55500,0.563701923077
56000,0.552584134615
56500,0.564102564103
57000,0.581229967949
57500,0.580428685897
58000,0.566907051282
58500,0.575821314103
59000,0.575821314103
59500,0.583934294872
60000,0.578826121795
60500,0.585236378205
61000,0.579026442308
61500,0.580328525641
62000,0.569811698718
62500,0.574719551282
63000,0.582331730769
63500,0.576221955128
64000,0.570412660256
64500,0.57562099359
65000,0.582231570513
65500,0.574919871795
66000,0.572516025641
66500,0.578425480769
67000,0.592447916667
67500,0.590044070513
68000,0.59234775641
68500,0.583633814103
69000,0.588741987179
69500,0.59234775641
70000,0.590144230769
70500,0.594951923077
71000,0.59234775641
71500,0.586738782051
72000,0.586338141026
72500,0.590544871795
73000,0.588241185897
73500,0.591646634615
74000,0.585737179487
74500,0.598758012821
75000,0.597856570513
75500,0.600961538462
76000,0.587640224359
76500,0.591145833333
77000,0.594551282051
77500,0.60546875
78000,0.591145833333
78500,0.603165064103
79000,0.588241185897
79500,0.595252403846
80000,0.593048878205
80500,0.595653044872
81000,0.605669070513
81500,0.583032852564
82000,0.598056891026
82500,0.595653044872
83000,0.602363782051
83500,0.596854967949
84000,0.592247596154
84500,0.599659455128
85000,0.59234775641
85500,0.583333333333
86000,0.597956730769
86500,0.603665865385
87000,0.601662660256
87500,0.590945512821
88000,0.590344551282
88500,0.595552884615
89000,0.612580128205
89500,0.595753205128
90000,0.60406650641
90500,0.600460737179
91000,0.600360576923
91500,0.600961538462
92000,0.604567307692
92500,0.603966346154
93000,0.601362179487
93500,0.603665865385
94000,0.606971153846
94500,0.597255608974
95000,0.600360576923
95500,0.601963141026
96000,0.601762820513
96500,0.604266826923
97000,0.609074519231
97500,0.599659455128
98000,0.616786858974
98500,0.593549679487
99000,0.610476762821
99500,0.603866185897
100000,0.610977564103
100500,0.607071314103
101000,0.603165064103
101500,0.610977564103
102000,0.604567307692
102500,0.604767628205
103000,0.602163461538
103500,0.604166666667
104000,0.606570512821
104500,0.609274839744
105000,0.606670673077
105500,0.613982371795
106000,0.605669070513
106500,0.609375
107000,0.602463942308
107500,0.599158653846
108000,0.605268429487
108500,0.607371794872
109000,0.604166666667
109500,0.594851762821
110000,0.607572115385
110500,0.60546875
111000,0.608373397436
111500,0.600460737179
112000,0.612980769231
112500,0.609575320513
113000,0.607672275641
113500,0.613481570513
114000,0.619491185897
114500,0.613481570513
115000,0.617087339744
115500,0.613381410256
116000,0.60687099359
116500,0.612680288462
117000,0.611378205128
117500,0.605168269231
118000,0.619290865385
118500,0.619591346154
119000,0.605068108974
119500,0.607271634615
120000,0.61187900641
120500,0.602163461538
121000,0.609775641026
121500,0.622596153846
122000,0.61187900641
122500,0.623898237179
123000,0.617988782051
123500,0.620192307692
124000,0.622796474359
124500,0.619190705128
125000,0.624699519231
125500,0.628205128205
126000,0.618890224359
126500,0.613882211538
127000,0.61328125
127500,0.618289262821
128000,0.619290865385
128500,0.623197115385
129000,0.626702724359
129500,0.618189102564
130000,0.621193910256
130500,0.617287660256
131000,0.615084134615
131500,0.627103365385
132000,0.609475160256
132500,0.622996794872
133000,0.62640224359
133500,0.619491185897
134000,0.62109375
134500,0.626101762821
135000,0.61858974359
135500,0.625400641026
136000,0.635917467949
136500,0.613181089744
137000,0.619591346154
137500,0.629607371795
138000,0.618489583333
138500,0.626302083333
139000,0.618389423077
139500,0.620492788462
140000,0.614383012821
140500,0.62249599359
141000,0.623798076923
141500,0.626702724359
142000,0.621193910256
142500,0.626903044872
143000,0.622996794872
143500,0.620893429487
144000,0.622395833333
144500,0.626302083333
145000,0.620693108974
145500,0.626201923077
146000,0.632311698718
146500,0.618790064103
147000,0.619491185897
147500,0.622596153846
148000,0.631209935897
148500,0.622395833333
149000,0.618790064103
149500,0.619491185897
150000,0.623497596154
150500,0.621294070513
151000,0.629607371795
151500,0.621494391026
152000,0.616887019231
152500,0.620693108974
153000,0.617087339744
153500,0.617788461538
154000,0.628405448718
154500,0.621594551282
155000,0.61328125
155500,0.628605769231
156000,0.626502403846
156500,0.623197115385
157000,0.619891826923
157500,0.625701121795
158000,0.620492788462
158500,0.630208333333
159000,0.624399038462
159500,0.622696314103
160000,0.625701121795
160500,0.611177884615
161000,0.626001602564
161500,0.631710737179
162000,0.623898237179
162500,0.61858974359
163000,0.632011217949
163500,0.62359775641
164000,0.626001602564
164500,0.636318108974
165000,0.622796474359
165500,0.618289262821
166000,0.623697916667
166500,0.623497596154
167000,0.626903044872
167500,0.624499198718
168000,0.630108173077
168500,0.633814102564
169000,0.628705929487
169500,0.637119391026
170000,0.628104967949
170500,0.627904647436
171000,0.629907852564
171500,0.636117788462
172000,0.62359775641
172500,0.632411858974
173000,0.632311698718
173500,0.632612179487
174000,0.616987179487
174500,0.62750400641
175000,0.628004807692
175500,0.626201923077
176000,0.623898237179
176500,0.632211538462
177000,0.635616987179
177500,0.631810897436
178000,0.633613782051
178500,0.636518429487
179000,0.631610576923
179500,0.630108173077
180000,0.630208333333
180500,0.637419871795
181000,0.636017628205
181500,0.631009615385
182000,0.630108173077
182500,0.638221153846
183000,0.625300480769
183500,0.635416666667
184000,0.64703525641
184500,0.634815705128
185000,0.638822115385
185500,0.631610576923
186000,0.638922275641
186500,0.631510416667
187000,0.634915865385
187500,0.652243589744
188000,0.645733173077
188500,0.633814102564
189000,0.63531650641
189500,0.639423076923
190000,0.633713942308
190500,0.633914262821
191000,0.63812099359
191500,0.628205128205
192000,0.639723557692
192500,0.634314903846
193000,0.635416666667
193500,0.630408653846
194000,0.642928685897
194500,0.639022435897
195000,0.644130608974
195500,0.64312900641
196000,0.635216346154
196500,0.641626602564
197000,0.631510416667
197500,0.636618589744
198000,0.63671875
198500,0.634515224359
199000,0.63922275641
199500,0.639523237179
