500,0.257311698718
1000,0.302584134615
1500,0.368389423077
2000,0.435797275641
2500,0.464943910256
3000,0.51031650641
3500,0.565805288462
4000,0.574919871795
4500,0.540064102564
5000,0.546774839744
5500,0.530548878205
6000,0.501502403846
6500,0.462239583333
7000,0.491085737179
7500,0.496494391026
8000,0.514122596154
8500,0.512620192308
9000,0.506510416667
9500,0.515925480769
10000,0.513922275641
10500,0.496895032051
11000,0.506209935897
11500,0.516826923077
12000,0.538461538462
12500,0.508513621795
13000,0.52734375
13500,0.536458333333
14000,0.515124198718
14500,0.499499198718
15000,0.525340544872
15500,0.530448717949
16000,0.527544070513
16500,0.514322916667
17000,0.522435897436
17500,0.523637820513
18000,0.539162660256
18500,0.529747596154
19000,0.516426282051
19500,0.511318108974
20000,0.512620192308
20500,0.510917467949
21000,0.516526442308
21500,0.50530849359
22000,0.516626602564
22500,0.535356570513
23000,0.526442307692
23500,0.526241987179
24000,0.539863782051
24500,0.552884615385
25000,0.552584134615
25500,0.555689102564
26000,0.522936698718
26500,0.540064102564
27000,0.532952724359
27500,0.530649038462
28000,0.544571314103
28500,0.538862179487
29000,0.540765224359
29500,0.550180288462
30000,0.558193108974
30500,0.535857371795
31000,0.543569711538
31500,0.554587339744
32000,0.538762019231
32500,0.538161057692
33000,0.544571314103
33500,0.558293269231
34000,0.564603365385
34500,0.55608974359
35000,0.564603365385
35500,0.561197916667
36000,0.561798878205
36500,0.561798878205
37000,0.572115384615
37500,0.56390224359
38000,0.569811698718
38500,0.573217147436
39000,0.573818108974
39500,0.567508012821
40000,0.574318910256
40500,0.574819711538
41000,0.580428685897
41500,0.579827724359
42000,0.589142628205
42500,0.585637019231
43000,0.585536858974
43500,0.603064903846
44000,0.594751602564
44500,0.602664262821
45000,0.604366987179
45500,0.600360576923
46000,0.617087339744
46500,0.593950320513
47000,0.595452724359
47500,0.597455929487
48000,0.594050480769
48500,0.600360576923
49000,0.588341346154
49500,0.573918269231
50000,0.588641826923
50500,0.580028044872
51000,0.590144230769
51500,0.589242788462
52000,0.591346153846
52500,0.5859375
53000,0.6015625
53500,0.591045673077
54000,0.592447916667
54500,0.592247596154
55000,0.597556089744
55500,0.590044070513
56000,0.589643429487
56500,0.599459134615
57000,0.587840544872
57500,0.599258814103
58000,0.594951923077
58500,0.589943910256
59000,0.590144230769
59500,0.585536858974
60000,0.58733974359
60500,0.602063301282
61000,0.603465544872
61500,0.605068108974
62000,0.606971153846
62500,0.600460737179
63000,0.602564102564
63500,0.599959935897
64000,0.600360576923
64500,0.583133012821
65000,0.601262019231
65500,0.608874198718
66000,0.606069711538
66500,0.607071314103
67000,0.614383012821
67500,0.613681891026
68000,0.618289262821
68500,0.606370192308
69000,0.614583333333
69500,0.627403846154
70000,0.614483173077
70500,0.609675480769
71000,0.613481570513
71500,0.615184294872
72000,0.606570512821
72500,0.607171474359
73000,0.600260416667
73500,0.608673878205
74000,0.608774038462
74500,0.608974358974
75000,0.614583333333
75500,0.605969551282
76000,0.604366987179
76500,0.609675480769
77000,0.608774038462
77500,0.603165064103
78000,0.624599358974
78500,0.636418269231
79000,0.637219551282
79500,0.617688301282
80000,0.630909455128
80500,0.633112980769
81000,0.637219551282
81500,0.626302083333
82000,0.637820512821
82500,0.638822115385
83000,0.622896634615
83500,0.622996794872
84000,0.633914262821
84500,0.616887019231
85000,0.628104967949
85500,0.616085737179
86000,0.618389423077
86500,0.622896634615
87000,0.616286057692
87500,0.614483173077
88000,0.603064903846
88500,0.603565705128
89000,0.611979166667
89500,0.606169871795
90000,0.609174679487
90500,0.6171875
91000,0.621694711538
91500,0.621694711538
92000,0.615885416667
92500,0.611979166667
93000,0.59905849359
93500,0.614883814103
94000,0.614883814103
94500,0.610276442308
95000,0.61858974359
95500,0.613181089744
96000,0.617387820513
96500,0.604467147436
97000,0.622095352564
97500,0.618289262821
98000,0.623798076923
98500,0.615685096154
99000,0.607772435897
99500,0.620192307692
100000,0.629707532051
100500,0.616887019231
101000,0.621394230769
101500,0.621193910256
102000,0.625300480769
102500,0.616887019231
103000,0.622596153846
103500,0.612479967949
104000,0.612780448718
104500,0.609775641026
105000,0.618389423077
105500,0.614082532051
106000,0.621594551282
106500,0.625100160256
107000,0.623998397436
107500,0.617387820513
108000,0.620292467949
108500,0.612580128205
109000,0.623998397436
109500,0.618489583333
110000,0.610276442308
110500,0.617387820513
111000,0.621394230769
111500,0.629607371795
112000,0.626802884615
112500,0.605168269231
113000,0.614483173077
113500,0.617788461538
114000,0.610977564103
114500,0.613481570513
115000,0.612479967949
115500,0.62249599359
116000,0.618689903846
116500,0.623096955128
117000,0.623497596154
117500,0.624799679487
118000,0.628405448718
118500,0.619190705128
119000,0.620993589744
119500,0.634915865385
120000,0.62359775641
120500,0.629106570513
121000,0.627804487179
121500,0.633613782051
122000,0.63531650641
122500,0.633213141026
123000,0.634415064103
123500,0.651041666667
124000,0.636618589744
124500,0.627103365385
125000,0.631209935897
125500,0.636117788462
126000,0.632612179487
126500,0.647736378205
127000,0.645733173077
127500,0.649539262821
128000,0.640224358974
128500,0.642327724359
129000,0.643529647436
129500,0.646133814103
130000,0.648838141026
130500,0.633513621795
131000,0.641225961538
131500,0.651642628205
132000,0.648737980769
132500,0.649238782051
133000,0.646534455128
133500,0.652644230769
134000,0.663661858974
134500,0.649939903846
135000,0.654246794872
135500,0.639122596154
136000,0.635717147436
136500,0.641826923077
137000,0.642127403846
137500,0.639423076923
138000,0.649138621795
138500,0.645032051282
139000,0.644230769231
139500,0.642628205128
140000,0.654146634615
140500,0.651642628205
141000,0.649238782051
141500,0.652944711538
142000,0.658253205128
142500,0.646534455128
143000,0.651742788462
143500,0.657852564103
144000,0.659655448718
144500,0.65625
145000,0.658052884615
145500,0.651241987179
146000,0.658253205128
146500,0.650741185897
147000,0.649739583333
147500,0.653846153846
148000,0.652143429487
148500,0.657251602564
149000,0.65094150641
149500,0.647536057692
150000,0.655749198718
150500,0.651041666667
151000,0.666766826923
151500,0.658353365385
152000,0.658954326923
152500,0.653946314103
153000,0.661658653846
153500,0.661658653846
154000,0.654747596154
154500,0.65374599359
155000,0.663862179487
155500,0.662960737179
156000,0.657552083333
156500,0.641626602564
157000,0.661959134615
157500,0.664763621795
158000,0.663962339744
158500,0.667568108974
159000,0.657952724359
159500,0.65625
160000,0.664963942308
160500,0.66656650641
161000,0.661258012821
161500,0.663461538462
162000,0.667067307692
162500,0.656650641026
163000,0.656750801282
163500,0.653645833333
164000,0.661057692308
164500,0.661959134615
165000,0.667167467949
165500,0.656750801282
166000,0.663361378205
166500,0.676782852564
167000,0.674479166667
167500,0.673577724359
168000,0.657952724359
168500,0.660757211538
169000,0.661458333333
169500,0.667167467949
170000,0.662560096154
170500,0.663461538462
171000,0.671173878205
171500,0.668469551282
172000,0.662059294872
172500,0.670272435897
173000,0.66656650641
173500,0.6640625
174000,0.663060897436
174500,0.658153044872
175000,0.666766826923
175500,0.659955929487
176000,0.662059294872
176500,0.661157852564
177000,0.666165865385
177500,0.6640625
178000,0.673978365385
178500,0.670372596154
179000,0.668169070513
179500,0.676081730769
180000,0.668669871795
180500,0.665865384615
181000,0.667067307692
181500,0.668569711538
182000,0.667668269231
182500,0.670072115385
183000,0.680288461538
183500,0.680889423077
184000,0.677984775641
184500,0.677083333333
185000,0.677784455128
185500,0.667768429487
186000,0.671073717949
186500,0.670973557692
187000,0.664963942308
187500,0.662960737179
188000,0.660657051282
188500,0.660356570513
189000,0.66155849359
189500,0.672275641026
190000,0.666866987179
190500,0.663060897436
191000,0.662059294872
191500,0.651642628205
192000,0.662760416667
192500,0.664262820513
193000,0.667267628205
193500,0.666065705128
194000,0.663161057692
194500,0.670272435897
195000,0.66546474359
195500,0.668669871795
196000,0.668469551282
196500,0.651642628205
197000,0.676782852564
197500,0.672576121795
198000,0.66796875
198500,0.667868589744
199000,0.663561698718
199500,0.656951121795
