500,0.254507211538
1000,0.281750801282
1500,0.309595352564
2000,0.363080929487
2500,0.401943108974
3000,0.415164262821
3500,0.452323717949
4000,0.481069711538
4500,0.546674679487
5000,0.588141025641
5500,0.623197115385
6000,0.612980769231
6500,0.683794070513
7000,0.702524038462
7500,0.711037660256
8000,0.743890224359
8500,0.732471955128
9000,0.770232371795
9500,0.786258012821
10000,0.800180288462
10500,0.806891025641
11000,0.803485576923
11500,0.822115384615
12000,0.820012019231
12500,0.854166666667
13000,0.848257211538
13500,0.859875801282
14000,0.858072916667
14500,0.866386217949
15000,0.871594551282
15500,0.865184294872
16000,0.862980769231
16500,0.862680288462
17000,0.871794871795
17500,0.890124198718
18000,0.879907852564
18500,0.888721955128
19000,0.888621794872
19500,0.874499198718
20000,0.898036858974
20500,0.89202724359
21000,0.894731570513
21500,0.881810897436
22000,0.893429487179
22500,0.897235576923
23000,0.894631410256
23500,0.882912660256
24000,0.876302083333
24500,0.905448717949
25000,0.906550480769
25500,0.909755608974
26000,0.904947916667
26500,0.916266025641
27000,0.917868589744
27500,0.915564903846
28000,0.916466346154
28500,0.914863782051
29000,0.913060897436
29500,0.916165865385
30000,0.920272435897
30500,0.914763621795
31000,0.917367788462
31500,0.903645833333
32000,0.904547275641
32500,0.917768429487
33000,0.924078525641
33500,0.914863782051
34000,0.900841346154
34500,0.918569711538
35000,0.91155849359
35500,0.924579326923
36000,0.921674679487
36500,0.913661858974
37000,0.919971955128
37500,0.916165865385
38000,0.918269230769
38500,0.918369391026
39000,0.927083333333
39500,0.917768429487
40000,0.924278846154
40500,0.917868589744
41000,0.919671474359
41500,0.930388621795
42000,0.928084935897
42500,0.925681089744
43000,0.924479166667
43500,0.927584134615
44000,0.926282051282
44500,0.906951121795
45000,0.918669871795
45500,0.924779647436
46000,0.928786057692
46500,0.930188301282
47000,0.91656650641
47500,0.924278846154
48000,0.918369391026
48500,0.932592147436
49000,0.9296875
49500,0.920072115385
50000,0.914262820513
50500,0.937800480769
51000,0.901542467949
51500,0.918569711538
52000,0.9296875
52500,0.923076923077
53000,0.914262820513
53500,0.927584134615
54000,0.933994391026
54500,0.911959134615
55000,0.927884615385
55500,0.926582532051
56000,0.926983173077
56500,0.928585737179
57000,0.9296875
57500,0.925180288462
58000,0.930088141026
58500,0.935596955128
59000,0.93609775641
59500,0.938301282051
60000,0.931690705128
60500,0.935897435897
61000,0.928585737179
61500,0.936298076923
62000,0.932992788462
62500,0.939002403846
63000,0.934495192308
63500,0.925981570513
64000,0.933493589744
64500,0.931991185897
65000,0.926883012821
65500,0.927984775641
66000,0.935496794872
66500,0.933794070513
67000,0.938701923077
67500,0.938301282051
68000,0.939002403846
68500,0.938301282051
69000,0.939202724359
69500,0.940705128205
70000,0.928084935897
70500,0.940805288462
71000,0.934895833333
71500,0.935697115385
72000,0.931290064103
72500,0.923076923077
73000,0.923778044872
73500,0.933193108974
74000,0.926081730769
74500,0.923577724359
75000,0.931790865385
75500,0.942007211538
76000,0.941907051282
76500,0.945212339744
77000,0.941706730769
77500,0.93108974359
78000,0.927283653846
78500,0.929887820513
79000,0.932291666667
79500,0.937299679487
80000,0.937299679487
80500,0.931390224359
81000,0.944711538462
81500,0.942508012821
82000,0.941105769231
82500,0.935596955128
83000,0.936899038462
83500,0.928685897436
84000,0.94280849359
84500,0.939102564103
85000,0.944911858974
85500,0.943709935897
86000,0.926983173077
86500,0.93499599359
87000,0.941907051282
87500,0.940705128205
88000,0.939903846154
88500,0.935697115385
89000,0.941105769231
89500,0.912560096154
90000,0.939102564103
90500,0.938802083333
91000,0.927283653846
91500,0.936999198718
92000,0.933193108974
92500,0.936298076923
93000,0.94391025641
93500,0.934094551282
94000,0.936899038462
94500,0.946314102564
95000,0.942207532051
95500,0.944711538462
96000,0.939102564103
96500,0.947916666667
97000,0.939503205128
97500,0.943209134615
98000,0.938701923077
98500,0.948317307692
99000,0.921274038462
99500,0.927083333333
100000,0.939703525641
100500,0.941005608974
101000,0.94000400641
101500,0.943609775641
102000,0.937600160256
102500,0.937900641026
103000,0.945713141026
103500,0.944511217949
104000,0.943810096154
104500,0.946314102564
105000,0.948217147436
105500,0.943810096154
106000,0.939102564103
106500,0.942708333333
107000,0.941306089744
107500,0.947015224359
108000,0.941306089744
108500,0.944811698718
109000,0.938601762821
109500,0.945612980769
110000,0.939903846154
110500,0.948217147436
111000,0.943108974359
111500,0.944711538462
112000,0.944110576923
112500,0.945412660256
113000,0.93499599359
113500,0.945012019231
114000,0.947516025641
114500,0.950921474359
115000,0.949819711538
115500,0.943309294872
116000,0.948317307692
116500,0.948317307692
117000,0.928585737179
117500,0.944310897436
118000,0.939002403846
118500,0.944711538462
119000,0.951322115385
119500,0.947315705128
120000,0.9453125
120500,0.945112179487
121000,0.946414262821
121500,0.944210737179
122000,0.945713141026
122500,0.948717948718
123000,0.945212339744
123500,0.946514423077
124000,0.948517628205
124500,0.949519230769
125000,0.946614583333
125500,0.950721153846
126000,0.948517628205
126500,0.949619391026
127000,0.945612980769
127500,0.942708333333
128000,0.950520833333
128500,0.939703525641
129000,0.936999198718
129500,0.94140625
130000,0.948317307692
130500,0.950220352564
131000,0.947315705128
131500,0.948317307692
132000,0.942608173077
132500,0.943810096154
133000,0.946814903846
133500,0.939102564103
134000,0.936498397436
134500,0.944010416667
135000,0.950120192308
135500,0.948617788462
136000,0.941806891026
136500,0.941105769231
137000,0.942508012821
137500,0.953125
138000,0.946915064103
138500,0.938802083333
139000,0.949118589744
139500,0.952624198718
140000,0.950821314103
140500,0.950020032051
141000,0.951121794872
141500,0.948217147436
142000,0.952423878205
142500,0.954126602564
143000,0.953826121795
143500,0.94781650641
144000,0.952624198718
144500,0.954126602564
145000,0.951822916667
145500,0.950320512821
146000,0.950220352564
146500,0.950921474359
147000,0.947916666667
147500,0.952524038462
148000,0.953926282051
148500,0.944110576923
149000,0.94921875
149500,0.95172275641
150000,0.950921474359
150500,0.954326923077
151000,0.949419070513
151500,0.951822916667
152000,0.959835737179
152500,0.948016826923
153000,0.937199519231
153500,0.945713141026
154000,0.949719551282
154500,0.945212339744
155000,0.950721153846
155500,0.954927884615
156000,0.953425480769
156500,0.94280849359
157000,0.941105769231
157500,0.952223557692
158000,0.950821314103
158500,0.950821314103
159000,0.950220352564
159500,0.954126602564
160000,0.947315705128
160500,0.954026442308
161000,0.954727564103
161500,0.957732371795
162000,0.939903846154
162500,0.946113782051
163000,0.953125
163500,0.949719551282
164000,0.954727564103
164500,0.944811698718
165000,0.954026442308
165500,0.953725961538
166000,0.955829326923
166500,0.954126602564
167000,0.950721153846
167500,0.949719551282
168000,0.950921474359
168500,0.955128205128
169000,0.951923076923
169500,0.953625801282
170000,0.951422275641
170500,0.954427083333
171000,0.954226762821
171500,0.951021634615
172000,0.952123397436
172500,0.951422275641
173000,0.951522435897
173500,0.948217147436
174000,0.952724358974
174500,0.953125
175000,0.956530448718
175500,0.954827724359
176000,0.954427083333
176500,0.951822916667
177000,0.95452724359
177500,0.955428685897
178000,0.957632211538
178500,0.953926282051
179000,0.944210737179
179500,0.951923076923
180000,0.939803685897
180500,0.943409455128
181000,0.958333333333
181500,0.957732371795
182000,0.956830929487
182500,0.950120192308
183000,0.952924679487
183500,0.953725961538
184000,0.958533653846
184500,0.950320512821
185000,0.952223557692
185500,0.956229967949
186000,0.954126602564
186500,0.952223557692
187000,0.95843349359
187500,0.953826121795
188000,0.946414262821
188500,0.9453125
189000,0.951622596154
189500,0.952323717949
190000,0.947115384615
190500,0.945512820513
191000,0.945012019231
191500,0.951822916667
192000,0.952624198718
192500,0.949819711538
193000,0.959835737179
193500,0.957732371795
194000,0.954927884615
194500,0.956530448718
195000,0.958633814103
195500,0.95703125
196000,0.955729166667
196500,0.949519230769
197000,0.948617788462
197500,0.952223557692
198000,0.951522435897
198500,0.947716346154
199000,0.958834134615
199500,0.954427083333
200000,0.956229967949
200500,0.958633814103
201000,0.958233173077
201500,0.952223557692
